<<<<<<< HEAD
=======
#-------------------------------------------------------------------------------
# Copyright (c) 2013 TerraFrame, Inc. All rights reserved. 
# 
# This file is part of Runway SDK(tm).
# 
# Runway SDK(tm) is free software: you can redistribute it and/or modify
# it under the terms of the GNU Lesser General Public License as
# published by the Free Software Foundation, either version 3 of the
# License, or (at your option) any later version.
# 
# Runway SDK(tm) is distributed in the hope that it will be useful, but
# WITHOUT ANY WARRANTY; without even the implied warranty of
# MERCHANTABILITY or FITNESS FOR A PARTICULAR PURPOSE.  See the
# GNU Lesser General Public License for more details.
# 
# You should have received a copy of the GNU Lesser General Public
# License along with Runway SDK(tm).  If not, see <http://www.gnu.org/licenses/>.
#-------------------------------------------------------------------------------
>>>>>>> ac74a14d84b3e01d5aba7001dc0bc6e12cfc0860
-------------------------------------------------------------------------------
Test set: com.runwaysdk.MultiThreadTestSuite_MavenTest
-------------------------------------------------------------------------------
Tests run: 13, Failures: 1, Errors: 2, Skipped: 0, Time elapsed: 137.711 sec <<< FAILURE!
testUpdateClass(com.runwaysdk.business.MultiThreadTestSuite)  Time elapsed: 3.623 sec  <<< ERROR!
com.runwaysdk.business.generation.CompilerException: Errors found during compilation:
----------
1. ERROR in /usr/share/tomcat6/.hudson/jobs/Test Runway/workspace/runwaysdk-test/src/main/java-gen/server/stub/test/generated/Collection.java (at line 177)
	com.runwaysdk.query.ValueQueryExcelExporter excelExporter = new com.runwaysdk.query.ValueQueryExcelExporter(valueQuery, "Test Sheet");
	                                                            ^^^^^^^^^^^^^^^^^^^^^^^^^^^^^^^^^^^^^^^^^^^^^^^^^^^^^^^^^^^^^^^^^^^^^^^^^
The constructor ValueQueryExcelExporter(ValueQuery, String) is undefined
----------
2. ERROR in /usr/share/tomcat6/.hudson/jobs/Test Runway/workspace/runwaysdk-test/src/main/java-gen/server/stub/test/generated/Collection.java (at line 190)
	com.runwaysdk.query.ValueQueryExcelExporter excelExporter = new com.runwaysdk.query.ValueQueryExcelExporter(valueQuery, "Test Sheet");
	                                                            ^^^^^^^^^^^^^^^^^^^^^^^^^^^^^^^^^^^^^^^^^^^^^^^^^^^^^^^^^^^^^^^^^^^^^^^^^
The constructor ValueQueryExcelExporter(ValueQuery, String) is undefined
----------
2 problems (2 errors)
	at com.runwaysdk.business.generation.EclipseCompiler.callECJ(EclipseCompiler.java:63)
	at com.runwaysdk.business.generation.EclipseCompiler.execute(EclipseCompiler.java:36)
	at com.runwaysdk.business.generation.AbstractCompiler.compileAll(AbstractCompiler.java:185)
	at com.runwaysdk.business.generation.AbstractCompiler.compileAllNoOutput(AbstractCompiler.java:168)
	at com.runwaysdk.business.generation.GenerationFacade.compileAllNoOutput(GenerationFacade.java:256)
	at com.runwaysdk.dataaccess.transaction.TransactionManagement.generateAndCompileClasses(TransactionManagement.aj:368)
	at com.runwaysdk.dataaccess.transaction.TransactionManagement.processTransaction(TransactionManagement.aj:101)
	at com.runwaysdk.dataaccess.transaction.AbstractTransactionManagement.ajc$inlineAccessMethod$com_runwaysdk_dataaccess_transaction_AbstractTransactionManagement$com_runwaysdk_dataaccess_transaction_AbstractTransactionManagement$processTransaction(AbstractTransactionManagement.aj:1)
	at com.runwaysdk.dataaccess.EntityDAO.delete_aroundBody15$advice(EntityDAO.java:871)
	at com.runwaysdk.dataaccess.EntityDAO.delete_aroundBody16(EntityDAO.java:1)
	at com.runwaysdk.dataaccess.EntityDAO.delete_aroundBody18(EntityDAO.java:1)
	at com.runwaysdk.dataaccess.EntityDAO.delete_aroundBody19$advice(EntityDAO.java:653)
	at com.runwaysdk.dataaccess.EntityDAO.delete(EntityDAO.java:1)
	at com.runwaysdk.business.MultiThreadTestSuite.testUpdateClass(MultiThreadTestSuite.java:1098)

testSessionChangeMethodWritePermissions(com.runwaysdk.business.MultiThreadTestSuite)  Time elapsed: 9.223 sec  <<< FAILURE!
junit.framework.AssertionFailedError: You do not have permission to delete [0a61u3zwxsf8d6r0synwi8tccbv1tbbr7bp28x3f2kxyv6k2l538xxd72pe1urhw].
	at junit.framework.Assert.fail(Assert.java:47)
	at com.runwaysdk.business.MultiThreadTestSuite.testSessionChangeMethodWritePermissions(MultiThreadTestSuite.java:1886)

junit.framework.TestSuite@271bb349  Time elapsed: 48.645 sec  <<< ERROR!
com.runwaysdk.business.generation.CompilerException: Errors found during compilation:
----------
1. ERROR in /usr/share/tomcat6/.hudson/jobs/Test Runway/workspace/runwaysdk-test/src/main/java-gen/server/stub/test/generated/Collection.java (at line 177)
	com.runwaysdk.query.ValueQueryExcelExporter excelExporter = new com.runwaysdk.query.ValueQueryExcelExporter(valueQuery, "Test Sheet");
	                                                            ^^^^^^^^^^^^^^^^^^^^^^^^^^^^^^^^^^^^^^^^^^^^^^^^^^^^^^^^^^^^^^^^^^^^^^^^^
The constructor ValueQueryExcelExporter(ValueQuery, String) is undefined
----------
2. ERROR in /usr/share/tomcat6/.hudson/jobs/Test Runway/workspace/runwaysdk-test/src/main/java-gen/server/stub/test/generated/Collection.java (at line 190)
	com.runwaysdk.query.ValueQueryExcelExporter excelExporter = new com.runwaysdk.query.ValueQueryExcelExporter(valueQuery, "Test Sheet");
	                                                            ^^^^^^^^^^^^^^^^^^^^^^^^^^^^^^^^^^^^^^^^^^^^^^^^^^^^^^^^^^^^^^^^^^^^^^^^^
The constructor ValueQueryExcelExporter(ValueQuery, String) is undefined
----------
2 problems (2 errors)
	at com.runwaysdk.business.generation.EclipseCompiler.callECJ(EclipseCompiler.java:63)
	at com.runwaysdk.business.generation.EclipseCompiler.execute(EclipseCompiler.java:36)
	at com.runwaysdk.business.generation.AbstractCompiler.compileAll(AbstractCompiler.java:185)
	at com.runwaysdk.business.generation.AbstractCompiler.compileAllNoOutput(AbstractCompiler.java:168)
	at com.runwaysdk.business.generation.GenerationFacade.compileAllNoOutput(GenerationFacade.java:256)
	at com.runwaysdk.dataaccess.transaction.TransactionManagement.generateAndCompileClasses(TransactionManagement.aj:368)
	at com.runwaysdk.dataaccess.transaction.TransactionManagement.processTransaction(TransactionManagement.aj:101)
	at com.runwaysdk.dataaccess.transaction.AbstractTransactionManagement.ajc$inlineAccessMethod$com_runwaysdk_dataaccess_transaction_AbstractTransactionManagement$com_runwaysdk_dataaccess_transaction_AbstractTransactionManagement$processTransaction(AbstractTransactionManagement.aj:1)
	at com.runwaysdk.business.MultiThreadTestSuite.classTearDown_aroundBody3$advice(MultiThreadTestSuite.java:871)
	at com.runwaysdk.business.MultiThreadTestSuite.classTearDown(MultiThreadTestSuite.java:1)
	at com.runwaysdk.business.MultiThreadTestSuite$1.tearDown(MultiThreadTestSuite.java:139)
	at junit.extensions.TestSetup$1.protect(TestSetup.java:20)
	at junit.framework.TestResult.runProtected(TestResult.java:124)
	at junit.extensions.TestSetup.run(TestSetup.java:23)
	at sun.reflect.NativeMethodAccessorImpl.invoke0(Native Method)
	at sun.reflect.NativeMethodAccessorImpl.invoke(NativeMethodAccessorImpl.java:57)
	at sun.reflect.DelegatingMethodAccessorImpl.invoke(DelegatingMethodAccessorImpl.java:43)
	at java.lang.reflect.Method.invoke(Method.java:616)
	at org.apache.maven.surefire.junit.JUnitTestSet.execute(JUnitTestSet.java:98)
	at org.apache.maven.surefire.junit.JUnit3Provider.executeTestSet(JUnit3Provider.java:107)
	at org.apache.maven.surefire.junit.JUnit3Provider.invoke(JUnit3Provider.java:84)
	at sun.reflect.NativeMethodAccessorImpl.invoke0(Native Method)
	at sun.reflect.NativeMethodAccessorImpl.invoke(NativeMethodAccessorImpl.java:57)
	at sun.reflect.DelegatingMethodAccessorImpl.invoke(DelegatingMethodAccessorImpl.java:43)
	at java.lang.reflect.Method.invoke(Method.java:616)
	at org.apache.maven.surefire.booter.ProviderFactory$ClassLoaderProxy.invoke(ProviderFactory.java:103)
	at $Proxy0.invoke(Unknown Source)
	at org.apache.maven.surefire.booter.SurefireStarter.invokeProvider(SurefireStarter.java:150)
	at org.apache.maven.surefire.booter.SurefireStarter.runSuitesInProcess(SurefireStarter.java:91)
	at org.apache.maven.surefire.booter.ForkedBooter.main(ForkedBooter.java:69)

