<?xml version="1.0" encoding="UTF-8"?>
<testrun name="JUnit Run DataAccessTest" project="runwaysdk-test" tests="1003" started="1003" failures="0" errors="26" ignored="0">
  <testsuite name="com.runwaysdk.dataaccess.DataAccessTestSuite" time="15981.716">
    <testsuite name="junit.framework.TestSuite" time="116.335">
      <testsuite name="com.runwaysdk.dataaccess.SessionMasterTestSetup" time="48.437">
        <testsuite name="TransientAttributeTest_PARENT_SESSION" time="48.437">
          <testsuite name="com.runwaysdk.dataaccess.TransientAttributeTest.1" time="48.437">
            <testsuite name="junit.framework.TestSuite" time="48.437">
              <testsuite name="com.runwaysdk.dataaccess.TransientAttributeTest" time="48.437">
                <testcase name="testCharacter" classname="com.runwaysdk.dataaccess.TransientAttributeTest" time="0.0"/>
                <testcase name="testInteger" classname="com.runwaysdk.dataaccess.TransientAttributeTest" time="0.0"/>
                <testcase name="testLong" classname="com.runwaysdk.dataaccess.TransientAttributeTest" time="0.0"/>
                <testcase name="testFloat" classname="com.runwaysdk.dataaccess.TransientAttributeTest" time="0.0"/>
                <testcase name="testDecimal" classname="com.runwaysdk.dataaccess.TransientAttributeTest" time="0.0"/>
                <testcase name="testDouble" classname="com.runwaysdk.dataaccess.TransientAttributeTest" time="0.0"/>
                <testcase name="testTime" classname="com.runwaysdk.dataaccess.TransientAttributeTest" time="0.0"/>
                <testcase name="testDate" classname="com.runwaysdk.dataaccess.TransientAttributeTest" time="0.0"/>
                <testcase name="testDateTime" classname="com.runwaysdk.dataaccess.TransientAttributeTest" time="0.0"/>
                <testcase name="testReference" classname="com.runwaysdk.dataaccess.TransientAttributeTest" time="0.0"/>
                <testcase name="testBoolean" classname="com.runwaysdk.dataaccess.TransientAttributeTest" time="0.0"/>
                <testcase name="testImmutable" classname="com.runwaysdk.dataaccess.TransientAttributeTest" time="0.0"/>
                <testcase name="testDuplicateAttributeDefinition" classname="com.runwaysdk.dataaccess.TransientAttributeTest" time="0.0"/>
                <testcase name="testDuplicateAttributeInInheritedHierarchy" classname="com.runwaysdk.dataaccess.TransientAttributeTest" time="0.0"/>
                <testcase name="testNotRequired" classname="com.runwaysdk.dataaccess.TransientAttributeTest" time="0.0"/>
                <testcase name="testNotRequiredBlankValue" classname="com.runwaysdk.dataaccess.TransientAttributeTest" time="0.0"/>
                <testcase name="testRequired" classname="com.runwaysdk.dataaccess.TransientAttributeTest" time="0.0"/>
                <testcase name="testRequiredValidateMethod" classname="com.runwaysdk.dataaccess.TransientAttributeTest" time="0.0"/>
                <testcase name="testRequiredWithBlankValue" classname="com.runwaysdk.dataaccess.TransientAttributeTest" time="0.0"/>
                <testcase name="testRequiredWithBlankValueValidateMethod" classname="com.runwaysdk.dataaccess.TransientAttributeTest" time="0.0"/>
                <testcase name="testSystem" classname="com.runwaysdk.dataaccess.TransientAttributeTest" time="0.0"/>
                <testcase name="testCharWithLongString" classname="com.runwaysdk.dataaccess.TransientAttributeTest" time="0.0"/>
                <testcase name="testCharChangeSize" classname="com.runwaysdk.dataaccess.TransientAttributeTest" time="0.0"/>
                <testcase name="testTextStoreRetrieve" classname="com.runwaysdk.dataaccess.TransientAttributeTest" time="0.0"/>
                <testcase name="testClobStoreRetrieve" classname="com.runwaysdk.dataaccess.TransientAttributeTest" time="0.0"/>
                <testcase name="testTooLongText" classname="com.runwaysdk.dataaccess.TransientAttributeTest" time="0.0"/>
                <testcase name="testCharWithEmptyString" classname="com.runwaysdk.dataaccess.TransientAttributeTest" time="0.0"/>
                <testcase name="testBooleanInvalid" classname="com.runwaysdk.dataaccess.TransientAttributeTest" time="0.0"/>
                <testcase name="testIntegerWithAlphas" classname="com.runwaysdk.dataaccess.TransientAttributeTest" time="0.0"/>
                <testcase name="testIntegerWithLargeNumber" classname="com.runwaysdk.dataaccess.TransientAttributeTest" time="0.0"/>
                <testcase name="testLongWithAlphas" classname="com.runwaysdk.dataaccess.TransientAttributeTest" time="0.0"/>
                <testcase name="testLongWithLargeNumber" classname="com.runwaysdk.dataaccess.TransientAttributeTest" time="0.0"/>
                <testcase name="testFloatWithInt" classname="com.runwaysdk.dataaccess.TransientAttributeTest" time="0.0"/>
                <testcase name="testFloatWithExponent" classname="com.runwaysdk.dataaccess.TransientAttributeTest" time="0.0"/>
                <testcase name="testFloatWithLong" classname="com.runwaysdk.dataaccess.TransientAttributeTest" time="0.0"/>
                <testcase name="testFloatWithLargeNumber" classname="com.runwaysdk.dataaccess.TransientAttributeTest" time="0.0"/>
                <testcase name="testDoubleWithInt" classname="com.runwaysdk.dataaccess.TransientAttributeTest" time="0.0"/>
                <testcase name="testDoubleWithExponent" classname="com.runwaysdk.dataaccess.TransientAttributeTest" time="0.0"/>
                <testcase name="testDoubleWithLargeExponent" classname="com.runwaysdk.dataaccess.TransientAttributeTest" time="0.0"/>
                <testcase name="testDecimalWithInt" classname="com.runwaysdk.dataaccess.TransientAttributeTest" time="0.0"/>
                <testcase name="testDecimalWithExponent" classname="com.runwaysdk.dataaccess.TransientAttributeTest" time="0.0"/>
                <testcase name="testTimeInvalid" classname="com.runwaysdk.dataaccess.TransientAttributeTest" time="0.0"/>
                <testcase name="testTimeLowerBound" classname="com.runwaysdk.dataaccess.TransientAttributeTest" time="0.0"/>
                <testcase name="testTimeUpperBound" classname="com.runwaysdk.dataaccess.TransientAttributeTest" time="0.0"/>
                <testcase name="testDateInvalid" classname="com.runwaysdk.dataaccess.TransientAttributeTest" time="0.0"/>
                <testcase name="testDateLowerBound" classname="com.runwaysdk.dataaccess.TransientAttributeTest" time="0.0"/>
                <testcase name="testDateUpperBound" classname="com.runwaysdk.dataaccess.TransientAttributeTest" time="0.0"/>
                <testcase name="testDateTimeInvalid" classname="com.runwaysdk.dataaccess.TransientAttributeTest" time="0.0"/>
                <testcase name="testDateTimeLowerBound" classname="com.runwaysdk.dataaccess.TransientAttributeTest" time="0.0"/>
                <testcase name="testDateTimeUpperBound" classname="com.runwaysdk.dataaccess.TransientAttributeTest" time="0.0"/>
                <testcase name="testSetInvalidReference" classname="com.runwaysdk.dataaccess.TransientAttributeTest" time="0.0"/>
                <testcase name="testDereferenceReference" classname="com.runwaysdk.dataaccess.TransientAttributeTest" time="0.0"/>
                <testcase name="testStruct" classname="com.runwaysdk.dataaccess.TransientAttributeTest" time="0.0"/>
                <testcase name="testDuplicateInheritedAttribute" classname="com.runwaysdk.dataaccess.TransientAttributeTest" time="0.0"/>
                <testcase name="testMaxIdentifierSize" classname="com.runwaysdk.dataaccess.TransientAttributeTest" time="0.0"/>
                <testcase name="testReferenceReferenceRelationship" classname="com.runwaysdk.dataaccess.TransientAttributeTest" time="0.0"/>
                <testcase name="testReferenceReference" classname="com.runwaysdk.dataaccess.TransientAttributeTest" time="0.0"/>
                <testcase name="testBlobWithBytes" classname="com.runwaysdk.dataaccess.TransientAttributeTest" time="0.0"/>
                <testcase name="testBlobManipulationCache" classname="com.runwaysdk.dataaccess.TransientAttributeTest" time="0.0"/>
                <testcase name="testBlobTruncateCache" classname="com.runwaysdk.dataaccess.TransientAttributeTest" time="0.0"/>
                <testcase name="testBlobChangeSize" classname="com.runwaysdk.dataaccess.TransientAttributeTest" time="0.0"/>
                <testcase name="testBlobGetBytesCache" classname="com.runwaysdk.dataaccess.TransientAttributeTest" time="0.0"/>
                <testcase name="testBlobInvalidSize" classname="com.runwaysdk.dataaccess.TransientAttributeTest" time="0.0"/>
                <testcase name="testSingle" classname="com.runwaysdk.dataaccess.TransientAttributeTest" time="0.0"/>
                <testcase name="testAddMultiple" classname="com.runwaysdk.dataaccess.TransientAttributeTest" time="0.0"/>
                <testcase name="testDefault" classname="com.runwaysdk.dataaccess.TransientAttributeTest" time="0.0"/>
                <testcase name="testAdd" classname="com.runwaysdk.dataaccess.TransientAttributeTest" time="0.0"/>
                <testcase name="testDelete" classname="com.runwaysdk.dataaccess.TransientAttributeTest" time="0.0"/>
                <testcase name="testDeleteDefault" classname="com.runwaysdk.dataaccess.TransientAttributeTest" time="0.0"/>
                <testcase name="testDeleteRequired" classname="com.runwaysdk.dataaccess.TransientAttributeTest" time="0.001"/>
                <testcase name="testAddDefault" classname="com.runwaysdk.dataaccess.TransientAttributeTest" time="0.0"/>
                <testcase name="testAddToSingle" classname="com.runwaysdk.dataaccess.TransientAttributeTest" time="0.0"/>
                <testcase name="testRepeatedAdd" classname="com.runwaysdk.dataaccess.TransientAttributeTest" time="0.0"/>
                <testcase name="testRepeatedDelete" classname="com.runwaysdk.dataaccess.TransientAttributeTest" time="0.0"/>
                <testcase name="testInvalidDelete" classname="com.runwaysdk.dataaccess.TransientAttributeTest" time="0.0"/>
                <testcase name="testInvalidAdd" classname="com.runwaysdk.dataaccess.TransientAttributeTest" time="48.434"/>
              </testsuite>
            </testsuite>
          </testsuite>
        </testsuite>
      </testsuite>
      <testsuite name="com.runwaysdk.dataaccess.SessionMasterTestSetup" time="67.898">
        <testsuite name="TransientAttributeTest_CHILD_SESSION" time="67.898">
          <testsuite name="com.runwaysdk.dataaccess.TransientAttributeTest.1" time="67.898">
            <testsuite name="junit.framework.TestSuite" time="67.898">
              <testsuite name="com.runwaysdk.dataaccess.TransientAttributeTest" time="67.898">
                <testcase name="testCharacter" classname="com.runwaysdk.dataaccess.TransientAttributeTest" time="5.942"/>
                <testcase name="testInteger" classname="com.runwaysdk.dataaccess.TransientAttributeTest" time="0.0"/>
                <testcase name="testLong" classname="com.runwaysdk.dataaccess.TransientAttributeTest" time="0.001"/>
                <testcase name="testFloat" classname="com.runwaysdk.dataaccess.TransientAttributeTest" time="0.0"/>
                <testcase name="testDecimal" classname="com.runwaysdk.dataaccess.TransientAttributeTest" time="0.0"/>
                <testcase name="testDouble" classname="com.runwaysdk.dataaccess.TransientAttributeTest" time="0.0"/>
                <testcase name="testTime" classname="com.runwaysdk.dataaccess.TransientAttributeTest" time="0.0"/>
                <testcase name="testDate" classname="com.runwaysdk.dataaccess.TransientAttributeTest" time="0.0"/>
                <testcase name="testDateTime" classname="com.runwaysdk.dataaccess.TransientAttributeTest" time="0.003"/>
                <testcase name="testReference" classname="com.runwaysdk.dataaccess.TransientAttributeTest" time="0.099"/>
                <testcase name="testBoolean" classname="com.runwaysdk.dataaccess.TransientAttributeTest" time="0.002"/>
                <testcase name="testImmutable" classname="com.runwaysdk.dataaccess.TransientAttributeTest" time="0.002"/>
                <testcase name="testDuplicateAttributeDefinition" classname="com.runwaysdk.dataaccess.TransientAttributeTest" time="0.003"/>
                <testcase name="testDuplicateAttributeInInheritedHierarchy" classname="com.runwaysdk.dataaccess.TransientAttributeTest" time="0.013"/>
                <testcase name="testNotRequired" classname="com.runwaysdk.dataaccess.TransientAttributeTest" time="0.002"/>
                <testcase name="testNotRequiredBlankValue" classname="com.runwaysdk.dataaccess.TransientAttributeTest" time="0.001"/>
                <testcase name="testRequired" classname="com.runwaysdk.dataaccess.TransientAttributeTest" time="0.002"/>
                <testcase name="testRequiredValidateMethod" classname="com.runwaysdk.dataaccess.TransientAttributeTest" time="0.003"/>
                <testcase name="testRequiredWithBlankValue" classname="com.runwaysdk.dataaccess.TransientAttributeTest" time="0.003"/>
                <testcase name="testRequiredWithBlankValueValidateMethod" classname="com.runwaysdk.dataaccess.TransientAttributeTest" time="0.003"/>
                <testcase name="testSystem" classname="com.runwaysdk.dataaccess.TransientAttributeTest" time="0.002"/>
                <testcase name="testCharWithLongString" classname="com.runwaysdk.dataaccess.TransientAttributeTest" time="0.002"/>
                <testcase name="testCharChangeSize" classname="com.runwaysdk.dataaccess.TransientAttributeTest" time="0.006"/>
                <testcase name="testTextStoreRetrieve" classname="com.runwaysdk.dataaccess.TransientAttributeTest" time="0.002"/>
                <testcase name="testClobStoreRetrieve" classname="com.runwaysdk.dataaccess.TransientAttributeTest" time="0.001"/>
                <testcase name="testTooLongText" classname="com.runwaysdk.dataaccess.TransientAttributeTest" time="0.002"/>
                <testcase name="testCharWithEmptyString" classname="com.runwaysdk.dataaccess.TransientAttributeTest" time="0.002"/>
                <testcase name="testBooleanInvalid" classname="com.runwaysdk.dataaccess.TransientAttributeTest" time="0.002"/>
                <testcase name="testIntegerWithAlphas" classname="com.runwaysdk.dataaccess.TransientAttributeTest" time="0.001"/>
                <testcase name="testIntegerWithLargeNumber" classname="com.runwaysdk.dataaccess.TransientAttributeTest" time="0.002"/>
                <testcase name="testLongWithAlphas" classname="com.runwaysdk.dataaccess.TransientAttributeTest" time="0.002"/>
                <testcase name="testLongWithLargeNumber" classname="com.runwaysdk.dataaccess.TransientAttributeTest" time="0.001"/>
                <testcase name="testFloatWithInt" classname="com.runwaysdk.dataaccess.TransientAttributeTest" time="0.002"/>
                <testcase name="testFloatWithExponent" classname="com.runwaysdk.dataaccess.TransientAttributeTest" time="0.001"/>
                <testcase name="testFloatWithLong" classname="com.runwaysdk.dataaccess.TransientAttributeTest" time="0.002"/>
                <testcase name="testFloatWithLargeNumber" classname="com.runwaysdk.dataaccess.TransientAttributeTest" time="0.002"/>
                <testcase name="testDoubleWithInt" classname="com.runwaysdk.dataaccess.TransientAttributeTest" time="0.001"/>
                <testcase name="testDoubleWithExponent" classname="com.runwaysdk.dataaccess.TransientAttributeTest" time="0.002"/>
                <testcase name="testDoubleWithLargeExponent" classname="com.runwaysdk.dataaccess.TransientAttributeTest" time="0.001"/>
                <testcase name="testDecimalWithInt" classname="com.runwaysdk.dataaccess.TransientAttributeTest" time="0.002"/>
                <testcase name="testDecimalWithExponent" classname="com.runwaysdk.dataaccess.TransientAttributeTest" time="0.001"/>
                <testcase name="testTimeInvalid" classname="com.runwaysdk.dataaccess.TransientAttributeTest" time="0.002"/>
                <testcase name="testTimeLowerBound" classname="com.runwaysdk.dataaccess.TransientAttributeTest" time="0.002"/>
                <testcase name="testTimeUpperBound" classname="com.runwaysdk.dataaccess.TransientAttributeTest" time="0.001"/>
                <testcase name="testDateInvalid" classname="com.runwaysdk.dataaccess.TransientAttributeTest" time="0.002"/>
                <testcase name="testDateLowerBound" classname="com.runwaysdk.dataaccess.TransientAttributeTest" time="0.011"/>
                <testcase name="testDateUpperBound" classname="com.runwaysdk.dataaccess.TransientAttributeTest" time="0.0"/>
                <testcase name="testDateTimeInvalid" classname="com.runwaysdk.dataaccess.TransientAttributeTest" time="0.0"/>
                <testcase name="testDateTimeLowerBound" classname="com.runwaysdk.dataaccess.TransientAttributeTest" time="0.0"/>
                <testcase name="testDateTimeUpperBound" classname="com.runwaysdk.dataaccess.TransientAttributeTest" time="0.001"/>
                <testcase name="testSetInvalidReference" classname="com.runwaysdk.dataaccess.TransientAttributeTest" time="0.092"/>
                <testcase name="testDereferenceReference" classname="com.runwaysdk.dataaccess.TransientAttributeTest" time="0.082"/>
                <testcase name="testStruct" classname="com.runwaysdk.dataaccess.TransientAttributeTest" time="0.002"/>
                <testcase name="testDuplicateInheritedAttribute" classname="com.runwaysdk.dataaccess.TransientAttributeTest" time="5.972"/>
                <testcase name="testMaxIdentifierSize" classname="com.runwaysdk.dataaccess.TransientAttributeTest" time="0.016"/>
                <testcase name="testReferenceReferenceRelationship" classname="com.runwaysdk.dataaccess.TransientAttributeTest" time="0.004"/>
                <testcase name="testReferenceReference" classname="com.runwaysdk.dataaccess.TransientAttributeTest" time="0.1"/>
                <testcase name="testBlobWithBytes" classname="com.runwaysdk.dataaccess.TransientAttributeTest" time="0.001"/>
                <testcase name="testBlobManipulationCache" classname="com.runwaysdk.dataaccess.TransientAttributeTest" time="0.002"/>
                <testcase name="testBlobTruncateCache" classname="com.runwaysdk.dataaccess.TransientAttributeTest" time="0.001"/>
                <testcase name="testBlobChangeSize" classname="com.runwaysdk.dataaccess.TransientAttributeTest" time="0.002"/>
                <testcase name="testBlobGetBytesCache" classname="com.runwaysdk.dataaccess.TransientAttributeTest" time="0.002"/>
                <testcase name="testBlobInvalidSize" classname="com.runwaysdk.dataaccess.TransientAttributeTest" time="0.002"/>
                <testcase name="testSingle" classname="com.runwaysdk.dataaccess.TransientAttributeTest" time="0.002"/>
                <testcase name="testAddMultiple" classname="com.runwaysdk.dataaccess.TransientAttributeTest" time="0.002"/>
                <testcase name="testDefault" classname="com.runwaysdk.dataaccess.TransientAttributeTest" time="0.002"/>
                <testcase name="testAdd" classname="com.runwaysdk.dataaccess.TransientAttributeTest" time="0.002"/>
                <testcase name="testDelete" classname="com.runwaysdk.dataaccess.TransientAttributeTest" time="0.002"/>
                <testcase name="testDeleteDefault" classname="com.runwaysdk.dataaccess.TransientAttributeTest" time="0.001"/>
                <testcase name="testDeleteRequired" classname="com.runwaysdk.dataaccess.TransientAttributeTest" time="0.002"/>
                <testcase name="testAddDefault" classname="com.runwaysdk.dataaccess.TransientAttributeTest" time="0.002"/>
                <testcase name="testAddToSingle" classname="com.runwaysdk.dataaccess.TransientAttributeTest" time="0.002"/>
                <testcase name="testRepeatedAdd" classname="com.runwaysdk.dataaccess.TransientAttributeTest" time="0.002"/>
                <testcase name="testRepeatedDelete" classname="com.runwaysdk.dataaccess.TransientAttributeTest" time="0.002"/>
                <testcase name="testInvalidDelete" classname="com.runwaysdk.dataaccess.TransientAttributeTest" time="0.002"/>
                <testcase name="testInvalidAdd" classname="com.runwaysdk.dataaccess.TransientAttributeTest" time="55.459"/>
              </testsuite>
            </testsuite>
          </testsuite>
        </testsuite>
      </testsuite>
    </testsuite>
    <testsuite name="Cached Tests" time="342.447">
      <testsuite name="com.runwaysdk.dataaccess.EntityMasterTestSetup" time="342.447">
        <testsuite name="Cached Tests" time="342.447">
          <testsuite name="com.runwaysdk.dataaccess.EntityAttributeTest.1" time="203.733">
            <testsuite name="junit.framework.TestSuite" time="203.733">
              <testsuite name="com.runwaysdk.dataaccess.EntityAttributeTest" time="203.733">
                <testcase name="testCharacter" classname="com.runwaysdk.dataaccess.EntityAttributeTest" time="0.101"/>
                <testcase name="testInteger" classname="com.runwaysdk.dataaccess.EntityAttributeTest" time="0.09"/>
                <testcase name="testLong" classname="com.runwaysdk.dataaccess.EntityAttributeTest" time="0.081"/>
                <testcase name="testFloat" classname="com.runwaysdk.dataaccess.EntityAttributeTest" time="0.081"/>
                <testcase name="testDecimal" classname="com.runwaysdk.dataaccess.EntityAttributeTest" time="0.09"/>
                <testcase name="testDouble" classname="com.runwaysdk.dataaccess.EntityAttributeTest" time="0.085"/>
                <testcase name="testTime" classname="com.runwaysdk.dataaccess.EntityAttributeTest" time="0.091"/>
                <testcase name="testDate" classname="com.runwaysdk.dataaccess.EntityAttributeTest" time="0.086"/>
                <testcase name="testDateTime" classname="com.runwaysdk.dataaccess.EntityAttributeTest" time="0.079"/>
                <testcase name="testReference" classname="com.runwaysdk.dataaccess.EntityAttributeTest" time="0.086"/>
                <testcase name="testBoolean" classname="com.runwaysdk.dataaccess.EntityAttributeTest" time="0.076"/>
                <testcase name="testImmutable" classname="com.runwaysdk.dataaccess.EntityAttributeTest" time="0.087"/>
                <testcase name="testNotRequired" classname="com.runwaysdk.dataaccess.EntityAttributeTest" time="0.002"/>
                <testcase name="testNotRequiredBlankValue" classname="com.runwaysdk.dataaccess.EntityAttributeTest" time="0.002"/>
                <testcase name="testRequired" classname="com.runwaysdk.dataaccess.EntityAttributeTest" time="0.107"/>
                <testcase name="testRequiredValidateMethod" classname="com.runwaysdk.dataaccess.EntityAttributeTest" time="0.0"/>
                <testcase name="testRequiredWithBlankValue" classname="com.runwaysdk.dataaccess.EntityAttributeTest" time="0.0"/>
                <testcase name="testRequiredWithBlankValueValidateMethod" classname="com.runwaysdk.dataaccess.EntityAttributeTest" time="0.0"/>
                <testcase name="testSystem" classname="com.runwaysdk.dataaccess.EntityAttributeTest" time="0.001"/>
                <testcase name="testCharWithLongString" classname="com.runwaysdk.dataaccess.EntityAttributeTest" time="0.0"/>
                <testcase name="testCharChangeSize" classname="com.runwaysdk.dataaccess.EntityAttributeTest" time="0.017"/>
                <testcase name="testTextStoreRetrieve" classname="com.runwaysdk.dataaccess.EntityAttributeTest" time="0.095"/>
                <testcase name="testClobStoreRetrieve" classname="com.runwaysdk.dataaccess.EntityAttributeTest" time="0.08"/>
                <testcase name="testTooLongText" classname="com.runwaysdk.dataaccess.EntityAttributeTest" time="0.003"/>
                <testcase name="testCharWithEmptyString" classname="com.runwaysdk.dataaccess.EntityAttributeTest" time="0.001"/>
                <testcase name="testBooleanInvalid" classname="com.runwaysdk.dataaccess.EntityAttributeTest" time="0.002"/>
                <testcase name="testIntegerWithAlphas" classname="com.runwaysdk.dataaccess.EntityAttributeTest" time="0.001"/>
                <testcase name="testIntegerWithLargeNumber" classname="com.runwaysdk.dataaccess.EntityAttributeTest" time="0.002"/>
                <testcase name="testLongWithAlphas" classname="com.runwaysdk.dataaccess.EntityAttributeTest" time="0.001"/>
                <testcase name="testLongWithLargeNumber" classname="com.runwaysdk.dataaccess.EntityAttributeTest" time="0.002"/>
                <testcase name="testFloatWithInt" classname="com.runwaysdk.dataaccess.EntityAttributeTest" time="0.001"/>
                <testcase name="testFloatWithExponent" classname="com.runwaysdk.dataaccess.EntityAttributeTest" time="0.002"/>
                <testcase name="testFloatWithLong" classname="com.runwaysdk.dataaccess.EntityAttributeTest" time="0.002"/>
                <testcase name="testFloatWithLargeNumber" classname="com.runwaysdk.dataaccess.EntityAttributeTest" time="0.001"/>
                <testcase name="testDoubleWithInt" classname="com.runwaysdk.dataaccess.EntityAttributeTest" time="0.001"/>
                <testcase name="testDoubleWithExponent" classname="com.runwaysdk.dataaccess.EntityAttributeTest" time="0.001"/>
                <testcase name="testDoubleWithLargeExponent" classname="com.runwaysdk.dataaccess.EntityAttributeTest" time="0.002"/>
                <testcase name="testDecimalWithInt" classname="com.runwaysdk.dataaccess.EntityAttributeTest" time="0.001"/>
                <testcase name="testDecimalWithExponent" classname="com.runwaysdk.dataaccess.EntityAttributeTest" time="0.002"/>
                <testcase name="testTimeInvalid" classname="com.runwaysdk.dataaccess.EntityAttributeTest" time="0.001"/>
                <testcase name="testTimeLowerBound" classname="com.runwaysdk.dataaccess.EntityAttributeTest" time="0.002"/>
                <testcase name="testTimeUpperBound" classname="com.runwaysdk.dataaccess.EntityAttributeTest" time="0.002"/>
                <testcase name="testDateInvalid" classname="com.runwaysdk.dataaccess.EntityAttributeTest" time="0.003"/>
                <testcase name="testDateLowerBound" classname="com.runwaysdk.dataaccess.EntityAttributeTest" time="0.002"/>
                <testcase name="testDateUpperBound" classname="com.runwaysdk.dataaccess.EntityAttributeTest" time="0.003"/>
                <testcase name="testDateTimeInvalid" classname="com.runwaysdk.dataaccess.EntityAttributeTest" time="0.002"/>
                <testcase name="testDateTimeLowerBound" classname="com.runwaysdk.dataaccess.EntityAttributeTest" time="0.003"/>
                <testcase name="testDateTimeUpperBound" classname="com.runwaysdk.dataaccess.EntityAttributeTest" time="0.01"/>
                <testcase name="testSetInvalidReference" classname="com.runwaysdk.dataaccess.EntityAttributeTest" time="0.095"/>
                <testcase name="testDereferenceReference" classname="com.runwaysdk.dataaccess.EntityAttributeTest" time="0.165"/>
                <testcase name="testStruct" classname="com.runwaysdk.dataaccess.EntityAttributeTest" time="0.088"/>
                <testcase name="testDuplicateInheritedAttribute" classname="com.runwaysdk.dataaccess.EntityAttributeTest" time="9.471"/>
                <testcase name="testMaxIdentifierSize" classname="com.runwaysdk.dataaccess.EntityAttributeTest" time="0.004"/>
                <testcase name="testReferenceReferenceRelationship" classname="com.runwaysdk.dataaccess.EntityAttributeTest" time="0.003"/>
                <testcase name="testReferenceReference" classname="com.runwaysdk.dataaccess.EntityAttributeTest" time="0.004"/>
                <testcase name="testBlobWithBytes" classname="com.runwaysdk.dataaccess.EntityAttributeTest" time="0.089"/>
                <testcase name="testBlobManipulationCache" classname="com.runwaysdk.dataaccess.EntityAttributeTest" time="0.0"/>
                <testcase name="testBlobTruncateCache" classname="com.runwaysdk.dataaccess.EntityAttributeTest" time="0.0"/>
                <testcase name="testBlobChangeSize" classname="com.runwaysdk.dataaccess.EntityAttributeTest" time="0.111"/>
                <testcase name="testBlobGetBytesCache" classname="com.runwaysdk.dataaccess.EntityAttributeTest" time="0.001"/>
                <testcase name="testBlobInvalidSize" classname="com.runwaysdk.dataaccess.EntityAttributeTest" time="0.002"/>
                <testcase name="testRollbackSavepointObjectState" classname="com.runwaysdk.dataaccess.EntityAttributeTest" time="0.011"/>
                <testcase name="testNotRequired_Thread" classname="com.runwaysdk.dataaccess.EntityAttributeTest" time="0.014"/>
                <testcase name="testNotRequiredBlankValue_Thread" classname="com.runwaysdk.dataaccess.EntityAttributeTest" time="0.008"/>
                <testcase name="testRequired_Thread" classname="com.runwaysdk.dataaccess.EntityAttributeTest" time="0.108"/>
                <testcase name="testRequiredValidateMethod_Thread" classname="com.runwaysdk.dataaccess.EntityAttributeTest" time="0.007"/>
                <testcase name="testRequiredWithBlankValue_Thread" classname="com.runwaysdk.dataaccess.EntityAttributeTest" time="0.027"/>
                <testcase name="testRequiredWithBlankValueValidateMethod_Thread" classname="com.runwaysdk.dataaccess.EntityAttributeTest" time="0.01"/>
                <testcase name="testImmutable_Thread" classname="com.runwaysdk.dataaccess.EntityAttributeTest" time="0.093"/>
                <testcase name="testSystem_Thread" classname="com.runwaysdk.dataaccess.EntityAttributeTest" time="0.009"/>
                <testcase name="testUnique" classname="com.runwaysdk.dataaccess.EntityAttributeTest" time="0.081"/>
                <testcase name="testUniqueFail" classname="com.runwaysdk.dataaccess.EntityAttributeTest" time="0.096"/>
                <testcase name="testUniqueGroup" classname="com.runwaysdk.dataaccess.EntityAttributeTest" time="21.506"/>
                <testcase name="testUniqueGroupTransaction" classname="com.runwaysdk.dataaccess.EntityAttributeTest" time="16.097"/>
                <testcase name="testNonUniqueGroup" classname="com.runwaysdk.dataaccess.EntityAttributeTest" time="18.493"/>
                <testcase name="testNonUniqueGroupTransaction" classname="com.runwaysdk.dataaccess.EntityAttributeTest" time="16.094"/>
                <testcase name="testMdIndexNoAttributes" classname="com.runwaysdk.dataaccess.EntityAttributeTest" time="0.112"/>
                <testcase name="testMdIndexNoAttributesTransaction" classname="com.runwaysdk.dataaccess.EntityAttributeTest" time="0.117"/>
                <testcase name="testMdIndexSetInactive" classname="com.runwaysdk.dataaccess.EntityAttributeTest" time="18.048"/>
                <testcase name="testMdIndexSetInactiveTransaction" classname="com.runwaysdk.dataaccess.EntityAttributeTest" time="15.286"/>
                <testcase name="testUniqueGroupFail" classname="com.runwaysdk.dataaccess.EntityAttributeTest" time="17.881"/>
                <testcase name="testUniqueGroupFailTransaction" classname="com.runwaysdk.dataaccess.EntityAttributeTest" time="14.451"/>
                <testcase name="testClobStoreRetrieveAfterDelete" classname="com.runwaysdk.dataaccess.EntityAttributeTest" time="0.095"/>
                <testcase name="testClobAddValuePostApply" classname="com.runwaysdk.dataaccess.EntityAttributeTest" time="0.093"/>
                <testcase name="testDecimalWithTooLargeExponent" classname="com.runwaysdk.dataaccess.EntityAttributeTest" time="0.002"/>
                <testcase name="testAddStructToClassWithInstances" classname="com.runwaysdk.dataaccess.EntityAttributeTest" time="8.699"/>
                <testcase name="testAddStructToClassWithInstancesAndApply" classname="com.runwaysdk.dataaccess.EntityAttributeTest" time="8.832"/>
                <testcase name="testNonUniqueAttribute" classname="com.runwaysdk.dataaccess.EntityAttributeTest" time="0.021"/>
                <testcase name="testRejectedBounds" classname="com.runwaysdk.dataaccess.EntityAttributeTest" time="0.001"/>
                <testcase name="testDeletedRequiredReference" classname="com.runwaysdk.dataaccess.EntityAttributeTest" time="8.832"/>
                <testcase name="testBlobManipulationDatabase" classname="com.runwaysdk.dataaccess.EntityAttributeTest" time="0.095"/>
                <testcase name="testBlobTruncateDatabase" classname="com.runwaysdk.dataaccess.EntityAttributeTest" time="0.09"/>
                <testcase name="testBlobGetBytesDatabase" classname="com.runwaysdk.dataaccess.EntityAttributeTest" time="0.084"/>
                <testcase name="testBlobAddValuePostApply" classname="com.runwaysdk.dataaccess.EntityAttributeTest" time="26.915"/>
              </testsuite>
            </testsuite>
          </testsuite>
          <testsuite name="com.runwaysdk.dataaccess.EnumerationTest.1" time="138.714">
            <testsuite name="junit.framework.TestSuite" time="138.714">
              <testsuite name="com.runwaysdk.dataaccess.EnumerationTest" time="138.714">
                <testcase name="testSingle" classname="com.runwaysdk.dataaccess.EnumerationTest" time="5.953"/>
                <testcase name="testAddMultiple" classname="com.runwaysdk.dataaccess.EnumerationTest" time="0.09"/>
                <testcase name="testDefault" classname="com.runwaysdk.dataaccess.EnumerationTest" time="0.076"/>
                <testcase name="testAdd" classname="com.runwaysdk.dataaccess.EnumerationTest" time="0.079"/>
                <testcase name="testDelete" classname="com.runwaysdk.dataaccess.EnumerationTest" time="0.082"/>
                <testcase name="testDeleteDefault" classname="com.runwaysdk.dataaccess.EnumerationTest" time="0.086"/>
                <testcase name="testDeleteRequired" classname="com.runwaysdk.dataaccess.EnumerationTest" time="0.013"/>
                <testcase name="testAddDefault" classname="com.runwaysdk.dataaccess.EnumerationTest" time="0.077"/>
                <testcase name="testAddToSingle" classname="com.runwaysdk.dataaccess.EnumerationTest" time="0.09"/>
                <testcase name="testRepeatedAdd" classname="com.runwaysdk.dataaccess.EnumerationTest" time="0.082"/>
                <testcase name="testRepeatedDelete" classname="com.runwaysdk.dataaccess.EnumerationTest" time="0.106"/>
                <testcase name="testInvalidDelete" classname="com.runwaysdk.dataaccess.EnumerationTest" time="0.122"/>
                <testcase name="testInvalidAdd" classname="com.runwaysdk.dataaccess.EnumerationTest" time="0.08"/>
                <testcase name="testGetStructEnumeration" classname="com.runwaysdk.dataaccess.EnumerationTest" time="0.084"/>
                <testcase name="testReplace" classname="com.runwaysdk.dataaccess.EnumerationTest" time="0.083"/>
                <testcase name="testReplaceNoChange" classname="com.runwaysdk.dataaccess.EnumerationTest" time="0.085"/>
                <testcase name="testReplaceSingle" classname="com.runwaysdk.dataaccess.EnumerationTest" time="0.092"/>
                <testcase name="testInvalidReplaceSingle" classname="com.runwaysdk.dataaccess.EnumerationTest" time="0.086"/>
                <testcase name="testEnumAttrToClassWithInstances" classname="com.runwaysdk.dataaccess.EnumerationTest" time="8.313"/>
                <testcase name="testDeleteAttribute" classname="com.runwaysdk.dataaccess.EnumerationTest" time="8.19"/>
                <testcase name="testUniqueAttributeEnmeration" classname="com.runwaysdk.dataaccess.EnumerationTest" time="0.015"/>
                <testcase name="testUniqueAttributeGroupEnumeration" classname="com.runwaysdk.dataaccess.EnumerationTest" time="7.944"/>
                <testcase name="testEnumerationUsesValidClass" classname="com.runwaysdk.dataaccess.EnumerationTest" time="0.006"/>
                <testcase name="testNoDuplicateEnumerationTypeName" classname="com.runwaysdk.dataaccess.EnumerationTest" time="7.557"/>
                <testcase name="testEnumerationExtendable" classname="com.runwaysdk.dataaccess.EnumerationTest" time="0.587"/>
                <testcase name="testEnumerationExtended" classname="com.runwaysdk.dataaccess.EnumerationTest" time="8.777"/>
                <testcase name="testDeleteMdEnumerationFromDeleteMasterList" classname="com.runwaysdk.dataaccess.EnumerationTest" time="20.628"/>
                <testcase name="testDeleteMdAttributeEnumerationFromDeleteMdEnumeration" classname="com.runwaysdk.dataaccess.EnumerationTest" time="69.329"/>
              </testsuite>
            </testsuite>
          </testsuite>
        </testsuite>
      </testsuite>
    </testsuite>
    <testsuite name="Not Cached Tests" time="2258.339">
      <testsuite name="com.runwaysdk.dataaccess.EntityMasterTestSetup" time="2258.323">
        <testsuite name="Not Cached Tests" time="2258.323">
          <testsuite name="com.runwaysdk.dataaccess.EntityAttributeTest.1" time="192.849">
            <testsuite name="junit.framework.TestSuite" time="192.849">
              <testsuite name="com.runwaysdk.dataaccess.EntityAttributeTest" time="192.849">
                <testcase name="testCharacter" classname="com.runwaysdk.dataaccess.EntityAttributeTest" time="0.121"/>
                <testcase name="testInteger" classname="com.runwaysdk.dataaccess.EntityAttributeTest" time="0.108"/>
                <testcase name="testLong" classname="com.runwaysdk.dataaccess.EntityAttributeTest" time="0.094"/>
                <testcase name="testFloat" classname="com.runwaysdk.dataaccess.EntityAttributeTest" time="0.113"/>
                <testcase name="testDecimal" classname="com.runwaysdk.dataaccess.EntityAttributeTest" time="0.094"/>
                <testcase name="testDouble" classname="com.runwaysdk.dataaccess.EntityAttributeTest" time="0.1"/>
                <testcase name="testTime" classname="com.runwaysdk.dataaccess.EntityAttributeTest" time="0.102"/>
                <testcase name="testDate" classname="com.runwaysdk.dataaccess.EntityAttributeTest" time="0.093"/>
                <testcase name="testDateTime" classname="com.runwaysdk.dataaccess.EntityAttributeTest" time="0.1"/>
                <testcase name="testReference" classname="com.runwaysdk.dataaccess.EntityAttributeTest" time="0.091"/>
                <testcase name="testBoolean" classname="com.runwaysdk.dataaccess.EntityAttributeTest" time="0.094"/>
                <testcase name="testImmutable" classname="com.runwaysdk.dataaccess.EntityAttributeTest" time="0.097"/>
                <testcase name="testNotRequired" classname="com.runwaysdk.dataaccess.EntityAttributeTest" time="0.001"/>
                <testcase name="testNotRequiredBlankValue" classname="com.runwaysdk.dataaccess.EntityAttributeTest" time="0.002"/>
                <testcase name="testRequired" classname="com.runwaysdk.dataaccess.EntityAttributeTest" time="0.089"/>
                <testcase name="testRequiredValidateMethod" classname="com.runwaysdk.dataaccess.EntityAttributeTest" time="0.002"/>
                <testcase name="testRequiredWithBlankValue" classname="com.runwaysdk.dataaccess.EntityAttributeTest" time="0.007"/>
                <testcase name="testRequiredWithBlankValueValidateMethod" classname="com.runwaysdk.dataaccess.EntityAttributeTest" time="0.002"/>
                <testcase name="testSystem" classname="com.runwaysdk.dataaccess.EntityAttributeTest" time="0.001"/>
                <testcase name="testCharWithLongString" classname="com.runwaysdk.dataaccess.EntityAttributeTest" time="0.002"/>
                <testcase name="testCharChangeSize" classname="com.runwaysdk.dataaccess.EntityAttributeTest" time="0.019"/>
                <testcase name="testTextStoreRetrieve" classname="com.runwaysdk.dataaccess.EntityAttributeTest" time="0.121"/>
                <testcase name="testClobStoreRetrieve" classname="com.runwaysdk.dataaccess.EntityAttributeTest" time="0.097"/>
                <testcase name="testTooLongText" classname="com.runwaysdk.dataaccess.EntityAttributeTest" time="0.008"/>
                <testcase name="testCharWithEmptyString" classname="com.runwaysdk.dataaccess.EntityAttributeTest" time="0.001"/>
                <testcase name="testBooleanInvalid" classname="com.runwaysdk.dataaccess.EntityAttributeTest" time="0.002"/>
                <testcase name="testIntegerWithAlphas" classname="com.runwaysdk.dataaccess.EntityAttributeTest" time="0.001"/>
                <testcase name="testIntegerWithLargeNumber" classname="com.runwaysdk.dataaccess.EntityAttributeTest" time="0.002"/>
                <testcase name="testLongWithAlphas" classname="com.runwaysdk.dataaccess.EntityAttributeTest" time="0.002"/>
                <testcase name="testLongWithLargeNumber" classname="com.runwaysdk.dataaccess.EntityAttributeTest" time="0.003"/>
                <testcase name="testFloatWithInt" classname="com.runwaysdk.dataaccess.EntityAttributeTest" time="0.003"/>
                <testcase name="testFloatWithExponent" classname="com.runwaysdk.dataaccess.EntityAttributeTest" time="0.002"/>
                <testcase name="testFloatWithLong" classname="com.runwaysdk.dataaccess.EntityAttributeTest" time="0.002"/>
                <testcase name="testFloatWithLargeNumber" classname="com.runwaysdk.dataaccess.EntityAttributeTest" time="0.002"/>
                <testcase name="testDoubleWithInt" classname="com.runwaysdk.dataaccess.EntityAttributeTest" time="0.002"/>
                <testcase name="testDoubleWithExponent" classname="com.runwaysdk.dataaccess.EntityAttributeTest" time="0.002"/>
                <testcase name="testDoubleWithLargeExponent" classname="com.runwaysdk.dataaccess.EntityAttributeTest" time="0.002"/>
                <testcase name="testDecimalWithInt" classname="com.runwaysdk.dataaccess.EntityAttributeTest" time="0.001"/>
                <testcase name="testDecimalWithExponent" classname="com.runwaysdk.dataaccess.EntityAttributeTest" time="0.001"/>
                <testcase name="testTimeInvalid" classname="com.runwaysdk.dataaccess.EntityAttributeTest" time="0.002"/>
                <testcase name="testTimeLowerBound" classname="com.runwaysdk.dataaccess.EntityAttributeTest" time="0.001"/>
                <testcase name="testTimeUpperBound" classname="com.runwaysdk.dataaccess.EntityAttributeTest" time="0.002"/>
                <testcase name="testDateInvalid" classname="com.runwaysdk.dataaccess.EntityAttributeTest" time="0.001"/>
                <testcase name="testDateLowerBound" classname="com.runwaysdk.dataaccess.EntityAttributeTest" time="0.001"/>
                <testcase name="testDateUpperBound" classname="com.runwaysdk.dataaccess.EntityAttributeTest" time="0.002"/>
                <testcase name="testDateTimeInvalid" classname="com.runwaysdk.dataaccess.EntityAttributeTest" time="0.001"/>
                <testcase name="testDateTimeLowerBound" classname="com.runwaysdk.dataaccess.EntityAttributeTest" time="0.001"/>
                <testcase name="testDateTimeUpperBound" classname="com.runwaysdk.dataaccess.EntityAttributeTest" time="0.002"/>
                <testcase name="testSetInvalidReference" classname="com.runwaysdk.dataaccess.EntityAttributeTest" time="0.089"/>
                <testcase name="testDereferenceReference" classname="com.runwaysdk.dataaccess.EntityAttributeTest" time="0.277"/>
                <testcase name="testStruct" classname="com.runwaysdk.dataaccess.EntityAttributeTest" time="0.096"/>
                <testcase name="testDuplicateInheritedAttribute" classname="com.runwaysdk.dataaccess.EntityAttributeTest" time="7.524"/>
                <testcase name="testMaxIdentifierSize" classname="com.runwaysdk.dataaccess.EntityAttributeTest" time="0.004"/>
                <testcase name="testReferenceReferenceRelationship" classname="com.runwaysdk.dataaccess.EntityAttributeTest" time="0.004"/>
                <testcase name="testReferenceReference" classname="com.runwaysdk.dataaccess.EntityAttributeTest" time="0.003"/>
                <testcase name="testBlobWithBytes" classname="com.runwaysdk.dataaccess.EntityAttributeTest" time="0.101"/>
                <testcase name="testBlobManipulationCache" classname="com.runwaysdk.dataaccess.EntityAttributeTest" time="0.001"/>
                <testcase name="testBlobTruncateCache" classname="com.runwaysdk.dataaccess.EntityAttributeTest" time="0.002"/>
                <testcase name="testBlobChangeSize" classname="com.runwaysdk.dataaccess.EntityAttributeTest" time="0.093"/>
                <testcase name="testBlobGetBytesCache" classname="com.runwaysdk.dataaccess.EntityAttributeTest" time="0.002"/>
                <testcase name="testBlobInvalidSize" classname="com.runwaysdk.dataaccess.EntityAttributeTest" time="0.003"/>
                <testcase name="testRollbackSavepointObjectState" classname="com.runwaysdk.dataaccess.EntityAttributeTest" time="0.009"/>
                <testcase name="testNotRequired_Thread" classname="com.runwaysdk.dataaccess.EntityAttributeTest" time="0.006"/>
                <testcase name="testNotRequiredBlankValue_Thread" classname="com.runwaysdk.dataaccess.EntityAttributeTest" time="0.004"/>
                <testcase name="testRequired_Thread" classname="com.runwaysdk.dataaccess.EntityAttributeTest" time="0.091"/>
                <testcase name="testRequiredValidateMethod_Thread" classname="com.runwaysdk.dataaccess.EntityAttributeTest" time="0.021"/>
                <testcase name="testRequiredWithBlankValue_Thread" classname="com.runwaysdk.dataaccess.EntityAttributeTest" time="0.002"/>
                <testcase name="testRequiredWithBlankValueValidateMethod_Thread" classname="com.runwaysdk.dataaccess.EntityAttributeTest" time="0.008"/>
                <testcase name="testImmutable_Thread" classname="com.runwaysdk.dataaccess.EntityAttributeTest" time="0.112"/>
                <testcase name="testSystem_Thread" classname="com.runwaysdk.dataaccess.EntityAttributeTest" time="0.003"/>
                <testcase name="testUnique" classname="com.runwaysdk.dataaccess.EntityAttributeTest" time="0.085"/>
                <testcase name="testUniqueFail" classname="com.runwaysdk.dataaccess.EntityAttributeTest" time="0.108"/>
                <testcase name="testUniqueGroup" classname="com.runwaysdk.dataaccess.EntityAttributeTest" time="18.374"/>
                <testcase name="testUniqueGroupTransaction" classname="com.runwaysdk.dataaccess.EntityAttributeTest" time="15.049"/>
                <testcase name="testNonUniqueGroup" classname="com.runwaysdk.dataaccess.EntityAttributeTest" time="18.59"/>
                <testcase name="testNonUniqueGroupTransaction" classname="com.runwaysdk.dataaccess.EntityAttributeTest" time="14.815"/>
                <testcase name="testMdIndexNoAttributes" classname="com.runwaysdk.dataaccess.EntityAttributeTest" time="0.12"/>
                <testcase name="testMdIndexNoAttributesTransaction" classname="com.runwaysdk.dataaccess.EntityAttributeTest" time="0.117"/>
                <testcase name="testMdIndexSetInactive" classname="com.runwaysdk.dataaccess.EntityAttributeTest" time="17.563"/>
                <testcase name="testMdIndexSetInactiveTransaction" classname="com.runwaysdk.dataaccess.EntityAttributeTest" time="14.526"/>
                <testcase name="testUniqueGroupFail" classname="com.runwaysdk.dataaccess.EntityAttributeTest" time="17.449"/>
                <testcase name="testUniqueGroupFailTransaction" classname="com.runwaysdk.dataaccess.EntityAttributeTest" time="13.776"/>
                <testcase name="testClobStoreRetrieveAfterDelete" classname="com.runwaysdk.dataaccess.EntityAttributeTest" time="0.089"/>
                <testcase name="testClobAddValuePostApply" classname="com.runwaysdk.dataaccess.EntityAttributeTest" time="0.101"/>
                <testcase name="testDecimalWithTooLargeExponent" classname="com.runwaysdk.dataaccess.EntityAttributeTest" time="0.002"/>
                <testcase name="testAddStructToClassWithInstances" classname="com.runwaysdk.dataaccess.EntityAttributeTest" time="8.765"/>
                <testcase name="testAddStructToClassWithInstancesAndApply" classname="com.runwaysdk.dataaccess.EntityAttributeTest" time="8.559"/>
                <testcase name="testNonUniqueAttribute" classname="com.runwaysdk.dataaccess.EntityAttributeTest" time="0.019"/>
                <testcase name="testRejectedBounds" classname="com.runwaysdk.dataaccess.EntityAttributeTest" time="0.001"/>
                <testcase name="testDeletedRequiredReference" classname="com.runwaysdk.dataaccess.EntityAttributeTest" time="8.551"/>
                <testcase name="testBlobManipulationDatabase" classname="com.runwaysdk.dataaccess.EntityAttributeTest" time="0.101"/>
                <testcase name="testBlobTruncateDatabase" classname="com.runwaysdk.dataaccess.EntityAttributeTest" time="0.1"/>
                <testcase name="testBlobGetBytesDatabase" classname="com.runwaysdk.dataaccess.EntityAttributeTest" time="0.085"/>
                <testcase name="testBlobAddValuePostApply" classname="com.runwaysdk.dataaccess.EntityAttributeTest" time="25.849"/>
              </testsuite>
            </testsuite>
          </testsuite>
          <testsuite name="com.runwaysdk.dataaccess.EnumerationTest.1" time="124.219">
            <testsuite name="junit.framework.TestSuite" time="124.219">
              <testsuite name="com.runwaysdk.dataaccess.EnumerationTest" time="124.219">
                <testcase name="testSingle" classname="com.runwaysdk.dataaccess.EnumerationTest" time="5.512"/>
                <testcase name="testAddMultiple" classname="com.runwaysdk.dataaccess.EnumerationTest" time="0.081"/>
                <testcase name="testDefault" classname="com.runwaysdk.dataaccess.EnumerationTest" time="0.097"/>
                <testcase name="testAdd" classname="com.runwaysdk.dataaccess.EnumerationTest" time="0.082"/>
                <testcase name="testDelete" classname="com.runwaysdk.dataaccess.EnumerationTest" time="0.085"/>
                <testcase name="testDeleteDefault" classname="com.runwaysdk.dataaccess.EnumerationTest" time="0.09"/>
                <testcase name="testDeleteRequired" classname="com.runwaysdk.dataaccess.EnumerationTest" time="0.007"/>
                <testcase name="testAddDefault" classname="com.runwaysdk.dataaccess.EnumerationTest" time="0.085"/>
                <testcase name="testAddToSingle" classname="com.runwaysdk.dataaccess.EnumerationTest" time="0.083"/>
                <testcase name="testRepeatedAdd" classname="com.runwaysdk.dataaccess.EnumerationTest" time="0.091"/>
                <testcase name="testRepeatedDelete" classname="com.runwaysdk.dataaccess.EnumerationTest" time="0.084"/>
                <testcase name="testInvalidDelete" classname="com.runwaysdk.dataaccess.EnumerationTest" time="0.101"/>
                <testcase name="testInvalidAdd" classname="com.runwaysdk.dataaccess.EnumerationTest" time="0.08"/>
                <testcase name="testGetStructEnumeration" classname="com.runwaysdk.dataaccess.EnumerationTest" time="0.083"/>
                <testcase name="testReplace" classname="com.runwaysdk.dataaccess.EnumerationTest" time="0.095"/>
                <testcase name="testReplaceNoChange" classname="com.runwaysdk.dataaccess.EnumerationTest" time="0.081"/>
                <testcase name="testReplaceSingle" classname="com.runwaysdk.dataaccess.EnumerationTest" time="0.081"/>
                <testcase name="testInvalidReplaceSingle" classname="com.runwaysdk.dataaccess.EnumerationTest" time="0.08"/>
                <testcase name="testEnumAttrToClassWithInstances" classname="com.runwaysdk.dataaccess.EnumerationTest" time="7.594"/>
                <testcase name="testDeleteAttribute" classname="com.runwaysdk.dataaccess.EnumerationTest" time="8.025"/>
                <testcase name="testUniqueAttributeEnmeration" classname="com.runwaysdk.dataaccess.EnumerationTest" time="0.013"/>
                <testcase name="testUniqueAttributeGroupEnumeration" classname="com.runwaysdk.dataaccess.EnumerationTest" time="8.012"/>
                <testcase name="testEnumerationUsesValidClass" classname="com.runwaysdk.dataaccess.EnumerationTest" time="0.006"/>
                <testcase name="testNoDuplicateEnumerationTypeName" classname="com.runwaysdk.dataaccess.EnumerationTest" time="7.303"/>
                <testcase name="testEnumerationExtendable" classname="com.runwaysdk.dataaccess.EnumerationTest" time="0.447"/>
                <testcase name="testEnumerationExtended" classname="com.runwaysdk.dataaccess.EnumerationTest" time="8.23"/>
                <testcase name="testDeleteMdEnumerationFromDeleteMasterList" classname="com.runwaysdk.dataaccess.EnumerationTest" time="19.317"/>
                <testcase name="testDeleteMdAttributeEnumerationFromDeleteMdEnumeration" classname="com.runwaysdk.dataaccess.EnumerationTest" time="58.373"/>
              </testsuite>
            </testsuite>
          </testsuite>
          <testsuite name="com.runwaysdk.dataaccess.RelationshipTest.1" time="391.639">
            <testsuite name="junit.framework.TestSuite" time="391.639">
              <testsuite name="com.runwaysdk.dataaccess.RelationshipTest" time="391.639">
                <testcase name="testRelationshipInvalidChildType" classname="com.runwaysdk.dataaccess.RelationshipTest" time="0.307"/>
                <testcase name="testRelationshipInvalidParentType" classname="com.runwaysdk.dataaccess.RelationshipTest" time="0.322"/>
                <testcase name="testRelationshipParentCardinality" classname="com.runwaysdk.dataaccess.RelationshipTest" time="0.359"/>
                <testcase name="testRelationshipChildCardinality" classname="com.runwaysdk.dataaccess.RelationshipTest" time="0.897"/>
                <testcase name="testRelationshipRecursion" classname="com.runwaysdk.dataaccess.RelationshipTest" time="0.8"/>
                <testcase name="testRelationshipAddParent" classname="com.runwaysdk.dataaccess.RelationshipTest" time="0.241"/>
                <testcase name="testRelationshipAddChild" classname="com.runwaysdk.dataaccess.RelationshipTest" time="0.269"/>
                <testcase name="testRelationshipDelete" classname="com.runwaysdk.dataaccess.RelationshipTest" time="0.607"/>
                <testcase name="testMdBusinessCorrectNumberOfInstances" classname="com.runwaysdk.dataaccess.RelationshipTest" time="0.814"/>
                <testcase name="testAddAttributeToMdRelationship" classname="com.runwaysdk.dataaccess.RelationshipTest" time="9.449"/>
                <testcase name="testDeleteRelationshipCascading" classname="com.runwaysdk.dataaccess.RelationshipTest" time="25.68"/>
                <testcase name="testRelationshipComposition" classname="com.runwaysdk.dataaccess.RelationshipTest" time="109.405"/>
                <testcase name="testBasicInRelationship" classname="com.runwaysdk.dataaccess.RelationshipTest" time="50.615"/>
                <testcase name="testDeleteMdRelationships" classname="com.runwaysdk.dataaccess.RelationshipTest" time="122.145"/>
                <testcase name="testRelationshipMRU" classname="com.runwaysdk.dataaccess.RelationshipTest" time="27.965"/>
                <testcase name="testRelationshipInRelationshipMappingCache" classname="com.runwaysdk.dataaccess.RelationshipTest" time="25.114"/>
                <testcase name="testRelationshipCardinalityConflictWithSuperAbstractRelationship1" classname="com.runwaysdk.dataaccess.RelationshipTest" time="0.717"/>
                <testcase name="testRelationshipCardinalityConflictWithSuperAbstractRelationship2" classname="com.runwaysdk.dataaccess.RelationshipTest" time="0.464"/>
                <testcase name="testFindValidRelationshipByParentAndChild" classname="com.runwaysdk.dataaccess.RelationshipTest" time="0.174"/>
                <testcase name="testFindInValidRelationshipByParentAndChild" classname="com.runwaysdk.dataaccess.RelationshipTest" time="0.176"/>
                <testcase name="testGetAllChildSubRelationshipInstances" classname="com.runwaysdk.dataaccess.RelationshipTest" time="0.187"/>
                <testcase name="testGetAllParentSubRelationshipInstances" classname="com.runwaysdk.dataaccess.RelationshipTest" time="0.236"/>
                <testcase name="testDuplicateParentChildForRelationship" classname="com.runwaysdk.dataaccess.RelationshipTest" time="0.565"/>
                <testcase name="testDuplicateParentChildTree" classname="com.runwaysdk.dataaccess.RelationshipTest" time="0.538"/>
                <testcase name="testRemoveAllChildren" classname="com.runwaysdk.dataaccess.RelationshipTest" time="0.668"/>
                <testcase name="testRemoveChildRelationshipInstance" classname="com.runwaysdk.dataaccess.RelationshipTest" time="0.375"/>
                <testcase name="testRemoveAllParents" classname="com.runwaysdk.dataaccess.RelationshipTest" time="0.377"/>
                <testcase name="testRemoveParentRelationshipInstance" classname="com.runwaysdk.dataaccess.RelationshipTest" time="0.36"/>
                <testcase name="testRelationshipWithInvalidChild" classname="com.runwaysdk.dataaccess.RelationshipTest" time="0.182"/>
                <testcase name="testRelationshipWithInvalidParent" classname="com.runwaysdk.dataaccess.RelationshipTest" time="11.629"/>
              </testsuite>
            </testsuite>
          </testsuite>
          <testsuite name="com.runwaysdk.dataaccess.MdRelationshipTest.1" time="210.316">
            <testsuite name="junit.framework.TestSuite" time="210.316">
              <testsuite name="com.runwaysdk.dataaccess.MdRelationshipTest" time="210.316">
                <testcase name="testNewMdRelationshipWithInvalidParentType" classname="com.runwaysdk.dataaccess.MdRelationshipTest" time="0.018"/>
                <testcase name="testNewMdRelationshipExtendsConcrete" classname="com.runwaysdk.dataaccess.MdRelationshipTest" time="22.266"/>
                <testcase name="testNewMdRelationshipInvalidClassForParentObjects" classname="com.runwaysdk.dataaccess.MdRelationshipTest" time="0.014"/>
                <testcase name="testNewMdRelationshipInvalidClassForChildObjects" classname="com.runwaysdk.dataaccess.MdRelationshipTest" time="0.012"/>
                <testcase name="testNewMdRelationshipInvalidParentCardinalityValue" classname="com.runwaysdk.dataaccess.MdRelationshipTest" time="0.009"/>
                <testcase name="testNewMdRelationshipCardinalityGreaterThanSuper1" classname="com.runwaysdk.dataaccess.MdRelationshipTest" time="0.009"/>
                <testcase name="testNewMdRelationshipCardinalityLessThanChild1" classname="com.runwaysdk.dataaccess.MdRelationshipTest" time="18.208"/>
                <testcase name="testNewMdRelationshipCardinalityLessThanChild2" classname="com.runwaysdk.dataaccess.MdRelationshipTest" time="19.235"/>
                <testcase name="testNewMdRelationshipCardinalityGreaterThanChild" classname="com.runwaysdk.dataaccess.MdRelationshipTest" time="19.947"/>
                <testcase name="testNewMdRelationshipParentCardinalityGreaterThanSuper2" classname="com.runwaysdk.dataaccess.MdRelationshipTest" time="0.01"/>
                <testcase name="testNewMdRelationshipLessThanParentCardinality1" classname="com.runwaysdk.dataaccess.MdRelationshipTest" time="16.519"/>
                <testcase name="testNewMdRelationshipLessThanParentCardinality2" classname="com.runwaysdk.dataaccess.MdRelationshipTest" time="16.402"/>
                <testcase name="testNewMdRelationshipEqualCardinalityWithParent" classname="com.runwaysdk.dataaccess.MdRelationshipTest" time="14.877"/>
                <testcase name="testNewMdRelationshipAbstractCacheEverything" classname="com.runwaysdk.dataaccess.MdRelationshipTest" time="0.013"/>
                <testcase name="testExtendMdRelationshipWithMdGraph" classname="com.runwaysdk.dataaccess.MdRelationshipTest" time="0.01"/>
                <testcase name="testExtendMdRelationshipWithMdTree" classname="com.runwaysdk.dataaccess.MdRelationshipTest" time="0.009"/>
                <testcase name="testExtendMdGraphWithMdRelationship" classname="com.runwaysdk.dataaccess.MdRelationshipTest" time="0.009"/>
                <testcase name="testExtendMdGraphWithMdTree" classname="com.runwaysdk.dataaccess.MdRelationshipTest" time="0.009"/>
                <testcase name="testExtendMdTreeWithMdRelationship" classname="com.runwaysdk.dataaccess.MdRelationshipTest" time="0.008"/>
                <testcase name="testExtendMdTreeWithMdGraph" classname="com.runwaysdk.dataaccess.MdRelationshipTest" time="0.008"/>
                <testcase name="testDuplicateParentMethod" classname="com.runwaysdk.dataaccess.MdRelationshipTest" time="0.008"/>
                <testcase name="testParentMethod" classname="com.runwaysdk.dataaccess.MdRelationshipTest" time="16.994"/>
                <testcase name="testDuplicateChildMethod" classname="com.runwaysdk.dataaccess.MdRelationshipTest" time="0.012"/>
                <testcase name="testChildMethod" classname="com.runwaysdk.dataaccess.MdRelationshipTest" time="17.207"/>
                <testcase name="testSortOrder" classname="com.runwaysdk.dataaccess.MdRelationshipTest" time="0.012"/>
                <testcase name="testComponentParent" classname="com.runwaysdk.dataaccess.MdRelationshipTest" time="0.014"/>
                <testcase name="testComponentChild" classname="com.runwaysdk.dataaccess.MdRelationshipTest" time="48.476"/>
              </testsuite>
            </testsuite>
          </testsuite>
          <testsuite name="com.runwaysdk.dataaccess.MdAttributeTest.1" time="96.857">
            <testsuite name="junit.framework.TestSuite" time="96.857">
              <testsuite name="com.runwaysdk.dataaccess.MdAttributeTest" time="96.857">
                <testcase name="testAttribute_Add_Delete_Add_Enum_in_transaction" classname="com.runwaysdk.dataaccess.MdAttributeTest" time="22.751"/>
                <testcase name="testAttribute_Add_Delete_Add_Delete_in_transaction" classname="com.runwaysdk.dataaccess.MdAttributeTest" time="8.076"/>
                <testcase name="testAttribute_Add_Delete_Add_in_transaction" classname="com.runwaysdk.dataaccess.MdAttributeTest" time="14.252"/>
                <testcase name="testAttribute_Add_Delete_Add_in_transaction_customColumn" classname="com.runwaysdk.dataaccess.MdAttributeTest" time="16.404"/>
                <testcase name="testAttribute_Add_Delete_Add_in_transaction_rollback" classname="com.runwaysdk.dataaccess.MdAttributeTest" time="14.291"/>
                <testcase name="testNewAttributeChangeIndexType" classname="com.runwaysdk.dataaccess.MdAttributeTest" time="4.92"/>
                <testcase name="testUniqueAttributeClob" classname="com.runwaysdk.dataaccess.MdAttributeTest" time="0.014"/>
                <testcase name="testUniqueAttributeGroupClob" classname="com.runwaysdk.dataaccess.MdAttributeTest" time="10.849"/>
                <testcase name="testInvalidDefaultFloatAttribute" classname="com.runwaysdk.dataaccess.MdAttributeTest" time="0.059">
                  <error>com.runwaysdk.dataaccess.attributes.AttributeValueException: [-1.0] is not a valid value for Attribute [defaultValue] on type [com.runwaysdk.system.metadata.MdAttributeFloat] - the value cannot be negative.
	at com.runwaysdk.dataaccess.attributes.entity.AttributeNumber.validateRange(AttributeNumber.java:107)
	at com.runwaysdk.dataaccess.attributes.entity.AttributeNumber.validate(AttributeNumber.java:70)
	at com.runwaysdk.dataaccess.attributes.entity.AttributeFloat.validate(AttributeFloat.java:76)
	at com.runwaysdk.dataaccess.attributes.entity.Attribute.validate(Attribute.java:507)
	at com.runwaysdk.dataaccess.metadata.MdAttributeConcrete_E.validate(MdAttributeConcrete_E.java:259)
	at com.runwaysdk.dataaccess.metadata.MdAttributeConcrete_E.save(MdAttributeConcrete_E.java:305)
	at com.runwaysdk.dataaccess.metadata.MdAttributeConcreteDAO.save_aroundBody10(MdAttributeConcreteDAO.java:712)
	at com.runwaysdk.dataaccess.metadata.MdAttributeConcreteDAO.save(MdAttributeConcreteDAO.java:1)
	at com.runwaysdk.dataaccess.metadata.MdAttributeNumberDAO.save_aroundBody0(MdAttributeNumberDAO.java:105)
	at com.runwaysdk.dataaccess.metadata.MdAttributeNumberDAO.save(MdAttributeNumberDAO.java:1)
	at com.runwaysdk.dataaccess.EntityDAO.apply_aroundBody12(EntityDAO.java:1042)
	at com.runwaysdk.dataaccess.EntityDAO.apply(EntityDAO.java:1)
	at com.runwaysdk.dataaccess.BusinessDAO.apply_aroundBody14(BusinessDAO.java:1136)
	at com.runwaysdk.dataaccess.BusinessDAO.apply(BusinessDAO.java:1)
	at com.runwaysdk.dataaccess.metadata.MdAttributeDAO.apply_aroundBody0(MdAttributeDAO.java:145)
	at com.runwaysdk.dataaccess.metadata.MdAttributeDAO.apply_aroundBody1$advice(MdAttributeDAO.java:872)
	at com.runwaysdk.dataaccess.metadata.MdAttributeDAO.apply(MdAttributeDAO.java:1)
	at com.runwaysdk.dataaccess.MdAttributeTest.testInvalidDefaultFloatAttribute(MdAttributeTest.java:1403)
	at sun.reflect.NativeMethodAccessorImpl.invoke0(Native Method)
	at sun.reflect.NativeMethodAccessorImpl.invoke(NativeMethodAccessorImpl.java:39)
	at sun.reflect.DelegatingMethodAccessorImpl.invoke(DelegatingMethodAccessorImpl.java:25)
	at java.lang.reflect.Method.invoke(Method.java:597)
	at junit.framework.TestCase.runTest(TestCase.java:154)
	at junit.framework.TestCase.runBare(TestCase.java:127)
	at junit.framework.TestResult$1.protect(TestResult.java:106)
	at junit.framework.TestResult.runProtected(TestResult.java:124)
	at junit.framework.TestResult.run(TestResult.java:109)
	at junit.framework.TestCase.run(TestCase.java:118)
	at com.runwaysdk.dataaccess.MdAttributeTest.run(MdAttributeTest.java:97)
	at junit.framework.TestSuite.runTest(TestSuite.java:208)
	at junit.framework.TestSuite.run(TestSuite.java:203)
	at junit.framework.TestSuite.runTest(TestSuite.java:208)
	at junit.framework.TestSuite.run(TestSuite.java:203)
	at junit.extensions.TestDecorator.basicRun(TestDecorator.java:22)
	at junit.extensions.TestSetup$1.protect(TestSetup.java:19)
	at junit.framework.TestResult.runProtected(TestResult.java:124)
	at junit.extensions.TestSetup.run(TestSetup.java:23)
	at junit.framework.TestSuite.runTest(TestSuite.java:208)
	at junit.framework.TestSuite.run(TestSuite.java:203)
	at junit.extensions.TestDecorator.basicRun(TestDecorator.java:22)
	at junit.extensions.TestSetup$1.protect(TestSetup.java:19)
	at junit.framework.TestResult.runProtected(TestResult.java:124)
	at junit.extensions.TestSetup.run(TestSetup.java:23)
	at com.runwaysdk.dataaccess.EntityMasterTestSetup.run(EntityMasterTestSetup.java:58)
	at junit.framework.TestSuite.runTest(TestSuite.java:208)
	at junit.framework.TestSuite.run(TestSuite.java:203)
	at junit.framework.TestSuite.runTest(TestSuite.java:208)
	at junit.framework.TestSuite.run(TestSuite.java:203)
	at org.eclipse.jdt.internal.junit.runner.junit3.JUnit3TestReference.run(JUnit3TestReference.java:130)
	at org.eclipse.jdt.internal.junit.runner.TestExecution.run(TestExecution.java:38)
	at org.eclipse.jdt.internal.junit.runner.RemoteTestRunner.runTests(RemoteTestRunner.java:467)
	at org.eclipse.jdt.internal.junit.runner.RemoteTestRunner.runTests(RemoteTestRunner.java:683)
	at org.eclipse.jdt.internal.junit.runner.RemoteTestRunner.run(RemoteTestRunner.java:390)
	at org.eclipse.jdt.internal.junit.runner.RemoteTestRunner.main(RemoteTestRunner.java:197)

</error>
                </testcase>
                <testcase name="testInvalidDefaultBooleanAttribute" classname="com.runwaysdk.dataaccess.MdAttributeTest" time="0.002"/>
                <testcase name="testInvalidDefaultCharacterAttribute" classname="com.runwaysdk.dataaccess.MdAttributeTest" time="0.013"/>
                <testcase name="testInvalidDefaultReferenceAttribute" classname="com.runwaysdk.dataaccess.MdAttributeTest" time="0.013"/>
                <testcase name="testInvalidDefaultEnumerationAttribute" classname="com.runwaysdk.dataaccess.MdAttributeTest" time="0.014"/>
                <testcase name="testInvalidNegativeDecLength" classname="com.runwaysdk.dataaccess.MdAttributeTest" time="0.003">
                  <error>com.runwaysdk.dataaccess.attributes.AttributeValueException: [-2] is not a valid value for Attribute [databaseLength] on type [com.runwaysdk.system.metadata.MdAttributeDec] - the value cannot be negative.
	at com.runwaysdk.dataaccess.attributes.entity.AttributeNumber.validateRange(AttributeNumber.java:107)
	at com.runwaysdk.dataaccess.attributes.entity.AttributeNumber.validate(AttributeNumber.java:70)
	at com.runwaysdk.dataaccess.attributes.entity.AttributeInteger.validate(AttributeInteger.java:72)
	at com.runwaysdk.dataaccess.attributes.entity.Attribute.setValue(Attribute.java:389)
	at com.runwaysdk.dataaccess.attributes.entity.Attribute.setValueAndValidate(Attribute.java:457)
	at com.runwaysdk.dataaccess.EntityDAO.setValue(EntityDAO.java:431)
	at com.runwaysdk.dataaccess.MdAttributeTest.testInvalidNegativeDecLength(MdAttributeTest.java:1560)
	at sun.reflect.NativeMethodAccessorImpl.invoke0(Native Method)
	at sun.reflect.NativeMethodAccessorImpl.invoke(NativeMethodAccessorImpl.java:39)
	at sun.reflect.DelegatingMethodAccessorImpl.invoke(DelegatingMethodAccessorImpl.java:25)
	at java.lang.reflect.Method.invoke(Method.java:597)
	at junit.framework.TestCase.runTest(TestCase.java:154)
	at junit.framework.TestCase.runBare(TestCase.java:127)
	at junit.framework.TestResult$1.protect(TestResult.java:106)
	at junit.framework.TestResult.runProtected(TestResult.java:124)
	at junit.framework.TestResult.run(TestResult.java:109)
	at junit.framework.TestCase.run(TestCase.java:118)
	at com.runwaysdk.dataaccess.MdAttributeTest.run(MdAttributeTest.java:97)
	at junit.framework.TestSuite.runTest(TestSuite.java:208)
	at junit.framework.TestSuite.run(TestSuite.java:203)
	at junit.framework.TestSuite.runTest(TestSuite.java:208)
	at junit.framework.TestSuite.run(TestSuite.java:203)
	at junit.extensions.TestDecorator.basicRun(TestDecorator.java:22)
	at junit.extensions.TestSetup$1.protect(TestSetup.java:19)
	at junit.framework.TestResult.runProtected(TestResult.java:124)
	at junit.extensions.TestSetup.run(TestSetup.java:23)
	at junit.framework.TestSuite.runTest(TestSuite.java:208)
	at junit.framework.TestSuite.run(TestSuite.java:203)
	at junit.extensions.TestDecorator.basicRun(TestDecorator.java:22)
	at junit.extensions.TestSetup$1.protect(TestSetup.java:19)
	at junit.framework.TestResult.runProtected(TestResult.java:124)
	at junit.extensions.TestSetup.run(TestSetup.java:23)
	at com.runwaysdk.dataaccess.EntityMasterTestSetup.run(EntityMasterTestSetup.java:58)
	at junit.framework.TestSuite.runTest(TestSuite.java:208)
	at junit.framework.TestSuite.run(TestSuite.java:203)
	at junit.framework.TestSuite.runTest(TestSuite.java:208)
	at junit.framework.TestSuite.run(TestSuite.java:203)
	at org.eclipse.jdt.internal.junit.runner.junit3.JUnit3TestReference.run(JUnit3TestReference.java:130)
	at org.eclipse.jdt.internal.junit.runner.TestExecution.run(TestExecution.java:38)
	at org.eclipse.jdt.internal.junit.runner.RemoteTestRunner.runTests(RemoteTestRunner.java:467)
	at org.eclipse.jdt.internal.junit.runner.RemoteTestRunner.runTests(RemoteTestRunner.java:683)
	at org.eclipse.jdt.internal.junit.runner.RemoteTestRunner.run(RemoteTestRunner.java:390)
	at org.eclipse.jdt.internal.junit.runner.RemoteTestRunner.main(RemoteTestRunner.java:197)

</error>
                </testcase>
                <testcase name="testInvalidZeroDecLength" classname="com.runwaysdk.dataaccess.MdAttributeTest" time="0.002">
                  <error>com.runwaysdk.dataaccess.attributes.AttributeValueException: [0] is not a valid value for Attribute [databaseLength] on type [com.runwaysdk.system.metadata.MdAttributeDec] - the value cannot be zero.
	at com.runwaysdk.dataaccess.attributes.entity.AttributeNumber.validateRange(AttributeNumber.java:100)
	at com.runwaysdk.dataaccess.attributes.entity.AttributeNumber.validate(AttributeNumber.java:70)
	at com.runwaysdk.dataaccess.attributes.entity.AttributeInteger.validate(AttributeInteger.java:72)
	at com.runwaysdk.dataaccess.attributes.entity.Attribute.setValue(Attribute.java:389)
	at com.runwaysdk.dataaccess.attributes.entity.Attribute.setValueAndValidate(Attribute.java:457)
	at com.runwaysdk.dataaccess.EntityDAO.setValue(EntityDAO.java:431)
	at com.runwaysdk.dataaccess.MdAttributeTest.testInvalidZeroDecLength(MdAttributeTest.java:1595)
	at sun.reflect.NativeMethodAccessorImpl.invoke0(Native Method)
	at sun.reflect.NativeMethodAccessorImpl.invoke(NativeMethodAccessorImpl.java:39)
	at sun.reflect.DelegatingMethodAccessorImpl.invoke(DelegatingMethodAccessorImpl.java:25)
	at java.lang.reflect.Method.invoke(Method.java:597)
	at junit.framework.TestCase.runTest(TestCase.java:154)
	at junit.framework.TestCase.runBare(TestCase.java:127)
	at junit.framework.TestResult$1.protect(TestResult.java:106)
	at junit.framework.TestResult.runProtected(TestResult.java:124)
	at junit.framework.TestResult.run(TestResult.java:109)
	at junit.framework.TestCase.run(TestCase.java:118)
	at com.runwaysdk.dataaccess.MdAttributeTest.run(MdAttributeTest.java:97)
	at junit.framework.TestSuite.runTest(TestSuite.java:208)
	at junit.framework.TestSuite.run(TestSuite.java:203)
	at junit.framework.TestSuite.runTest(TestSuite.java:208)
	at junit.framework.TestSuite.run(TestSuite.java:203)
	at junit.extensions.TestDecorator.basicRun(TestDecorator.java:22)
	at junit.extensions.TestSetup$1.protect(TestSetup.java:19)
	at junit.framework.TestResult.runProtected(TestResult.java:124)
	at junit.extensions.TestSetup.run(TestSetup.java:23)
	at junit.framework.TestSuite.runTest(TestSuite.java:208)
	at junit.framework.TestSuite.run(TestSuite.java:203)
	at junit.extensions.TestDecorator.basicRun(TestDecorator.java:22)
	at junit.extensions.TestSetup$1.protect(TestSetup.java:19)
	at junit.framework.TestResult.runProtected(TestResult.java:124)
	at junit.extensions.TestSetup.run(TestSetup.java:23)
	at com.runwaysdk.dataaccess.EntityMasterTestSetup.run(EntityMasterTestSetup.java:58)
	at junit.framework.TestSuite.runTest(TestSuite.java:208)
	at junit.framework.TestSuite.run(TestSuite.java:203)
	at junit.framework.TestSuite.runTest(TestSuite.java:208)
	at junit.framework.TestSuite.run(TestSuite.java:203)
	at org.eclipse.jdt.internal.junit.runner.junit3.JUnit3TestReference.run(JUnit3TestReference.java:130)
	at org.eclipse.jdt.internal.junit.runner.TestExecution.run(TestExecution.java:38)
	at org.eclipse.jdt.internal.junit.runner.RemoteTestRunner.runTests(RemoteTestRunner.java:467)
	at org.eclipse.jdt.internal.junit.runner.RemoteTestRunner.runTests(RemoteTestRunner.java:683)
	at org.eclipse.jdt.internal.junit.runner.RemoteTestRunner.run(RemoteTestRunner.java:390)
	at org.eclipse.jdt.internal.junit.runner.RemoteTestRunner.main(RemoteTestRunner.java:197)

</error>
                </testcase>
                <testcase name="testInvalidNegativeDecDecimal" classname="com.runwaysdk.dataaccess.MdAttributeTest" time="0.009">
                  <error>com.runwaysdk.dataaccess.attributes.AttributeValueException: [-1] is not a valid value for Attribute [databaseDecimal] on type [com.runwaysdk.system.metadata.MdAttributeDec] - the value cannot be negative.
	at com.runwaysdk.dataaccess.attributes.entity.AttributeNumber.validateRange(AttributeNumber.java:107)
	at com.runwaysdk.dataaccess.attributes.entity.AttributeNumber.validate(AttributeNumber.java:70)
	at com.runwaysdk.dataaccess.attributes.entity.AttributeInteger.validate(AttributeInteger.java:72)
	at com.runwaysdk.dataaccess.attributes.entity.Attribute.setValue(Attribute.java:389)
	at com.runwaysdk.dataaccess.attributes.entity.Attribute.setValueAndValidate(Attribute.java:457)
	at com.runwaysdk.dataaccess.EntityDAO.setValue(EntityDAO.java:431)
	at com.runwaysdk.dataaccess.MdAttributeTest.testInvalidNegativeDecDecimal(MdAttributeTest.java:1631)
	at sun.reflect.NativeMethodAccessorImpl.invoke0(Native Method)
	at sun.reflect.NativeMethodAccessorImpl.invoke(NativeMethodAccessorImpl.java:39)
	at sun.reflect.DelegatingMethodAccessorImpl.invoke(DelegatingMethodAccessorImpl.java:25)
	at java.lang.reflect.Method.invoke(Method.java:597)
	at junit.framework.TestCase.runTest(TestCase.java:154)
	at junit.framework.TestCase.runBare(TestCase.java:127)
	at junit.framework.TestResult$1.protect(TestResult.java:106)
	at junit.framework.TestResult.runProtected(TestResult.java:124)
	at junit.framework.TestResult.run(TestResult.java:109)
	at junit.framework.TestCase.run(TestCase.java:118)
	at com.runwaysdk.dataaccess.MdAttributeTest.run(MdAttributeTest.java:97)
	at junit.framework.TestSuite.runTest(TestSuite.java:208)
	at junit.framework.TestSuite.run(TestSuite.java:203)
	at junit.framework.TestSuite.runTest(TestSuite.java:208)
	at junit.framework.TestSuite.run(TestSuite.java:203)
	at junit.extensions.TestDecorator.basicRun(TestDecorator.java:22)
	at junit.extensions.TestSetup$1.protect(TestSetup.java:19)
	at junit.framework.TestResult.runProtected(TestResult.java:124)
	at junit.extensions.TestSetup.run(TestSetup.java:23)
	at junit.framework.TestSuite.runTest(TestSuite.java:208)
	at junit.framework.TestSuite.run(TestSuite.java:203)
	at junit.extensions.TestDecorator.basicRun(TestDecorator.java:22)
	at junit.extensions.TestSetup$1.protect(TestSetup.java:19)
	at junit.framework.TestResult.runProtected(TestResult.java:124)
	at junit.extensions.TestSetup.run(TestSetup.java:23)
	at com.runwaysdk.dataaccess.EntityMasterTestSetup.run(EntityMasterTestSetup.java:58)
	at junit.framework.TestSuite.runTest(TestSuite.java:208)
	at junit.framework.TestSuite.run(TestSuite.java:203)
	at junit.framework.TestSuite.runTest(TestSuite.java:208)
	at junit.framework.TestSuite.run(TestSuite.java:203)
	at org.eclipse.jdt.internal.junit.runner.junit3.JUnit3TestReference.run(JUnit3TestReference.java:130)
	at org.eclipse.jdt.internal.junit.runner.TestExecution.run(TestExecution.java:38)
	at org.eclipse.jdt.internal.junit.runner.RemoteTestRunner.runTests(RemoteTestRunner.java:467)
	at org.eclipse.jdt.internal.junit.runner.RemoteTestRunner.runTests(RemoteTestRunner.java:683)
	at org.eclipse.jdt.internal.junit.runner.RemoteTestRunner.run(RemoteTestRunner.java:390)
	at org.eclipse.jdt.internal.junit.runner.RemoteTestRunner.main(RemoteTestRunner.java:197)

</error>
                </testcase>
                <testcase name="testInvalidZeroDecDecimal" classname="com.runwaysdk.dataaccess.MdAttributeTest" time="0.002">
                  <error>com.runwaysdk.dataaccess.attributes.AttributeValueException: [0] is not a valid value for Attribute [databaseDecimal] on type [com.runwaysdk.system.metadata.MdAttributeDec] - the value cannot be zero.
	at com.runwaysdk.dataaccess.attributes.entity.AttributeNumber.validateRange(AttributeNumber.java:100)
	at com.runwaysdk.dataaccess.attributes.entity.AttributeNumber.validate(AttributeNumber.java:70)
	at com.runwaysdk.dataaccess.attributes.entity.AttributeInteger.validate(AttributeInteger.java:72)
	at com.runwaysdk.dataaccess.attributes.entity.Attribute.setValue(Attribute.java:389)
	at com.runwaysdk.dataaccess.attributes.entity.Attribute.setValueAndValidate(Attribute.java:457)
	at com.runwaysdk.dataaccess.EntityDAO.setValue(EntityDAO.java:431)
	at com.runwaysdk.dataaccess.MdAttributeTest.testInvalidZeroDecDecimal(MdAttributeTest.java:1666)
	at sun.reflect.NativeMethodAccessorImpl.invoke0(Native Method)
	at sun.reflect.NativeMethodAccessorImpl.invoke(NativeMethodAccessorImpl.java:39)
	at sun.reflect.DelegatingMethodAccessorImpl.invoke(DelegatingMethodAccessorImpl.java:25)
	at java.lang.reflect.Method.invoke(Method.java:597)
	at junit.framework.TestCase.runTest(TestCase.java:154)
	at junit.framework.TestCase.runBare(TestCase.java:127)
	at junit.framework.TestResult$1.protect(TestResult.java:106)
	at junit.framework.TestResult.runProtected(TestResult.java:124)
	at junit.framework.TestResult.run(TestResult.java:109)
	at junit.framework.TestCase.run(TestCase.java:118)
	at com.runwaysdk.dataaccess.MdAttributeTest.run(MdAttributeTest.java:97)
	at junit.framework.TestSuite.runTest(TestSuite.java:208)
	at junit.framework.TestSuite.run(TestSuite.java:203)
	at junit.framework.TestSuite.runTest(TestSuite.java:208)
	at junit.framework.TestSuite.run(TestSuite.java:203)
	at junit.extensions.TestDecorator.basicRun(TestDecorator.java:22)
	at junit.extensions.TestSetup$1.protect(TestSetup.java:19)
	at junit.framework.TestResult.runProtected(TestResult.java:124)
	at junit.extensions.TestSetup.run(TestSetup.java:23)
	at junit.framework.TestSuite.runTest(TestSuite.java:208)
	at junit.framework.TestSuite.run(TestSuite.java:203)
	at junit.extensions.TestDecorator.basicRun(TestDecorator.java:22)
	at junit.extensions.TestSetup$1.protect(TestSetup.java:19)
	at junit.framework.TestResult.runProtected(TestResult.java:124)
	at junit.extensions.TestSetup.run(TestSetup.java:23)
	at com.runwaysdk.dataaccess.EntityMasterTestSetup.run(EntityMasterTestSetup.java:58)
	at junit.framework.TestSuite.runTest(TestSuite.java:208)
	at junit.framework.TestSuite.run(TestSuite.java:203)
	at junit.framework.TestSuite.runTest(TestSuite.java:208)
	at junit.framework.TestSuite.run(TestSuite.java:203)
	at org.eclipse.jdt.internal.junit.runner.junit3.JUnit3TestReference.run(JUnit3TestReference.java:130)
	at org.eclipse.jdt.internal.junit.runner.TestExecution.run(TestExecution.java:38)
	at org.eclipse.jdt.internal.junit.runner.RemoteTestRunner.runTests(RemoteTestRunner.java:467)
	at org.eclipse.jdt.internal.junit.runner.RemoteTestRunner.runTests(RemoteTestRunner.java:683)
	at org.eclipse.jdt.internal.junit.runner.RemoteTestRunner.run(RemoteTestRunner.java:390)
	at org.eclipse.jdt.internal.junit.runner.RemoteTestRunner.main(RemoteTestRunner.java:197)

</error>
                </testcase>
                <testcase name="testTooBigDecDecimal" classname="com.runwaysdk.dataaccess.MdAttributeTest" time="5.183"/>
              </testsuite>
            </testsuite>
          </testsuite>
          <testsuite name="com.runwaysdk.dataaccess.RegexTest.1" time="154.515">
            <testsuite name="junit.framework.TestSuite" time="154.515">
              <testsuite name="com.runwaysdk.dataaccess.RegexTest" time="154.515">
                <testcase name="testValidClassTypes" classname="com.runwaysdk.dataaccess.RegexTest" time="52.871"/>
                <testcase name="testValidAttributeNames" classname="com.runwaysdk.dataaccess.RegexTest" time="27.269"/>
                <testcase name="testInvalidAttributeNames" classname="com.runwaysdk.dataaccess.RegexTest" time="16.65"/>
                <testcase name="testValidPackageNames" classname="com.runwaysdk.dataaccess.RegexTest" time="53.181"/>
                <testcase name="testInvalidPackageNames" classname="com.runwaysdk.dataaccess.RegexTest" time="4.544"/>
              </testsuite>
            </testsuite>
          </testsuite>
          <testsuite name="com.runwaysdk.dataaccess.EncryptionTest.1" time="93.136">
            <testsuite name="junit.framework.TestSuite" time="93.136">
              <testsuite name="com.runwaysdk.dataaccess.EncryptionTest" time="93.136">
                <testcase name="testMD5_Hash" classname="com.runwaysdk.dataaccess.EncryptionTest" time="0.018"/>
                <testcase name="testSHA_Hash" classname="com.runwaysdk.dataaccess.EncryptionTest" time="0.013"/>
                <testcase name="testDES_Symmetric" classname="com.runwaysdk.dataaccess.EncryptionTest" time="0.02"/>
                <testcase name="testAES_Symmetric" classname="com.runwaysdk.dataaccess.EncryptionTest" time="0.127"/>
                <testcase name="testSymmetricEquals" classname="com.runwaysdk.dataaccess.EncryptionTest" time="92.958"/>
              </testsuite>
            </testsuite>
          </testsuite>
          <testsuite name="com.runwaysdk.dataaccess.MdDimensionTest.1" time="994.791">
            <testsuite name="junit.framework.TestSuite" time="994.791">
              <testsuite name="com.runwaysdk.dataaccess.MdDimensionTest" time="994.791">
                <testcase name="testInvalidDefaultFloatAttribute" classname="com.runwaysdk.dataaccess.MdDimensionTest" time="22.126"/>
                <testcase name="testInvalidDefaultBooleanAttribute" classname="com.runwaysdk.dataaccess.MdDimensionTest" time="11.0"/>
                <testcase name="testInvalidDefaultCharacterAttribute" classname="com.runwaysdk.dataaccess.MdDimensionTest" time="10.367"/>
                <testcase name="testInvalidDefaultEnumerationAttribute" classname="com.runwaysdk.dataaccess.MdDimensionTest" time="10.983"/>
                <testcase name="testValidDefaultBooleanAttribute" classname="com.runwaysdk.dataaccess.MdDimensionTest" time="11.905"/>
                <testcase name="testValidDefaultCharacterAttribute" classname="com.runwaysdk.dataaccess.MdDimensionTest" time="9.993"/>
                <testcase name="testValidDefaultFloatAttribute" classname="com.runwaysdk.dataaccess.MdDimensionTest" time="12.627"/>
                <testcase name="testValidDefaultEnumerationAttribute" classname="com.runwaysdk.dataaccess.MdDimensionTest" time="3.904"/>
                <testcase name="testInvalidClobValue" classname="com.runwaysdk.dataaccess.MdDimensionTest" time="8.953"/>
                <testcase name="testInvalidReferenceValue" classname="com.runwaysdk.dataaccess.MdDimensionTest" time="30.146"/>
                <testcase name="testValidReferenceValue" classname="com.runwaysdk.dataaccess.MdDimensionTest" time="27.905"/>
                <testcase name="testInvalidDateValue" classname="com.runwaysdk.dataaccess.MdDimensionTest" time="9.445"/>
                <testcase name="testValidDateValue" classname="com.runwaysdk.dataaccess.MdDimensionTest" time="9.231"/>
                <testcase name="testValidTextValue" classname="com.runwaysdk.dataaccess.MdDimensionTest" time="9.103"/>
                <testcase name="testInvalidDefaultIntegerAttribute" classname="com.runwaysdk.dataaccess.MdDimensionTest" time="17.227">
                  <error>com.runwaysdk.dataaccess.attributes.AttributeValueException: [1] is not a valid value for Attribute [defaultValue] on type [test.xmlclasses.Class1] - the value cannot be positive.
	at com.runwaysdk.dataaccess.attributes.entity.AttributeNumber.validateRange(AttributeNumber.java:93)
	at com.runwaysdk.dataaccess.attributes.entity.AttributeNumber.validate(AttributeNumber.java:70)
	at com.runwaysdk.dataaccess.attributes.entity.AttributeInteger.validate(AttributeInteger.java:72)
	at com.runwaysdk.dataaccess.attributes.entity.Attribute.validate(Attribute.java:507)
	at com.runwaysdk.dataaccess.metadata.MdAttributeDimensionDAO.validateDefaultValue(MdAttributeDimensionDAO.java:143)
	at com.runwaysdk.dataaccess.metadata.MdAttributeDimensionDAO.save_aroundBody6(MdAttributeDimensionDAO.java:88)
	at com.runwaysdk.dataaccess.metadata.MdAttributeDimensionDAO.save(MdAttributeDimensionDAO.java:1)
	at com.runwaysdk.dataaccess.EntityDAO.apply_aroundBody12(EntityDAO.java:1042)
	at com.runwaysdk.dataaccess.EntityDAO.apply(EntityDAO.java:1)
	at com.runwaysdk.dataaccess.BusinessDAO.apply_aroundBody14(BusinessDAO.java:1136)
	at com.runwaysdk.dataaccess.BusinessDAO.apply(BusinessDAO.java:1)
	at com.runwaysdk.dataaccess.metadata.MdAttributeDimensionDAO.apply_aroundBody2(MdAttributeDimensionDAO.java:80)
	at com.runwaysdk.dataaccess.metadata.MdAttributeDimensionDAO.apply_aroundBody3$advice(MdAttributeDimensionDAO.java:872)
	at com.runwaysdk.dataaccess.metadata.MdAttributeDimensionDAO.apply(MdAttributeDimensionDAO.java:1)
	at com.runwaysdk.dataaccess.MdDimensionTest.testInvalidDefaultIntegerAttribute(MdDimensionTest.java:699)
	at sun.reflect.NativeMethodAccessorImpl.invoke0(Native Method)
	at sun.reflect.NativeMethodAccessorImpl.invoke(NativeMethodAccessorImpl.java:39)
	at sun.reflect.DelegatingMethodAccessorImpl.invoke(DelegatingMethodAccessorImpl.java:25)
	at java.lang.reflect.Method.invoke(Method.java:597)
	at junit.framework.TestCase.runTest(TestCase.java:154)
	at junit.framework.TestCase.runBare(TestCase.java:127)
	at junit.framework.TestResult$1.protect(TestResult.java:106)
	at junit.framework.TestResult.runProtected(TestResult.java:124)
	at junit.framework.TestResult.run(TestResult.java:109)
	at junit.framework.TestCase.run(TestCase.java:118)
	at com.runwaysdk.dataaccess.MdDimensionTest.run(MdDimensionTest.java:83)
	at junit.framework.TestSuite.runTest(TestSuite.java:208)
	at junit.framework.TestSuite.run(TestSuite.java:203)
	at junit.framework.TestSuite.runTest(TestSuite.java:208)
	at junit.framework.TestSuite.run(TestSuite.java:203)
	at junit.extensions.TestDecorator.basicRun(TestDecorator.java:22)
	at junit.extensions.TestSetup$1.protect(TestSetup.java:19)
	at junit.framework.TestResult.runProtected(TestResult.java:124)
	at junit.extensions.TestSetup.run(TestSetup.java:23)
	at junit.framework.TestSuite.runTest(TestSuite.java:208)
	at junit.framework.TestSuite.run(TestSuite.java:203)
	at junit.extensions.TestDecorator.basicRun(TestDecorator.java:22)
	at junit.extensions.TestSetup$1.protect(TestSetup.java:19)
	at junit.framework.TestResult.runProtected(TestResult.java:124)
	at junit.extensions.TestSetup.run(TestSetup.java:23)
	at com.runwaysdk.dataaccess.EntityMasterTestSetup.run(EntityMasterTestSetup.java:58)
	at junit.framework.TestSuite.runTest(TestSuite.java:208)
	at junit.framework.TestSuite.run(TestSuite.java:203)
	at junit.framework.TestSuite.runTest(TestSuite.java:208)
	at junit.framework.TestSuite.run(TestSuite.java:203)
	at org.eclipse.jdt.internal.junit.runner.junit3.JUnit3TestReference.run(JUnit3TestReference.java:130)
	at org.eclipse.jdt.internal.junit.runner.TestExecution.run(TestExecution.java:38)
	at org.eclipse.jdt.internal.junit.runner.RemoteTestRunner.runTests(RemoteTestRunner.java:467)
	at org.eclipse.jdt.internal.junit.runner.RemoteTestRunner.runTests(RemoteTestRunner.java:683)
	at org.eclipse.jdt.internal.junit.runner.RemoteTestRunner.run(RemoteTestRunner.java:390)
	at org.eclipse.jdt.internal.junit.runner.RemoteTestRunner.main(RemoteTestRunner.java:197)

</error>
                </testcase>
                <testcase name="testValidDefaultIntegerAttribute" classname="com.runwaysdk.dataaccess.MdDimensionTest" time="28.549"/>
                <testcase name="testDimensionalNotRequiredAttribute" classname="com.runwaysdk.dataaccess.MdDimensionTest" time="0.197"/>
                <testcase name="testDimensionalRequiredAttribute" classname="com.runwaysdk.dataaccess.MdDimensionTest" time="0.087"/>
                <testcase name="testCreateMdAttributeDimension" classname="com.runwaysdk.dataaccess.MdDimensionTest" time="0.0"/>
                <testcase name="testDoubleApply" classname="com.runwaysdk.dataaccess.MdDimensionTest" time="0.006"/>
                <testcase name="testDeleteMdBusinessWithAttributeDimesnions" classname="com.runwaysdk.dataaccess.MdDimensionTest" time="50.2"/>
                <testcase name="testDeleteMdDimensionWithAttributeDimesnions" classname="com.runwaysdk.dataaccess.MdDimensionTest" time="262.376"/>
                <testcase name="testGetMdAttributeDimension" classname="com.runwaysdk.dataaccess.MdDimensionTest" time="0.0"/>
                <testcase name="testGetAllMdAttributeDimension" classname="com.runwaysdk.dataaccess.MdDimensionTest" time="0.0"/>
                <testcase name="testGetMdAttributeDimensionFromMdDimension" classname="com.runwaysdk.dataaccess.MdDimensionTest" time="0.0"/>
                <testcase name="testGetAllMdAttributeDimensionFromDimension" classname="com.runwaysdk.dataaccess.MdDimensionTest" time="0.0"/>
                <testcase name="testGetMdClassDimension" classname="com.runwaysdk.dataaccess.MdDimensionTest" time="0.0"/>
                <testcase name="testGetAllMdClassDimension" classname="com.runwaysdk.dataaccess.MdDimensionTest" time="0.0"/>
                <testcase name="testGetMdClassDimensionFromMdDimension" classname="com.runwaysdk.dataaccess.MdDimensionTest" time="0.0"/>
                <testcase name="testGetAllMdClassDimensionFromDimension" classname="com.runwaysdk.dataaccess.MdDimensionTest" time="448.459"/>
              </testsuite>
            </testsuite>
          </testsuite>
        </testsuite>
      </testsuite>
    </testsuite>
    <testsuite name="com.runwaysdk.dataaccess.StaleObjectTest.1" time="291.331">
      <testsuite name="junit.framework.TestSuite" time="291.331">
        <testsuite name="com.runwaysdk.dataaccess.StaleObjectTest" time="291.331">
          <testcase name="testStaleObjectSave" classname="com.runwaysdk.dataaccess.StaleObjectTest" time="0.012"/>
          <testcase name="testStaleObjectDelete" classname="com.runwaysdk.dataaccess.StaleObjectTest" time="7.421"/>
          <testcase name="testDoubleDeleteObject" classname="com.runwaysdk.dataaccess.StaleObjectTest" time="0.17"/>
          <testcase name="testDoubleDeleteMdRelationship" classname="com.runwaysdk.dataaccess.StaleObjectTest" time="170.278"/>
          <testcase name="testDoubleDeleteMdBusiness" classname="com.runwaysdk.dataaccess.StaleObjectTest" time="113.45"/>
        </testsuite>
      </testsuite>
    </testsuite>
    <testsuite name="com.runwaysdk.dataaccess.MetaDataTest.1" time="642.638">
      <testsuite name="junit.framework.TestSuite" time="642.638">
        <testsuite name="com.runwaysdk.dataaccess.MetaDataTest" time="642.638">
          <testcase name="testValidPublishHierarchyRoot" classname="com.runwaysdk.dataaccess.MetaDataTest" time="106.052"/>
          <testcase name="testInvalidPublishHierarchyRoot" classname="com.runwaysdk.dataaccess.MetaDataTest" time="31.333"/>
          <testcase name="testReferenceNoStruct" classname="com.runwaysdk.dataaccess.MetaDataTest" time="0.007"/>
          <testcase name="testInvalidNewEnummerationExtendable" classname="com.runwaysdk.dataaccess.MetaDataTest" time="0.491"/>
          <testcase name="testExtendEnumerationMasterDefineEnumeration" classname="com.runwaysdk.dataaccess.MetaDataTest" time="89.206"/>
          <testcase name="testReferenceAttributeForAStruct" classname="com.runwaysdk.dataaccess.MetaDataTest" time="36.362"/>
          <testcase name="testStructAttributeForAStruct" classname="com.runwaysdk.dataaccess.MetaDataTest" time="0.052"/>
          <testcase name="testDoNotExtendBStruct" classname="com.runwaysdk.dataaccess.MetaDataTest" time="0.005"/>
          <testcase name="testRequiredUniqueAttribute" classname="com.runwaysdk.dataaccess.MetaDataTest" time="53.271"/>
          <testcase name="testRequiredUniqueAttributeGroup" classname="com.runwaysdk.dataaccess.MetaDataTest" time="54.621"/>
          <testcase name="testUniqueAttributeDatabaseIndex" classname="com.runwaysdk.dataaccess.MetaDataTest" time="59.418"/>
          <testcase name="testNonUniqueAttributeDatabaseIndex" classname="com.runwaysdk.dataaccess.MetaDataTest" time="62.632"/>
          <testcase name="testUniqueAttributeGroupDatabaseIndex" classname="com.runwaysdk.dataaccess.MetaDataTest" time="99.651"/>
          <testcase name="testValidIndexDefinition" classname="com.runwaysdk.dataaccess.MetaDataTest" time="30.318"/>
          <testcase name="testExtendAttribute" classname="com.runwaysdk.dataaccess.MetaDataTest" time="0.008"/>
          <testcase name="testAddAttributeToMdRelationshipClassAttirbute" classname="com.runwaysdk.dataaccess.MetaDataTest" time="0.063"/>
          <testcase name="testAddAttributeToMdAttribute" classname="com.runwaysdk.dataaccess.MetaDataTest" time="19.146"/>
        </testsuite>
      </testsuite>
    </testsuite>
    <testsuite name="com.runwaysdk.dataaccess.MdBusinessTest.1" time="137.798">
      <testsuite name="junit.framework.TestSuite" time="137.798">
        <testsuite name="com.runwaysdk.dataaccess.MdBusinessTest" time="137.798">
          <testcase name="testDuplicateAttributeDefinition" classname="com.runwaysdk.dataaccess.MdBusinessTest" time="7.793"/>
          <testcase name="testDuplicateAttributeInInheritedHierarchy" classname="com.runwaysdk.dataaccess.MdBusinessTest" time="7.74"/>
          <testcase name="testDuplicateAttributeDefinedInSubclass" classname="com.runwaysdk.dataaccess.MdBusinessTest" time="7.343"/>
          <testcase name="testTableExistsInDatabase" classname="com.runwaysdk.dataaccess.MdBusinessTest" time="0.001"/>
          <testcase name="testValidLongPackage" classname="com.runwaysdk.dataaccess.MdBusinessTest" time="14.022"/>
          <testcase name="testValidLongTypeName" classname="com.runwaysdk.dataaccess.MdBusinessTest" time="12.386"/>
          <testcase name="testInvalidLongType" classname="com.runwaysdk.dataaccess.MdBusinessTest" time="13.369"/>
          <testcase name="testCheckCollectionClass" classname="com.runwaysdk.dataaccess.MdBusinessTest" time="0.001"/>
          <testcase name="testCheckCollectionClassNoCache" classname="com.runwaysdk.dataaccess.MdBusinessTest" time="4.795"/>
          <testcase name="testDatabaseInheritanceInfo" classname="com.runwaysdk.dataaccess.MdBusinessTest" time="0.029"/>
          <testcase name="testDeleteTable" classname="com.runwaysdk.dataaccess.MdBusinessTest" time="9.237"/>
          <testcase name="testDeleteInstances" classname="com.runwaysdk.dataaccess.MdBusinessTest" time="8.777"/>
          <testcase name="testDeleteReference" classname="com.runwaysdk.dataaccess.MdBusinessTest" time="20.633"/>
          <testcase name="testTwoClassesWithSameClassType" classname="com.runwaysdk.dataaccess.MdBusinessTest" time="13.504"/>
          <testcase name="testTwoClassesWithSameType" classname="com.runwaysdk.dataaccess.MdBusinessTest" time="0.01"/>
          <testcase name="testInvalidParentEntityType" classname="com.runwaysdk.dataaccess.MdBusinessTest" time="0.004"/>
          <testcase name="testMdBusinessUsingMRUNoCacheSize" classname="com.runwaysdk.dataaccess.MdBusinessTest" time="0.008"/>
          <testcase name="testAddingAttributeComponent" classname="com.runwaysdk.dataaccess.MdBusinessTest" time="18.145"/>
        </testsuite>
      </testsuite>
    </testsuite>
    <testsuite name="com.runwaysdk.dataaccess.cache.CacheTest.1" time="165.581">
      <testsuite name="junit.framework.TestSuite" time="165.581">
        <testsuite name="com.runwaysdk.dataaccess.cache.CacheTest" time="165.581">
          <testcase name="testInvalidCacheTypes" classname="com.runwaysdk.dataaccess.cache.CacheTest" time="6.166"/>
          <testcase name="testParentCachesAll" classname="com.runwaysdk.dataaccess.cache.CacheTest" time="7.096"/>
          <testcase name="testParentCachesNone" classname="com.runwaysdk.dataaccess.cache.CacheTest" time="6.663"/>
          <testcase name="testParentSwitchToAll" classname="com.runwaysdk.dataaccess.cache.CacheTest" time="9.262"/>
          <testcase name="testParentMRU" classname="com.runwaysdk.dataaccess.cache.CacheTest" time="16.029"/>
          <testcase name="testParentMRU_ChildAll" classname="com.runwaysdk.dataaccess.cache.CacheTest" time="18.458"/>
          <testcase name="testParentMRU_ChildSwitchToAll" classname="com.runwaysdk.dataaccess.cache.CacheTest" time="20.875"/>
          <testcase name="testDroppedAttribute" classname="com.runwaysdk.dataaccess.cache.CacheTest" time="17.424"/>
          <testcase name="testCacheMRU_SizeAccurate" classname="com.runwaysdk.dataaccess.cache.CacheTest" time="13.896"/>
          <testcase name="testDeleteEnumeration" classname="com.runwaysdk.dataaccess.cache.CacheTest" time="15.903"/>
          <testcase name="testCacheMRU_SizeChange" classname="com.runwaysdk.dataaccess.cache.CacheTest" time="33.809"/>
        </testsuite>
      </testsuite>
    </testsuite>
    <testsuite name="junit.framework.TestSuite" time="3921.554">
      <testsuite name="com.runwaysdk.dataaccess.io.SAXParseTest" time="3921.554">
        <testcase name="testCreateLocalText" classname="com.runwaysdk.dataaccess.io.SAXParseTest" time="43.396"/>
        <testcase name="testCreateLocalCharacter" classname="com.runwaysdk.dataaccess.io.SAXParseTest" time="39.901"/>
        <testcase name="testCreateBlob" classname="com.runwaysdk.dataaccess.io.SAXParseTest" time="31.204"/>
        <testcase name="testCreateBoolean" classname="com.runwaysdk.dataaccess.io.SAXParseTest" time="33.763"/>
        <testcase name="testCreateCharacter" classname="com.runwaysdk.dataaccess.io.SAXParseTest" time="30.974"/>
        <testcase name="testColumnNames" classname="com.runwaysdk.dataaccess.io.SAXParseTest" time="39.215"/>
        <testcase name="testCreateDate" classname="com.runwaysdk.dataaccess.io.SAXParseTest" time="34.603"/>
        <testcase name="testRequiredForDimension" classname="com.runwaysdk.dataaccess.io.SAXParseTest" time="178.202"/>
        <testcase name="testCreateDateTime" classname="com.runwaysdk.dataaccess.io.SAXParseTest" time="30.552"/>
        <testcase name="testCreateDecimal" classname="com.runwaysdk.dataaccess.io.SAXParseTest" time="34.53"/>
        <testcase name="testCreateDouble" classname="com.runwaysdk.dataaccess.io.SAXParseTest" time="30.623"/>
        <testcase name="testCreateVirtual" classname="com.runwaysdk.dataaccess.io.SAXParseTest" time="42.847"/>
        <testcase name="testCreateEnumeration" classname="com.runwaysdk.dataaccess.io.SAXParseTest" time="68.116"/>
        <testcase name="testCreateFile" classname="com.runwaysdk.dataaccess.io.SAXParseTest" time="30.157"/>
        <testcase name="testCreateFloat" classname="com.runwaysdk.dataaccess.io.SAXParseTest" time="30.279"/>
        <testcase name="testCreateReference" classname="com.runwaysdk.dataaccess.io.SAXParseTest" time="56.547"/>
        <testcase name="testCreateInteger" classname="com.runwaysdk.dataaccess.io.SAXParseTest" time="30.03"/>
        <testcase name="testCreateLong" classname="com.runwaysdk.dataaccess.io.SAXParseTest" time="30.891"/>
        <testcase name="testCreateText" classname="com.runwaysdk.dataaccess.io.SAXParseTest" time="30.42"/>
        <testcase name="testCreateClob" classname="com.runwaysdk.dataaccess.io.SAXParseTest" time="30.891"/>
        <testcase name="testCreateTime" classname="com.runwaysdk.dataaccess.io.SAXParseTest" time="32.031"/>
        <testcase name="testCreateStruct" classname="com.runwaysdk.dataaccess.io.SAXParseTest" time="54.929"/>
        <testcase name="testCreateSymmetric" classname="com.runwaysdk.dataaccess.io.SAXParseTest" time="30.038"/>
        <testcase name="testCreateHash" classname="com.runwaysdk.dataaccess.io.SAXParseTest" time="30.485"/>
        <testcase name="testCacheAlgorithmSet" classname="com.runwaysdk.dataaccess.io.SAXParseTest" time="90.743"/>
        <testcase name="testCreateMdBusiness" classname="com.runwaysdk.dataaccess.io.SAXParseTest" time="70.048"/>
        <testcase name="testCreateMdStruct" classname="com.runwaysdk.dataaccess.io.SAXParseTest" time="11.082"/>
        <testcase name="testCreateMdRelationship" classname="com.runwaysdk.dataaccess.io.SAXParseTest" time="40.031"/>
        <testcase name="testCreateMdProblem" classname="com.runwaysdk.dataaccess.io.SAXParseTest" time="18.832"/>
        <testcase name="testCreateMdInformation" classname="com.runwaysdk.dataaccess.io.SAXParseTest" time="16.799"/>
        <testcase name="testCreateMdException" classname="com.runwaysdk.dataaccess.io.SAXParseTest" time="19.324"/>
        <testcase name="testCreateMdView" classname="com.runwaysdk.dataaccess.io.SAXParseTest" time="20.818"/>
        <testcase name="testCreateMdUtil" classname="com.runwaysdk.dataaccess.io.SAXParseTest" time="21.902"/>
        <testcase name="testCreateMdWebForm" classname="com.runwaysdk.dataaccess.io.SAXParseTest" time="71.637"/>
        <testcase name="testSelectionSet" classname="com.runwaysdk.dataaccess.io.SAXParseTest" time="79.486"/>
        <testcase name="testTreeSet" classname="com.runwaysdk.dataaccess.io.SAXParseTest" time="41.75"/>
        <testcase name="testGraphSet" classname="com.runwaysdk.dataaccess.io.SAXParseTest" time="42.143"/>
        <testcase name="testCreateObject" classname="com.runwaysdk.dataaccess.io.SAXParseTest" time="63.801"/>
        <testcase name="testCreateMdEnumeration" classname="com.runwaysdk.dataaccess.io.SAXParseTest" time="17.342"/>
        <testcase name="testCreateRelationship" classname="com.runwaysdk.dataaccess.io.SAXParseTest" time="79.967"/>
        <testcase name="testIndex" classname="com.runwaysdk.dataaccess.io.SAXParseTest" time="36.65"/>
        <testcase name="testFacade" classname="com.runwaysdk.dataaccess.io.SAXParseTest" time="14.944"/>
        <testcase name="testMdMethod" classname="com.runwaysdk.dataaccess.io.SAXParseTest" time="39.592"/>
        <testcase name="testCreateMdFacade" classname="com.runwaysdk.dataaccess.io.SAXParseTest" time="51.67"/>
        <testcase name="testCreateMdController" classname="com.runwaysdk.dataaccess.io.SAXParseTest" time="11.253"/>
        <testcase name="testMdStateMachineExport" classname="com.runwaysdk.dataaccess.io.SAXParseTest" time="65.063"/>
        <testcase name="testCircularDependency" classname="com.runwaysdk.dataaccess.io.SAXParseTest" time="1.127"/>
        <testcase name="testDuplicateAttribute" classname="com.runwaysdk.dataaccess.io.SAXParseTest" time="1.685"/>
        <testcase name="testInvalidSchema" classname="com.runwaysdk.dataaccess.io.SAXParseTest" time="1.054"/>
        <testcase name="testInvalidPuesdoId" classname="com.runwaysdk.dataaccess.io.SAXParseTest" time="2.64"/>
        <testcase name="testSearchingOfDefinitionInAnUpdateTag" classname="com.runwaysdk.dataaccess.io.SAXParseTest" time="36.959"/>
        <testcase name="testUserPermission" classname="com.runwaysdk.dataaccess.io.SAXParseTest" time="138.61"/>
        <testcase name="testRevokeUserPermission" classname="com.runwaysdk.dataaccess.io.SAXParseTest" time="158.279"/>
        <testcase name="testRolePermissions" classname="com.runwaysdk.dataaccess.io.SAXParseTest" time="48.848"/>
        <testcase name="testRevokeRolePermissions" classname="com.runwaysdk.dataaccess.io.SAXParseTest" time="30.818"/>
        <testcase name="testMethodPermissions" classname="com.runwaysdk.dataaccess.io.SAXParseTest" time="54.622"/>
        <testcase name="testRevokeMethodPermissions" classname="com.runwaysdk.dataaccess.io.SAXParseTest" time="52.765"/>
        <testcase name="testUpdateMdStateMachine" classname="com.runwaysdk.dataaccess.io.SAXParseTest" time="42.907"/>
        <testcase name="testUpdateMdBusiness" classname="com.runwaysdk.dataaccess.io.SAXParseTest" time="44.729"/>
        <testcase name="testRenameAttribute" classname="com.runwaysdk.dataaccess.io.SAXParseTest" time="28.233"/>
        <testcase name="testUpdateBoolean" classname="com.runwaysdk.dataaccess.io.SAXParseTest" time="16.81"/>
        <testcase name="testUpdateBlob" classname="com.runwaysdk.dataaccess.io.SAXParseTest" time="17.601"/>
        <testcase name="testUpdateCharacter" classname="com.runwaysdk.dataaccess.io.SAXParseTest" time="17.87"/>
        <testcase name="testUpdateDate" classname="com.runwaysdk.dataaccess.io.SAXParseTest" time="22.458"/>
        <testcase name="testUpdateDateTime" classname="com.runwaysdk.dataaccess.io.SAXParseTest" time="17.834"/>
        <testcase name="testUpdateDecimal" classname="com.runwaysdk.dataaccess.io.SAXParseTest" time="19.904"/>
        <testcase name="testUpdateDouble" classname="com.runwaysdk.dataaccess.io.SAXParseTest" time="17.123"/>
        <testcase name="testUpdateVirtual" classname="com.runwaysdk.dataaccess.io.SAXParseTest" time="25.661"/>
        <testcase name="testUpdateEnumeration" classname="com.runwaysdk.dataaccess.io.SAXParseTest" time="36.109"/>
        <testcase name="testUpdateFile" classname="com.runwaysdk.dataaccess.io.SAXParseTest" time="19.737"/>
        <testcase name="testUpdateFloat" classname="com.runwaysdk.dataaccess.io.SAXParseTest" time="18.218"/>
        <testcase name="testUpdateHash" classname="com.runwaysdk.dataaccess.io.SAXParseTest" time="19.133"/>
        <testcase name="testUpdateInteger" classname="com.runwaysdk.dataaccess.io.SAXParseTest" time="19.557"/>
        <testcase name="testUpdateLong" classname="com.runwaysdk.dataaccess.io.SAXParseTest" time="30.501"/>
        <testcase name="testUpdateReference" classname="com.runwaysdk.dataaccess.io.SAXParseTest" time="34.067"/>
        <testcase name="testUpdateStruct" classname="com.runwaysdk.dataaccess.io.SAXParseTest" time="29.666"/>
        <testcase name="testUpdateSymmetric" classname="com.runwaysdk.dataaccess.io.SAXParseTest" time="18.238"/>
        <testcase name="testUpdateClob" classname="com.runwaysdk.dataaccess.io.SAXParseTest" time="18.882"/>
        <testcase name="testUpdateText" classname="com.runwaysdk.dataaccess.io.SAXParseTest" time="17.077"/>
        <testcase name="testUpdateTime" classname="com.runwaysdk.dataaccess.io.SAXParseTest" time="26.796"/>
        <testcase name="testUpdateMdRelationship" classname="com.runwaysdk.dataaccess.io.SAXParseTest" time="46.936"/>
        <testcase name="testUpdateMdFacade" classname="com.runwaysdk.dataaccess.io.SAXParseTest" time="31.193"/>
        <testcase name="testUpdateMdController" classname="com.runwaysdk.dataaccess.io.SAXParseTest" time="13.401"/>
        <testcase name="testUpdateMdStruct" classname="com.runwaysdk.dataaccess.io.SAXParseTest" time="26.54"/>
        <testcase name="testUpdateMdException" classname="com.runwaysdk.dataaccess.io.SAXParseTest" time="10.559"/>
        <testcase name="testUpdateMdProblem" classname="com.runwaysdk.dataaccess.io.SAXParseTest" time="10.291"/>
        <testcase name="testUpdateMdInformation" classname="com.runwaysdk.dataaccess.io.SAXParseTest" time="12.928"/>
        <testcase name="testUpdateMdView" classname="com.runwaysdk.dataaccess.io.SAXParseTest" time="14.221"/>
        <testcase name="testUpdateMdUtil" classname="com.runwaysdk.dataaccess.io.SAXParseTest" time="16.555"/>
        <testcase name="testUpdateMdEnumeration" classname="com.runwaysdk.dataaccess.io.SAXParseTest" time="34.353"/>
        <testcase name="testUpdateObject" classname="com.runwaysdk.dataaccess.io.SAXParseTest" time="38.812"/>
        <testcase name="testRekeyObject" classname="com.runwaysdk.dataaccess.io.SAXParseTest" time="37.233"/>
        <testcase name="testUpdateRelationship" classname="com.runwaysdk.dataaccess.io.SAXParseTest" time="44.142"/>
        <testcase name="testRekeyRelationship" classname="com.runwaysdk.dataaccess.io.SAXParseTest" time="40.551"/>
        <testcase name="testReadAndWriteAllPermissions" classname="com.runwaysdk.dataaccess.io.SAXParseTest" time="33.244"/>
        <testcase name="testMultiRolePermissions" classname="com.runwaysdk.dataaccess.io.SAXParseTest" time="47.892"/>
        <testcase name="testMultiUserPermissions" classname="com.runwaysdk.dataaccess.io.SAXParseTest" time="70.827"/>
        <testcase name="testImportObjectsWithSameKey" classname="com.runwaysdk.dataaccess.io.SAXParseTest" time="115.161"/>
        <testcase name="testDimensionAttributePermissions" classname="com.runwaysdk.dataaccess.io.SAXParseTest" time="201.13"/>
        <testcase name="testUpdateMdWebForm" classname="com.runwaysdk.dataaccess.io.SAXParseTest" time="39.561"/>
      </testsuite>
    </testsuite>
    <testsuite name="junit.framework.TestSuite" time="345.633">
      <testsuite name="com.runwaysdk.dataaccess.io.VersionTest" time="345.633">
        <testcase name="testDeleteAndAttributeInTransaction_Enumeration" classname="com.runwaysdk.dataaccess.io.VersionTest" time="27.903"/>
        <testcase name="testDeleteAndAttributeInTransaction" classname="com.runwaysdk.dataaccess.io.VersionTest" time="35.822"/>
        <testcase name="testDeleteAndAttributeInTransaction_Exception" classname="com.runwaysdk.dataaccess.io.VersionTest" time="32.033"/>
        <testcase name="testIncreaseVersion" classname="com.runwaysdk.dataaccess.io.VersionTest" time="30.002"/>
        <testcase name="testDecremenateVersion" classname="com.runwaysdk.dataaccess.io.VersionTest" time="38.394"/>
        <testcase name="testMostRecent" classname="com.runwaysdk.dataaccess.io.VersionTest" time="27.007"/>
        <testcase name="testCreateAndDeleteInOneTransaction" classname="com.runwaysdk.dataaccess.io.VersionTest" time="17.293"/>
        <testcase name="testCreateAndDeleteRollback" classname="com.runwaysdk.dataaccess.io.VersionTest" time="19.381"/>
        <testcase name="testCreateDeleteCreateAttribute" classname="com.runwaysdk.dataaccess.io.VersionTest" time="50.005"/>
        <testcase name="testCreateAndUpdateOfObject" classname="com.runwaysdk.dataaccess.io.VersionTest" time="67.793"/>
      </testsuite>
    </testsuite>
    <testsuite name="junit.framework.TestSuite" time="2513.888">
      <testsuite name="com.runwaysdk.dataaccess.schemamanager.MergeTest" time="2513.888">
        <testcase name="testUpdateBlobMerge" classname="com.runwaysdk.dataaccess.schemamanager.MergeTest" time="33.747"/>
        <testcase name="testAttributeRename" classname="com.runwaysdk.dataaccess.schemamanager.MergeTest" time="44.963"/>
        <testcase name="testAttributeRenameWithPermissions" classname="com.runwaysdk.dataaccess.schemamanager.MergeTest" time="38.205"/>
        <testcase name="testControllerActionUpdateMerge" classname="com.runwaysdk.dataaccess.schemamanager.MergeTest" time="19.445"/>
        <testcase name="testUpdateStructMerge" classname="com.runwaysdk.dataaccess.schemamanager.MergeTest" time="53.375"/>
        <testcase name="testUpdateMdInformationMerge" classname="com.runwaysdk.dataaccess.schemamanager.MergeTest" time="27.387"/>
        <testcase name="testUpdateMdEnumerationMerge" classname="com.runwaysdk.dataaccess.schemamanager.MergeTest" time="49.827"/>
        <testcase name="testUpdateMdProblemMerge" classname="com.runwaysdk.dataaccess.schemamanager.MergeTest" time="15.606"/>
        <testcase name="testUpdateMdControllerMerge" classname="com.runwaysdk.dataaccess.schemamanager.MergeTest" time="13.575"/>
        <testcase name="testAddAttributeToMdBusinessMerge" classname="com.runwaysdk.dataaccess.schemamanager.MergeTest" time="31.991"/>
        <testcase name="testAddParameterToMdMethodMerge" classname="com.runwaysdk.dataaccess.schemamanager.MergeTest" time="32.732"/>
        <testcase name="testAddStateToStateMachineMerge" classname="com.runwaysdk.dataaccess.schemamanager.MergeTest" time="57.076"/>
        <testcase name="testDeleteMerge" classname="com.runwaysdk.dataaccess.schemamanager.MergeTest" time="43.552"/>
        <testcase name="testUpdateMdExceptionMerge" classname="com.runwaysdk.dataaccess.schemamanager.MergeTest" time="17.293"/>
        <testcase name="testRevokeUserPermissionMerge" classname="com.runwaysdk.dataaccess.schemamanager.MergeTest" time="134.275"/>
        <testcase name="testUserPermissionMerge" classname="com.runwaysdk.dataaccess.schemamanager.MergeTest" time="171.199"/>
        <testcase name="testAttributePermissionDelete" classname="com.runwaysdk.dataaccess.schemamanager.MergeTest" time="87.155"/>
        <testcase name="testControllerDeleteOrdering" classname="com.runwaysdk.dataaccess.schemamanager.MergeTest" time="21.166"/>
        <testcase name="testControllerDeleteReverseOrdering" classname="com.runwaysdk.dataaccess.schemamanager.MergeTest" time="14.515"/>
        <testcase name="testDeleteRelationshipAndController" classname="com.runwaysdk.dataaccess.schemamanager.MergeTest" time="45.302"/>
        <testcase name="testDeleteMdMethodPermission" classname="com.runwaysdk.dataaccess.schemamanager.MergeTest" time="146.709"/>
        <testcase name="testUpdatedAttributePermissionDelete" classname="com.runwaysdk.dataaccess.schemamanager.MergeTest" time="153.675"/>
        <testcase name="testUpdateOfCreatedAttributeOnPartialSchemaElement" classname="com.runwaysdk.dataaccess.schemamanager.MergeTest" time="43.483"/>
        <testcase name="testUpdateOfCreatedMethodOnPartialSchemaElement" classname="com.runwaysdk.dataaccess.schemamanager.MergeTest" time="31.068"/>
        <testcase name="testDeleteThenUpdateOfMdMethod" classname="com.runwaysdk.dataaccess.schemamanager.MergeTest" time="46.866"/>
        <testcase name="testDeleteOfReferencedAttributeType" classname="com.runwaysdk.dataaccess.schemamanager.MergeTest" time="49.931"/>
        <testcase name="testDeleteOfEnumerationMasterWithItems" classname="com.runwaysdk.dataaccess.schemamanager.MergeTest" time="11.716"/>
        <testcase name="testCreateThenDeleteThenCreateOfObject" classname="com.runwaysdk.dataaccess.schemamanager.MergeTest" time="40.21"/>
        <testcase name="testUpdateOfAttributeStructOnObject" classname="com.runwaysdk.dataaccess.schemamanager.MergeTest" time="37.207"/>
        <testcase name="testUpdateOfAttributeEnumerationOnObject" classname="com.runwaysdk.dataaccess.schemamanager.MergeTest" time="29.108"/>
        <testcase name="testDeleteOfVirtualAttribute" classname="com.runwaysdk.dataaccess.schemamanager.MergeTest" time="52.076"/>
        <testcase name="testDeleteOfPartialSchemaReferencedAttributeType" classname="com.runwaysdk.dataaccess.schemamanager.MergeTest" time="35.574"/>
        <testcase name="testIndexMerge" classname="com.runwaysdk.dataaccess.schemamanager.MergeTest" time="42.567"/>
        <testcase name="testMultiIndexMerge" classname="com.runwaysdk.dataaccess.schemamanager.MergeTest" time="43.588"/>
        <testcase name="testAddMdActionParameterToPartialMdControllerMerge" classname="com.runwaysdk.dataaccess.schemamanager.MergeTest" time="12.399"/>
        <testcase name="testAddMdActionToPartialMdControllerMerge" classname="com.runwaysdk.dataaccess.schemamanager.MergeTest" time="5.822"/>
        <testcase name="testDeleteAttributeFromMdBusinessMerge" classname="com.runwaysdk.dataaccess.schemamanager.MergeTest" time="35.063"/>
        <testcase name="testDeleteMdMethodFromMdBusinessMerge" classname="com.runwaysdk.dataaccess.schemamanager.MergeTest" time="42.967"/>
        <testcase name="testDeleteMdMethodFromPartialSchema" classname="com.runwaysdk.dataaccess.schemamanager.MergeTest" time="51.187"/>
        <testcase name="testDeleteParameterFromMdMethodMerge" classname="com.runwaysdk.dataaccess.schemamanager.MergeTest" time="36.974"/>
        <testcase name="testAddMdActionParameterToPartialMdControllerMergePreserveCreate" classname="com.runwaysdk.dataaccess.schemamanager.MergeTest" time="8.658"/>
        <testcase name="testPartialMergePreserveCreateWithChildren" classname="com.runwaysdk.dataaccess.schemamanager.MergeTest" time="9.613"/>
        <testcase name="testPartialMergeDeleteChildren" classname="com.runwaysdk.dataaccess.schemamanager.MergeTest" time="6.832"/>
        <testcase name="testAttributeDimension" classname="com.runwaysdk.dataaccess.schemamanager.MergeTest" time="331.629"/>
        <testcase name="testAttributeOnRelationship" classname="com.runwaysdk.dataaccess.schemamanager.MergeTest" time="91.442"/>
        <testcase name="testCreateUpdateThenDeleteOnObject" classname="com.runwaysdk.dataaccess.schemamanager.MergeTest" time="21.756"/>
        <testcase name="testFormMerge" classname="com.runwaysdk.dataaccess.schemamanager.MergeTest" time="41.874"/>
        <testcase name="testFieldReferenceOnAttributeRename" classname="com.runwaysdk.dataaccess.schemamanager.MergeTest" time="47.635"/>
        <testcase name="testDeleteOfRenamedAttributeWithFieldReference" classname="com.runwaysdk.dataaccess.schemamanager.MergeTest" time="53.868"/>
      </testsuite>
    </testsuite>
    <testsuite name="com.runwaysdk.dataaccess.io.InstanceImportTest.1" time="110.066">
      <testsuite name="junit.framework.TestSuite" time="110.066">
        <testsuite name="com.runwaysdk.dataaccess.io.InstanceImportTest" time="110.066">
          <testcase name="testInstanceImportSameSiteNoDataCleanup" classname="com.runwaysdk.dataaccess.io.InstanceImportTest" time="110.066"/>
        </testsuite>
      </testsuite>
    </testsuite>
    <testsuite name="com.runwaysdk.dataaccess.SiteTest.1" time="19.993">
      <testsuite name="junit.framework.TestSuite" time="19.992">
        <testsuite name="com.runwaysdk.dataaccess.SiteTest" time="19.992">
          <testcase name="testInsert" classname="com.runwaysdk.dataaccess.SiteTest" time="0.037"/>
          <testcase name="testInvalidSite" classname="com.runwaysdk.dataaccess.SiteTest" time="19.945"/>
        </testsuite>
      </testsuite>
    </testsuite>
    <testsuite name="com.runwaysdk.dataaccess.MdFacadeTest.1" time="160.58">
      <testsuite name="junit.framework.TestSuite" time="160.58">
        <testsuite name="com.runwaysdk.dataaccess.MdFacadeTest" time="160.58">
          <testcase name="testRollback" classname="com.runwaysdk.dataaccess.MdFacadeTest" time="5.407"/>
          <testcase name="testMdFacade" classname="com.runwaysdk.dataaccess.MdFacadeTest" time="0.001"/>
          <testcase name="testFacadeMethod" classname="com.runwaysdk.dataaccess.MdFacadeTest" time="0.001"/>
          <testcase name="testEntityMethod" classname="com.runwaysdk.dataaccess.MdFacadeTest" time="0.001"/>
          <testcase name="testInvalidReturnType" classname="com.runwaysdk.dataaccess.MdFacadeTest" time="0.003"/>
          <testcase name="testInvalidUnpublishedReturnType" classname="com.runwaysdk.dataaccess.MdFacadeTest" time="0.003"/>
          <testcase name="testChangeInvalidUnpublishedReturnType" classname="com.runwaysdk.dataaccess.MdFacadeTest" time="8.37"/>
          <testcase name="testDuplicateMethodName" classname="com.runwaysdk.dataaccess.MdFacadeTest" time="0.003"/>
          <testcase name="testMdAttributeReference" classname="com.runwaysdk.dataaccess.MdFacadeTest" time="0.002"/>
          <testcase name="testMethodCleanUp" classname="com.runwaysdk.dataaccess.MdFacadeTest" time="17.599"/>
          <testcase name="testMethodCleanUp2" classname="com.runwaysdk.dataaccess.MdFacadeTest" time="9.775"/>
          <testcase name="testArrayReturnType" classname="com.runwaysdk.dataaccess.MdFacadeTest" time="0.001"/>
          <testcase name="testInvalidMethodName" classname="com.runwaysdk.dataaccess.MdFacadeTest" time="0.002"/>
          <testcase name="testFacadeParameter" classname="com.runwaysdk.dataaccess.MdFacadeTest" time="0.001"/>
          <testcase name="testEntityParameter" classname="com.runwaysdk.dataaccess.MdFacadeTest" time="0.002"/>
          <testcase name="testDuplicateParameter" classname="com.runwaysdk.dataaccess.MdFacadeTest" time="0.004"/>
          <testcase name="testUnpublishedParameter" classname="com.runwaysdk.dataaccess.MdFacadeTest" time="0.004"/>
          <testcase name="testChangeUnpublishedParameter" classname="com.runwaysdk.dataaccess.MdFacadeTest" time="6.829"/>
          <testcase name="testInvalidParameterName" classname="com.runwaysdk.dataaccess.MdFacadeTest" time="0.004"/>
          <testcase name="testInvalidParameterType" classname="com.runwaysdk.dataaccess.MdFacadeTest" time="0.008"/>
          <testcase name="testParameterNameOnDifferentMethods" classname="com.runwaysdk.dataaccess.MdFacadeTest" time="6.891"/>
          <testcase name="testDuplicateMethodNameOnSubClass" classname="com.runwaysdk.dataaccess.MdFacadeTest" time="0.003"/>
          <testcase name="testDuplicateMethodNameOnSuperClass" classname="com.runwaysdk.dataaccess.MdFacadeTest" time="6.345"/>
          <testcase name="testVoidParameterType" classname="com.runwaysdk.dataaccess.MdFacadeTest" time="0.004"/>
          <testcase name="testVoidArrayReturnType" classname="com.runwaysdk.dataaccess.MdFacadeTest" time="0.002"/>
          <testcase name="testTiedParameterOrder" classname="com.runwaysdk.dataaccess.MdFacadeTest" time="0.007"/>
          <testcase name="testDeletingAReturnTypeMdEntity" classname="com.runwaysdk.dataaccess.MdFacadeTest" time="32.76"/>
          <testcase name="testDeletingAParameterTypeMdEntity" classname="com.runwaysdk.dataaccess.MdFacadeTest" time="38.996"/>
          <testcase name="testMdEnumerationReference" classname="com.runwaysdk.dataaccess.MdFacadeTest" time="0.004"/>
          <testcase name="testParameterWithExclaimationStartCharacterName" classname="com.runwaysdk.dataaccess.MdFacadeTest" time="27.553"/>
        </testsuite>
      </testsuite>
    </testsuite>
    <testsuite name="com.runwaysdk.dataaccess.MdDomainTest.1" time="13.82">
      <testsuite name="junit.framework.TestSuite" time="13.82">
        <testsuite name="com.runwaysdk.dataaccess.MdDomainTest" time="13.82">
          <testcase name="testDomainName" classname="com.runwaysdk.dataaccess.MdDomainTest" time="0.001"/>
          <testcase name="testSetDomain" classname="com.runwaysdk.dataaccess.MdDomainTest" time="0.009"/>
          <testcase name="testRemoveDomain" classname="com.runwaysdk.dataaccess.MdDomainTest" time="13.81"/>
        </testsuite>
      </testsuite>
    </testsuite>
    <testsuite name="com.runwaysdk.dataaccess.MdControllerTest.1" time="61.578">
      <testsuite name="junit.framework.TestSuite" time="61.578">
        <testsuite name="com.runwaysdk.dataaccess.MdControllerTest" time="61.578">
          <testcase name="testDuplicateParameter" classname="com.runwaysdk.dataaccess.MdControllerTest" time="0.03"/>
          <testcase name="testInvalidParameterName" classname="com.runwaysdk.dataaccess.MdControllerTest" time="0.0"/>
          <testcase name="testInvalidParameterType" classname="com.runwaysdk.dataaccess.MdControllerTest" time="0.002"/>
          <testcase name="testParameterNameOnDifferentMethods" classname="com.runwaysdk.dataaccess.MdControllerTest" time="2.823"/>
          <testcase name="testGetMdController" classname="com.runwaysdk.dataaccess.MdControllerTest" time="0.001"/>
          <testcase name="testGetMdAction" classname="com.runwaysdk.dataaccess.MdControllerTest" time="0.005"/>
          <testcase name="testGetMdActions" classname="com.runwaysdk.dataaccess.MdControllerTest" time="0.013"/>
          <testcase name="testGetMultipleMdActions" classname="com.runwaysdk.dataaccess.MdControllerTest" time="3.043"/>
          <testcase name="testGetParameters" classname="com.runwaysdk.dataaccess.MdControllerTest" time="0.003"/>
          <testcase name="testInvalidMdActionName" classname="com.runwaysdk.dataaccess.MdControllerTest" time="0.003"/>
          <testcase name="testMdActionMultiApply" classname="com.runwaysdk.dataaccess.MdControllerTest" time="4.137"/>
          <testcase name="testNamingConstraint" classname="com.runwaysdk.dataaccess.MdControllerTest" time="0.043"/>
          <testcase name="testNamingConstraint2" classname="com.runwaysdk.dataaccess.MdControllerTest" time="2.615"/>
          <testcase name="testArrayParameterType" classname="com.runwaysdk.dataaccess.MdControllerTest" time="0.014"/>
          <testcase name="testEnclosingTypeForParameters" classname="com.runwaysdk.dataaccess.MdControllerTest" time="13.899"/>
          <testcase name="testGetActionParameters" classname="com.runwaysdk.dataaccess.MdControllerTest" time="13.439"/>
          <testcase name="testGetActionArray" classname="com.runwaysdk.dataaccess.MdControllerTest" time="0.027"/>
          <testcase name="testQueryAction" classname="com.runwaysdk.dataaccess.MdControllerTest" time="0.002"/>
          <testcase name="testFileGeneration" classname="com.runwaysdk.dataaccess.MdControllerTest" time="0.001"/>
          <testcase name="testOverwriteGenericJSPs" classname="com.runwaysdk.dataaccess.MdControllerTest" time="21.504"/>
        </testsuite>
      </testsuite>
    </testsuite>
    <testsuite name="com.runwaysdk.dataaccess.LocalizationTest.1" time="1632.531">
      <testsuite name="junit.framework.TestSuite" time="1632.531">
        <testsuite name="com.runwaysdk.dataaccess.LocalizationTest" time="1632.531">
          <testcase name="testCreateLocalizableNoStruct" classname="com.runwaysdk.dataaccess.LocalizationTest" time="13.868"/>
          <testcase name="testCreateLocalizableCustomStruct" classname="com.runwaysdk.dataaccess.LocalizationTest" time="9.086"/>
          <testcase name="testAddDeleteLocale" classname="com.runwaysdk.dataaccess.LocalizationTest" time="8.605"/>
          <testcase name="testGetLocalText" classname="com.runwaysdk.dataaccess.LocalizationTest" time="11.128"/>
          <testcase name="testUserLocale" classname="com.runwaysdk.dataaccess.LocalizationTest" time="11.127"/>
          <testcase name="testUserLocaleDTO" classname="com.runwaysdk.dataaccess.LocalizationTest" time="11.642"/>
          <testcase name="testTextDTO" classname="com.runwaysdk.dataaccess.LocalizationTest" time="9.265"/>
          <testcase name="testDefaultCharacterDTO" classname="com.runwaysdk.dataaccess.LocalizationTest" time="3.285"/>
          <testcase name="testDefaultTextDTO" classname="com.runwaysdk.dataaccess.LocalizationTest" time="0.102"/>
          <testcase name="testLocalizeDefaultDimensionQuery" classname="com.runwaysdk.dataaccess.LocalizationTest" time="142.938"/>
          <testcase name="testLocalizeDefaultDimension" classname="com.runwaysdk.dataaccess.LocalizationTest" time="152.381"/>
          <testcase name="testLocalizedLocaleWithDimensionDefault" classname="com.runwaysdk.dataaccess.LocalizationTest" time="205.955"/>
          <testcase name="testLocalizedLocaleWithDimensionDefaultQuery" classname="com.runwaysdk.dataaccess.LocalizationTest" time="174.156"/>
          <testcase name="testAddSupportedLocales" classname="com.runwaysdk.dataaccess.LocalizationTest" time="28.713"/>
          <testcase name="testAddDimension" classname="com.runwaysdk.dataaccess.LocalizationTest" time="138.791"/>
          <testcase name="testAddDimensionToLocales" classname="com.runwaysdk.dataaccess.LocalizationTest" time="198.463"/>
          <testcase name="testAddLocaleToDimension" classname="com.runwaysdk.dataaccess.LocalizationTest" time="182.964"/>
          <testcase name="testLocaleAttributes" classname="com.runwaysdk.dataaccess.LocalizationTest" time="157.673"/>
          <testcase name="testLocaleAttributesWithDefaultLocaleStruct" classname="com.runwaysdk.dataaccess.LocalizationTest" time="172.409"/>
        </testsuite>
      </testsuite>
    </testsuite>
    <testsuite name="com.runwaysdk.dataaccess.ReservedWordsTest.1" time="39.501">
      <testsuite name="junit.framework.TestSuite" time="39.502">
        <testsuite name="com.runwaysdk.dataaccess.ReservedWordsTest" time="39.502">
          <testcase name="testSQL" classname="com.runwaysdk.dataaccess.ReservedWordsTest" time="0.027"/>
          <testcase name="testJava" classname="com.runwaysdk.dataaccess.ReservedWordsTest" time="0.0"/>
          <testcase name="testBadTablename" classname="com.runwaysdk.dataaccess.ReservedWordsTest" time="0.0"/>
          <testcase name="testGoodTablename" classname="com.runwaysdk.dataaccess.ReservedWordsTest" time="10.03"/>
          <testcase name="testBadTypename" classname="com.runwaysdk.dataaccess.ReservedWordsTest" time="0.01"/>
          <testcase name="testGoodTypename" classname="com.runwaysdk.dataaccess.ReservedWordsTest" time="10.403"/>
          <testcase name="testBadColumnName" classname="com.runwaysdk.dataaccess.ReservedWordsTest" time="0.0"/>
          <testcase name="testGoodColumnName" classname="com.runwaysdk.dataaccess.ReservedWordsTest" time="2.871"/>
          <testcase name="testBadAttributeName" classname="com.runwaysdk.dataaccess.ReservedWordsTest" time="0.009"/>
          <testcase name="testGoodAttributeName" classname="com.runwaysdk.dataaccess.ReservedWordsTest" time="3.224"/>
          <testcase name="testInvalidCopiedColumnName" classname="com.runwaysdk.dataaccess.ReservedWordsTest" time="12.953"/>
        </testsuite>
      </testsuite>
    </testsuite>
    <testsuite name="com.runwaysdk.dataaccess.KeyTest.1" time="10.625">
      <testsuite name="junit.framework.TestSuite" time="10.625">
        <testsuite name="com.runwaysdk.dataaccess.KeyTest" time="10.625">
          <testcase name="testIndex" classname="com.runwaysdk.dataaccess.KeyTest" time="0.004"/>
          <testcase name="testDuplicateKey" classname="com.runwaysdk.dataaccess.KeyTest" time="10.621"/>
        </testsuite>
      </testsuite>
    </testsuite>
    <testsuite name="com.runwaysdk.dataaccess.resolver.ResolverTest.1" time="1631.971">
      <testsuite name="junit.framework.TestSuite" time="1631.971">
        <testsuite name="com.runwaysdk.dataaccess.resolver.ResolverTest" time="1631.971">
          <testcase name="testResolver" classname="com.runwaysdk.dataaccess.resolver.ResolverTest" time="43.645"/>
          <testcase name="testConflictInSingleTransaction" classname="com.runwaysdk.dataaccess.resolver.ResolverTest" time="43.975"/>
          <testcase name="testConflictOnDelete" classname="com.runwaysdk.dataaccess.resolver.ResolverTest" time="143.677"/>
          <testcase name="testConflictWithMultiApply" classname="com.runwaysdk.dataaccess.resolver.ResolverTest" time="227.829"/>
          <testcase name="testConflictOnCreation" classname="com.runwaysdk.dataaccess.resolver.ResolverTest" time="94.75"/>
          <testcase name="testConflictOnParent" classname="com.runwaysdk.dataaccess.resolver.ResolverTest" time="244.82"/>
          <testcase name="testConflictOnChild" classname="com.runwaysdk.dataaccess.resolver.ResolverTest" time="249.3"/>
          <testcase name="testSiteMasterAfterConflict" classname="com.runwaysdk.dataaccess.resolver.ResolverTest" time="97.479"/>
          <testcase name="testSynchronizationOfResolvedFile" classname="com.runwaysdk.dataaccess.resolver.ResolverTest" time="61.297"/>
          <testcase name="testCardinalityConstraint" classname="com.runwaysdk.dataaccess.resolver.ResolverTest" time="245.51"/>
          <testcase name="testConflictOnInvalidReference" classname="com.runwaysdk.dataaccess.resolver.ResolverTest" time="179.717"/>
        </testsuite>
      </testsuite>
    </testsuite>
    <testsuite name="com.runwaysdk.dataaccess.resolver.TransactionImportTest.1" time="900.365">
      <testsuite name="junit.framework.TestSuite" time="900.365">
        <testsuite name="com.runwaysdk.dataaccess.resolver.TransactionImportTest" time="900.365">
          <testcase name="testDataPropigation" classname="com.runwaysdk.dataaccess.resolver.TransactionImportTest" time="67.99"/>
          <testcase name="testGreaterImporterVersion" classname="com.runwaysdk.dataaccess.resolver.TransactionImportTest" time="68.529"/>
          <testcase name="testLesserImporterVersion" classname="com.runwaysdk.dataaccess.resolver.TransactionImportTest" time="49.25"/>
          <testcase name="testImportDeleteFromSameDomain" classname="com.runwaysdk.dataaccess.resolver.TransactionImportTest" time="67.213"/>
          <testcase name="testImportOfMdWarning" classname="com.runwaysdk.dataaccess.resolver.TransactionImportTest" time="22.096"/>
          <testcase name="testImportOfStructAttribute" classname="com.runwaysdk.dataaccess.resolver.TransactionImportTest" time="73.284"/>
          <testcase name="testImportOfStructAttributeInSingleTransaction" classname="com.runwaysdk.dataaccess.resolver.TransactionImportTest" time="64.328"/>
          <testcase name="testImportOfLocalCharacter" classname="com.runwaysdk.dataaccess.resolver.TransactionImportTest" time="70.528"/>
          <testcase name="testImportOfLocalText" classname="com.runwaysdk.dataaccess.resolver.TransactionImportTest" time="71.708"/>
          <testcase name="testImportLog" classname="com.runwaysdk.dataaccess.resolver.TransactionImportTest" time="99.472"/>
          <testcase name="testSkipOfImportApplyFromSameDomain" classname="com.runwaysdk.dataaccess.resolver.TransactionImportTest" time="31.652"/>
          <testcase name="testTransactionUpdate" classname="com.runwaysdk.dataaccess.resolver.TransactionImportTest" time="34.42"/>
          <testcase name="testExportAndImportOfVaultFiles" classname="com.runwaysdk.dataaccess.resolver.TransactionImportTest" time="13.06"/>
          <testcase name="testUpldateLocalCharacterValue" classname="com.runwaysdk.dataaccess.resolver.TransactionImportTest" time="59.596"/>
          <testcase name="testUpdateExemptRoleName" classname="com.runwaysdk.dataaccess.resolver.TransactionImportTest" time="12.087"/>
          <testcase name="testUpldateExistingWithLocalCharacterAttributes" classname="com.runwaysdk.dataaccess.resolver.TransactionImportTest" time="95.17"/>
        </testsuite>
      </testsuite>
    </testsuite>
    <testsuite name="com.runwaysdk.dataaccess.MdWebFormTest.1" time="33.154">
      <testsuite name="junit.framework.TestSuite" time="33.154">
        <testsuite name="com.runwaysdk.dataaccess.MdWebFormTest" time="33.154">
          <testcase name="testText" classname="com.runwaysdk.dataaccess.MdWebFormTest" time="0.199"/>
          <testcase name="testCharacter" classname="com.runwaysdk.dataaccess.MdWebFormTest" time="0.18"/>
          <testcase name="testInteger" classname="com.runwaysdk.dataaccess.MdWebFormTest" time="0.17"/>
          <testcase name="testFloat" classname="com.runwaysdk.dataaccess.MdWebFormTest" time="0.163"/>
          <testcase name="testDouble" classname="com.runwaysdk.dataaccess.MdWebFormTest" time="0.173"/>
          <testcase name="testDate" classname="com.runwaysdk.dataaccess.MdWebFormTest" time="0.176"/>
          <testcase name="testBoolean" classname="com.runwaysdk.dataaccess.MdWebFormTest" time="0.164"/>
          <testcase name="testFormMetadata" classname="com.runwaysdk.dataaccess.MdWebFormTest" time="0.001"/>
          <testcase name="testFields" classname="com.runwaysdk.dataaccess.MdWebFormTest" time="0.165"/>
          <testcase name="testGeo" classname="com.runwaysdk.dataaccess.MdWebFormTest" time="0.168"/>
          <testcase name="testSingleTerm" classname="com.runwaysdk.dataaccess.MdWebFormTest" time="0.17"/>
          <testcase name="testMultipleTerm" classname="com.runwaysdk.dataaccess.MdWebFormTest" time="0.161"/>
          <testcase name="testSingleTermGrid" classname="com.runwaysdk.dataaccess.MdWebFormTest" time="31.319"/>
        </testsuite>
      </testsuite>
    </testsuite>
    <testsuite name="com.runwaysdk.dataaccess.AttributeValidationTest.1" time="22.688">
      <testsuite name="junit.framework.TestSuite" time="22.688">
        <testsuite name="com.runwaysdk.dataaccess.AttributeValidationTest" time="22.688">
          <testcase name="testValidDouble" classname="com.runwaysdk.dataaccess.AttributeValidationTest" time="0.009"/>
          <testcase name="testUpperLimitDouble" classname="com.runwaysdk.dataaccess.AttributeValidationTest" time="0.006"/>
          <testcase name="testLowerLimitDouble" classname="com.runwaysdk.dataaccess.AttributeValidationTest" time="0.007"/>
          <testcase name="testOverUpperLimitDouble" classname="com.runwaysdk.dataaccess.AttributeValidationTest" time="0.036">
            <error>com.runwaysdk.dataaccess.attributes.AttributeValueException: [20] is not a valid value for Attribute [testDouble] on type [test.xmlclasses.Class1] - the value cannot be greater than [15.0].
	at com.runwaysdk.dataaccess.attributes.entity.AttributeNumber.validateRange(AttributeNumber.java:124)
	at com.runwaysdk.dataaccess.attributes.entity.AttributeNumber.validate(AttributeNumber.java:70)
	at com.runwaysdk.dataaccess.attributes.entity.AttributeDouble.validate(AttributeDouble.java:75)
	at com.runwaysdk.dataaccess.attributes.entity.Attribute.setValue(Attribute.java:389)
	at com.runwaysdk.dataaccess.attributes.entity.Attribute.setValueAndValidate(Attribute.java:457)
	at com.runwaysdk.dataaccess.EntityDAO.setValue(EntityDAO.java:431)
	at com.runwaysdk.dataaccess.AttributeValidationTest.testOverUpperLimitDouble(AttributeValidationTest.java:190)
	at sun.reflect.NativeMethodAccessorImpl.invoke0(Native Method)
	at sun.reflect.NativeMethodAccessorImpl.invoke(NativeMethodAccessorImpl.java:39)
	at sun.reflect.DelegatingMethodAccessorImpl.invoke(DelegatingMethodAccessorImpl.java:25)
	at java.lang.reflect.Method.invoke(Method.java:597)
	at junit.framework.TestCase.runTest(TestCase.java:154)
	at junit.framework.TestCase.runBare(TestCase.java:127)
	at junit.framework.TestResult$1.protect(TestResult.java:106)
	at junit.framework.TestResult.runProtected(TestResult.java:124)
	at junit.framework.TestResult.run(TestResult.java:109)
	at junit.framework.TestCase.run(TestCase.java:118)
	at com.runwaysdk.dataaccess.AttributeValidationTest.run(AttributeValidationTest.java:64)
	at junit.framework.TestSuite.runTest(TestSuite.java:208)
	at junit.framework.TestSuite.run(TestSuite.java:203)
	at junit.framework.TestSuite.runTest(TestSuite.java:208)
	at junit.framework.TestSuite.run(TestSuite.java:203)
	at junit.extensions.TestDecorator.basicRun(TestDecorator.java:22)
	at junit.extensions.TestSetup$1.protect(TestSetup.java:19)
	at junit.framework.TestResult.runProtected(TestResult.java:124)
	at junit.extensions.TestSetup.run(TestSetup.java:23)
	at junit.framework.TestSuite.runTest(TestSuite.java:208)
	at junit.framework.TestSuite.run(TestSuite.java:203)
	at org.eclipse.jdt.internal.junit.runner.junit3.JUnit3TestReference.run(JUnit3TestReference.java:130)
	at org.eclipse.jdt.internal.junit.runner.TestExecution.run(TestExecution.java:38)
	at org.eclipse.jdt.internal.junit.runner.RemoteTestRunner.runTests(RemoteTestRunner.java:467)
	at org.eclipse.jdt.internal.junit.runner.RemoteTestRunner.runTests(RemoteTestRunner.java:683)
	at org.eclipse.jdt.internal.junit.runner.RemoteTestRunner.run(RemoteTestRunner.java:390)
	at org.eclipse.jdt.internal.junit.runner.RemoteTestRunner.main(RemoteTestRunner.java:197)

</error>
          </testcase>
          <testcase name="testOverLowerLimitDouble" classname="com.runwaysdk.dataaccess.AttributeValidationTest" time="0.0">
            <error>com.runwaysdk.dataaccess.attributes.AttributeValueException: [-13] is not a valid value for Attribute [testDouble] on type [test.xmlclasses.Class1] - the value cannot be less than [-4.0].
	at com.runwaysdk.dataaccess.attributes.entity.AttributeNumber.validateRange(AttributeNumber.java:116)
	at com.runwaysdk.dataaccess.attributes.entity.AttributeNumber.validate(AttributeNumber.java:70)
	at com.runwaysdk.dataaccess.attributes.entity.AttributeDouble.validate(AttributeDouble.java:75)
	at com.runwaysdk.dataaccess.attributes.entity.Attribute.setValue(Attribute.java:389)
	at com.runwaysdk.dataaccess.attributes.entity.Attribute.setValueAndValidate(Attribute.java:457)
	at com.runwaysdk.dataaccess.EntityDAO.setValue(EntityDAO.java:431)
	at com.runwaysdk.dataaccess.AttributeValidationTest.testOverLowerLimitDouble(AttributeValidationTest.java:215)
	at sun.reflect.NativeMethodAccessorImpl.invoke0(Native Method)
	at sun.reflect.NativeMethodAccessorImpl.invoke(NativeMethodAccessorImpl.java:39)
	at sun.reflect.DelegatingMethodAccessorImpl.invoke(DelegatingMethodAccessorImpl.java:25)
	at java.lang.reflect.Method.invoke(Method.java:597)
	at junit.framework.TestCase.runTest(TestCase.java:154)
	at junit.framework.TestCase.runBare(TestCase.java:127)
	at junit.framework.TestResult$1.protect(TestResult.java:106)
	at junit.framework.TestResult.runProtected(TestResult.java:124)
	at junit.framework.TestResult.run(TestResult.java:109)
	at junit.framework.TestCase.run(TestCase.java:118)
	at com.runwaysdk.dataaccess.AttributeValidationTest.run(AttributeValidationTest.java:64)
	at junit.framework.TestSuite.runTest(TestSuite.java:208)
	at junit.framework.TestSuite.run(TestSuite.java:203)
	at junit.framework.TestSuite.runTest(TestSuite.java:208)
	at junit.framework.TestSuite.run(TestSuite.java:203)
	at junit.extensions.TestDecorator.basicRun(TestDecorator.java:22)
	at junit.extensions.TestSetup$1.protect(TestSetup.java:19)
	at junit.framework.TestResult.runProtected(TestResult.java:124)
	at junit.extensions.TestSetup.run(TestSetup.java:23)
	at junit.framework.TestSuite.runTest(TestSuite.java:208)
	at junit.framework.TestSuite.run(TestSuite.java:203)
	at org.eclipse.jdt.internal.junit.runner.junit3.JUnit3TestReference.run(JUnit3TestReference.java:130)
	at org.eclipse.jdt.internal.junit.runner.TestExecution.run(TestExecution.java:38)
	at org.eclipse.jdt.internal.junit.runner.RemoteTestRunner.runTests(RemoteTestRunner.java:467)
	at org.eclipse.jdt.internal.junit.runner.RemoteTestRunner.runTests(RemoteTestRunner.java:683)
	at org.eclipse.jdt.internal.junit.runner.RemoteTestRunner.run(RemoteTestRunner.java:390)
	at org.eclipse.jdt.internal.junit.runner.RemoteTestRunner.main(RemoteTestRunner.java:197)

</error>
          </testcase>
          <testcase name="testValidDecimal" classname="com.runwaysdk.dataaccess.AttributeValidationTest" time="0.0"/>
          <testcase name="testUpperLimitDecimal" classname="com.runwaysdk.dataaccess.AttributeValidationTest" time="0.001"/>
          <testcase name="testLowerLimitDecimal" classname="com.runwaysdk.dataaccess.AttributeValidationTest" time="0.005"/>
          <testcase name="testOverUpperLimitDecimal" classname="com.runwaysdk.dataaccess.AttributeValidationTest" time="0.016">
            <error>com.runwaysdk.dataaccess.attributes.AttributeValueException: [20] is not a valid value for Attribute [testDecimal] on type [test.xmlclasses.Class1] - the value cannot be greater than [15.0].
	at com.runwaysdk.dataaccess.attributes.entity.AttributeNumber.validateRange(AttributeNumber.java:124)
	at com.runwaysdk.dataaccess.attributes.entity.AttributeNumber.validate(AttributeNumber.java:70)
	at com.runwaysdk.dataaccess.attributes.entity.AttributeDecimal.validate(AttributeDecimal.java:169)
	at com.runwaysdk.dataaccess.attributes.entity.Attribute.setValue(Attribute.java:389)
	at com.runwaysdk.dataaccess.attributes.entity.AttributeDecimal.setValue(AttributeDecimal.java:104)
	at com.runwaysdk.dataaccess.attributes.entity.Attribute.setValueAndValidate(Attribute.java:457)
	at com.runwaysdk.dataaccess.EntityDAO.setValue(EntityDAO.java:431)
	at com.runwaysdk.dataaccess.AttributeValidationTest.testOverUpperLimitDecimal(AttributeValidationTest.java:261)
	at sun.reflect.NativeMethodAccessorImpl.invoke0(Native Method)
	at sun.reflect.NativeMethodAccessorImpl.invoke(NativeMethodAccessorImpl.java:39)
	at sun.reflect.DelegatingMethodAccessorImpl.invoke(DelegatingMethodAccessorImpl.java:25)
	at java.lang.reflect.Method.invoke(Method.java:597)
	at junit.framework.TestCase.runTest(TestCase.java:154)
	at junit.framework.TestCase.runBare(TestCase.java:127)
	at junit.framework.TestResult$1.protect(TestResult.java:106)
	at junit.framework.TestResult.runProtected(TestResult.java:124)
	at junit.framework.TestResult.run(TestResult.java:109)
	at junit.framework.TestCase.run(TestCase.java:118)
	at com.runwaysdk.dataaccess.AttributeValidationTest.run(AttributeValidationTest.java:64)
	at junit.framework.TestSuite.runTest(TestSuite.java:208)
	at junit.framework.TestSuite.run(TestSuite.java:203)
	at junit.framework.TestSuite.runTest(TestSuite.java:208)
	at junit.framework.TestSuite.run(TestSuite.java:203)
	at junit.extensions.TestDecorator.basicRun(TestDecorator.java:22)
	at junit.extensions.TestSetup$1.protect(TestSetup.java:19)
	at junit.framework.TestResult.runProtected(TestResult.java:124)
	at junit.extensions.TestSetup.run(TestSetup.java:23)
	at junit.framework.TestSuite.runTest(TestSuite.java:208)
	at junit.framework.TestSuite.run(TestSuite.java:203)
	at org.eclipse.jdt.internal.junit.runner.junit3.JUnit3TestReference.run(JUnit3TestReference.java:130)
	at org.eclipse.jdt.internal.junit.runner.TestExecution.run(TestExecution.java:38)
	at org.eclipse.jdt.internal.junit.runner.RemoteTestRunner.runTests(RemoteTestRunner.java:467)
	at org.eclipse.jdt.internal.junit.runner.RemoteTestRunner.runTests(RemoteTestRunner.java:683)
	at org.eclipse.jdt.internal.junit.runner.RemoteTestRunner.run(RemoteTestRunner.java:390)
	at org.eclipse.jdt.internal.junit.runner.RemoteTestRunner.main(RemoteTestRunner.java:197)

</error>
          </testcase>
          <testcase name="testOverLowerLimitDecimal" classname="com.runwaysdk.dataaccess.AttributeValidationTest" time="0.001">
            <error>com.runwaysdk.dataaccess.attributes.AttributeValueException: [-13] is not a valid value for Attribute [testDecimal] on type [test.xmlclasses.Class1] - the value cannot be less than [-4.0].
	at com.runwaysdk.dataaccess.attributes.entity.AttributeNumber.validateRange(AttributeNumber.java:116)
	at com.runwaysdk.dataaccess.attributes.entity.AttributeNumber.validate(AttributeNumber.java:70)
	at com.runwaysdk.dataaccess.attributes.entity.AttributeDecimal.validate(AttributeDecimal.java:169)
	at com.runwaysdk.dataaccess.attributes.entity.Attribute.setValue(Attribute.java:389)
	at com.runwaysdk.dataaccess.attributes.entity.AttributeDecimal.setValue(AttributeDecimal.java:104)
	at com.runwaysdk.dataaccess.attributes.entity.Attribute.setValueAndValidate(Attribute.java:457)
	at com.runwaysdk.dataaccess.EntityDAO.setValue(EntityDAO.java:431)
	at com.runwaysdk.dataaccess.AttributeValidationTest.testOverLowerLimitDecimal(AttributeValidationTest.java:286)
	at sun.reflect.NativeMethodAccessorImpl.invoke0(Native Method)
	at sun.reflect.NativeMethodAccessorImpl.invoke(NativeMethodAccessorImpl.java:39)
	at sun.reflect.DelegatingMethodAccessorImpl.invoke(DelegatingMethodAccessorImpl.java:25)
	at java.lang.reflect.Method.invoke(Method.java:597)
	at junit.framework.TestCase.runTest(TestCase.java:154)
	at junit.framework.TestCase.runBare(TestCase.java:127)
	at junit.framework.TestResult$1.protect(TestResult.java:106)
	at junit.framework.TestResult.runProtected(TestResult.java:124)
	at junit.framework.TestResult.run(TestResult.java:109)
	at junit.framework.TestCase.run(TestCase.java:118)
	at com.runwaysdk.dataaccess.AttributeValidationTest.run(AttributeValidationTest.java:64)
	at junit.framework.TestSuite.runTest(TestSuite.java:208)
	at junit.framework.TestSuite.run(TestSuite.java:203)
	at junit.framework.TestSuite.runTest(TestSuite.java:208)
	at junit.framework.TestSuite.run(TestSuite.java:203)
	at junit.extensions.TestDecorator.basicRun(TestDecorator.java:22)
	at junit.extensions.TestSetup$1.protect(TestSetup.java:19)
	at junit.framework.TestResult.runProtected(TestResult.java:124)
	at junit.extensions.TestSetup.run(TestSetup.java:23)
	at junit.framework.TestSuite.runTest(TestSuite.java:208)
	at junit.framework.TestSuite.run(TestSuite.java:203)
	at org.eclipse.jdt.internal.junit.runner.junit3.JUnit3TestReference.run(JUnit3TestReference.java:130)
	at org.eclipse.jdt.internal.junit.runner.TestExecution.run(TestExecution.java:38)
	at org.eclipse.jdt.internal.junit.runner.RemoteTestRunner.runTests(RemoteTestRunner.java:467)
	at org.eclipse.jdt.internal.junit.runner.RemoteTestRunner.runTests(RemoteTestRunner.java:683)
	at org.eclipse.jdt.internal.junit.runner.RemoteTestRunner.run(RemoteTestRunner.java:390)
	at org.eclipse.jdt.internal.junit.runner.RemoteTestRunner.main(RemoteTestRunner.java:197)

</error>
          </testcase>
          <testcase name="testValidFloat" classname="com.runwaysdk.dataaccess.AttributeValidationTest" time="0.02"/>
          <testcase name="testUpperLimitFloat" classname="com.runwaysdk.dataaccess.AttributeValidationTest" time="0.005"/>
          <testcase name="testLowerLimitFloat" classname="com.runwaysdk.dataaccess.AttributeValidationTest" time="0.004"/>
          <testcase name="testOverUpperLimitFloat" classname="com.runwaysdk.dataaccess.AttributeValidationTest" time="0.001">
            <error>com.runwaysdk.dataaccess.attributes.AttributeValueException: [20] is not a valid value for Attribute [testFloat] on type [test.xmlclasses.Class1] - the value cannot be greater than [15.0].
	at com.runwaysdk.dataaccess.attributes.entity.AttributeNumber.validateRange(AttributeNumber.java:124)
	at com.runwaysdk.dataaccess.attributes.entity.AttributeNumber.validate(AttributeNumber.java:70)
	at com.runwaysdk.dataaccess.attributes.entity.AttributeFloat.validate(AttributeFloat.java:76)
	at com.runwaysdk.dataaccess.attributes.entity.Attribute.setValue(Attribute.java:389)
	at com.runwaysdk.dataaccess.attributes.entity.Attribute.setValueAndValidate(Attribute.java:457)
	at com.runwaysdk.dataaccess.EntityDAO.setValue(EntityDAO.java:431)
	at com.runwaysdk.dataaccess.AttributeValidationTest.testOverUpperLimitFloat(AttributeValidationTest.java:332)
	at sun.reflect.NativeMethodAccessorImpl.invoke0(Native Method)
	at sun.reflect.NativeMethodAccessorImpl.invoke(NativeMethodAccessorImpl.java:39)
	at sun.reflect.DelegatingMethodAccessorImpl.invoke(DelegatingMethodAccessorImpl.java:25)
	at java.lang.reflect.Method.invoke(Method.java:597)
	at junit.framework.TestCase.runTest(TestCase.java:154)
	at junit.framework.TestCase.runBare(TestCase.java:127)
	at junit.framework.TestResult$1.protect(TestResult.java:106)
	at junit.framework.TestResult.runProtected(TestResult.java:124)
	at junit.framework.TestResult.run(TestResult.java:109)
	at junit.framework.TestCase.run(TestCase.java:118)
	at com.runwaysdk.dataaccess.AttributeValidationTest.run(AttributeValidationTest.java:64)
	at junit.framework.TestSuite.runTest(TestSuite.java:208)
	at junit.framework.TestSuite.run(TestSuite.java:203)
	at junit.framework.TestSuite.runTest(TestSuite.java:208)
	at junit.framework.TestSuite.run(TestSuite.java:203)
	at junit.extensions.TestDecorator.basicRun(TestDecorator.java:22)
	at junit.extensions.TestSetup$1.protect(TestSetup.java:19)
	at junit.framework.TestResult.runProtected(TestResult.java:124)
	at junit.extensions.TestSetup.run(TestSetup.java:23)
	at junit.framework.TestSuite.runTest(TestSuite.java:208)
	at junit.framework.TestSuite.run(TestSuite.java:203)
	at org.eclipse.jdt.internal.junit.runner.junit3.JUnit3TestReference.run(JUnit3TestReference.java:130)
	at org.eclipse.jdt.internal.junit.runner.TestExecution.run(TestExecution.java:38)
	at org.eclipse.jdt.internal.junit.runner.RemoteTestRunner.runTests(RemoteTestRunner.java:467)
	at org.eclipse.jdt.internal.junit.runner.RemoteTestRunner.runTests(RemoteTestRunner.java:683)
	at org.eclipse.jdt.internal.junit.runner.RemoteTestRunner.run(RemoteTestRunner.java:390)
	at org.eclipse.jdt.internal.junit.runner.RemoteTestRunner.main(RemoteTestRunner.java:197)

</error>
          </testcase>
          <testcase name="testOverLowerLimitFloat" classname="com.runwaysdk.dataaccess.AttributeValidationTest" time="0.0">
            <error>com.runwaysdk.dataaccess.attributes.AttributeValueException: [-13] is not a valid value for Attribute [testFloat] on type [test.xmlclasses.Class1] - the value cannot be less than [-4.0].
	at com.runwaysdk.dataaccess.attributes.entity.AttributeNumber.validateRange(AttributeNumber.java:116)
	at com.runwaysdk.dataaccess.attributes.entity.AttributeNumber.validate(AttributeNumber.java:70)
	at com.runwaysdk.dataaccess.attributes.entity.AttributeFloat.validate(AttributeFloat.java:76)
	at com.runwaysdk.dataaccess.attributes.entity.Attribute.setValue(Attribute.java:389)
	at com.runwaysdk.dataaccess.attributes.entity.Attribute.setValueAndValidate(Attribute.java:457)
	at com.runwaysdk.dataaccess.EntityDAO.setValue(EntityDAO.java:431)
	at com.runwaysdk.dataaccess.AttributeValidationTest.testOverLowerLimitFloat(AttributeValidationTest.java:357)
	at sun.reflect.NativeMethodAccessorImpl.invoke0(Native Method)
	at sun.reflect.NativeMethodAccessorImpl.invoke(NativeMethodAccessorImpl.java:39)
	at sun.reflect.DelegatingMethodAccessorImpl.invoke(DelegatingMethodAccessorImpl.java:25)
	at java.lang.reflect.Method.invoke(Method.java:597)
	at junit.framework.TestCase.runTest(TestCase.java:154)
	at junit.framework.TestCase.runBare(TestCase.java:127)
	at junit.framework.TestResult$1.protect(TestResult.java:106)
	at junit.framework.TestResult.runProtected(TestResult.java:124)
	at junit.framework.TestResult.run(TestResult.java:109)
	at junit.framework.TestCase.run(TestCase.java:118)
	at com.runwaysdk.dataaccess.AttributeValidationTest.run(AttributeValidationTest.java:64)
	at junit.framework.TestSuite.runTest(TestSuite.java:208)
	at junit.framework.TestSuite.run(TestSuite.java:203)
	at junit.framework.TestSuite.runTest(TestSuite.java:208)
	at junit.framework.TestSuite.run(TestSuite.java:203)
	at junit.extensions.TestDecorator.basicRun(TestDecorator.java:22)
	at junit.extensions.TestSetup$1.protect(TestSetup.java:19)
	at junit.framework.TestResult.runProtected(TestResult.java:124)
	at junit.extensions.TestSetup.run(TestSetup.java:23)
	at junit.framework.TestSuite.runTest(TestSuite.java:208)
	at junit.framework.TestSuite.run(TestSuite.java:203)
	at org.eclipse.jdt.internal.junit.runner.junit3.JUnit3TestReference.run(JUnit3TestReference.java:130)
	at org.eclipse.jdt.internal.junit.runner.TestExecution.run(TestExecution.java:38)
	at org.eclipse.jdt.internal.junit.runner.RemoteTestRunner.runTests(RemoteTestRunner.java:467)
	at org.eclipse.jdt.internal.junit.runner.RemoteTestRunner.runTests(RemoteTestRunner.java:683)
	at org.eclipse.jdt.internal.junit.runner.RemoteTestRunner.run(RemoteTestRunner.java:390)
	at org.eclipse.jdt.internal.junit.runner.RemoteTestRunner.main(RemoteTestRunner.java:197)

</error>
          </testcase>
          <testcase name="testValidLong" classname="com.runwaysdk.dataaccess.AttributeValidationTest" time="0.005"/>
          <testcase name="testUpperLimitLong" classname="com.runwaysdk.dataaccess.AttributeValidationTest" time="0.004"/>
          <testcase name="testLowerLimitLong" classname="com.runwaysdk.dataaccess.AttributeValidationTest" time="0.005"/>
          <testcase name="testOverUpperLimitLong" classname="com.runwaysdk.dataaccess.AttributeValidationTest" time="0.001">
            <error>com.runwaysdk.dataaccess.attributes.AttributeValueException: [20] is not a valid value for Attribute [testLong] on type [test.xmlclasses.Class1] - the value cannot be greater than [15.0].
	at com.runwaysdk.dataaccess.attributes.entity.AttributeNumber.validateRange(AttributeNumber.java:124)
	at com.runwaysdk.dataaccess.attributes.entity.AttributeNumber.validate(AttributeNumber.java:70)
	at com.runwaysdk.dataaccess.attributes.entity.AttributeLong.validate(AttributeLong.java:72)
	at com.runwaysdk.dataaccess.attributes.entity.Attribute.setValue(Attribute.java:389)
	at com.runwaysdk.dataaccess.attributes.entity.Attribute.setValueAndValidate(Attribute.java:457)
	at com.runwaysdk.dataaccess.EntityDAO.setValue(EntityDAO.java:431)
	at com.runwaysdk.dataaccess.AttributeValidationTest.testOverUpperLimitLong(AttributeValidationTest.java:403)
	at sun.reflect.NativeMethodAccessorImpl.invoke0(Native Method)
	at sun.reflect.NativeMethodAccessorImpl.invoke(NativeMethodAccessorImpl.java:39)
	at sun.reflect.DelegatingMethodAccessorImpl.invoke(DelegatingMethodAccessorImpl.java:25)
	at java.lang.reflect.Method.invoke(Method.java:597)
	at junit.framework.TestCase.runTest(TestCase.java:154)
	at junit.framework.TestCase.runBare(TestCase.java:127)
	at junit.framework.TestResult$1.protect(TestResult.java:106)
	at junit.framework.TestResult.runProtected(TestResult.java:124)
	at junit.framework.TestResult.run(TestResult.java:109)
	at junit.framework.TestCase.run(TestCase.java:118)
	at com.runwaysdk.dataaccess.AttributeValidationTest.run(AttributeValidationTest.java:64)
	at junit.framework.TestSuite.runTest(TestSuite.java:208)
	at junit.framework.TestSuite.run(TestSuite.java:203)
	at junit.framework.TestSuite.runTest(TestSuite.java:208)
	at junit.framework.TestSuite.run(TestSuite.java:203)
	at junit.extensions.TestDecorator.basicRun(TestDecorator.java:22)
	at junit.extensions.TestSetup$1.protect(TestSetup.java:19)
	at junit.framework.TestResult.runProtected(TestResult.java:124)
	at junit.extensions.TestSetup.run(TestSetup.java:23)
	at junit.framework.TestSuite.runTest(TestSuite.java:208)
	at junit.framework.TestSuite.run(TestSuite.java:203)
	at org.eclipse.jdt.internal.junit.runner.junit3.JUnit3TestReference.run(JUnit3TestReference.java:130)
	at org.eclipse.jdt.internal.junit.runner.TestExecution.run(TestExecution.java:38)
	at org.eclipse.jdt.internal.junit.runner.RemoteTestRunner.runTests(RemoteTestRunner.java:467)
	at org.eclipse.jdt.internal.junit.runner.RemoteTestRunner.runTests(RemoteTestRunner.java:683)
	at org.eclipse.jdt.internal.junit.runner.RemoteTestRunner.run(RemoteTestRunner.java:390)
	at org.eclipse.jdt.internal.junit.runner.RemoteTestRunner.main(RemoteTestRunner.java:197)

</error>
          </testcase>
          <testcase name="testOverLowerLimitLong" classname="com.runwaysdk.dataaccess.AttributeValidationTest" time="0.0">
            <error>com.runwaysdk.dataaccess.attributes.AttributeValueException: [-13] is not a valid value for Attribute [testLong] on type [test.xmlclasses.Class1] - the value cannot be less than [-4.0].
	at com.runwaysdk.dataaccess.attributes.entity.AttributeNumber.validateRange(AttributeNumber.java:116)
	at com.runwaysdk.dataaccess.attributes.entity.AttributeNumber.validate(AttributeNumber.java:70)
	at com.runwaysdk.dataaccess.attributes.entity.AttributeLong.validate(AttributeLong.java:72)
	at com.runwaysdk.dataaccess.attributes.entity.Attribute.setValue(Attribute.java:389)
	at com.runwaysdk.dataaccess.attributes.entity.Attribute.setValueAndValidate(Attribute.java:457)
	at com.runwaysdk.dataaccess.EntityDAO.setValue(EntityDAO.java:431)
	at com.runwaysdk.dataaccess.AttributeValidationTest.testOverLowerLimitLong(AttributeValidationTest.java:428)
	at sun.reflect.NativeMethodAccessorImpl.invoke0(Native Method)
	at sun.reflect.NativeMethodAccessorImpl.invoke(NativeMethodAccessorImpl.java:39)
	at sun.reflect.DelegatingMethodAccessorImpl.invoke(DelegatingMethodAccessorImpl.java:25)
	at java.lang.reflect.Method.invoke(Method.java:597)
	at junit.framework.TestCase.runTest(TestCase.java:154)
	at junit.framework.TestCase.runBare(TestCase.java:127)
	at junit.framework.TestResult$1.protect(TestResult.java:106)
	at junit.framework.TestResult.runProtected(TestResult.java:124)
	at junit.framework.TestResult.run(TestResult.java:109)
	at junit.framework.TestCase.run(TestCase.java:118)
	at com.runwaysdk.dataaccess.AttributeValidationTest.run(AttributeValidationTest.java:64)
	at junit.framework.TestSuite.runTest(TestSuite.java:208)
	at junit.framework.TestSuite.run(TestSuite.java:203)
	at junit.framework.TestSuite.runTest(TestSuite.java:208)
	at junit.framework.TestSuite.run(TestSuite.java:203)
	at junit.extensions.TestDecorator.basicRun(TestDecorator.java:22)
	at junit.extensions.TestSetup$1.protect(TestSetup.java:19)
	at junit.framework.TestResult.runProtected(TestResult.java:124)
	at junit.extensions.TestSetup.run(TestSetup.java:23)
	at junit.framework.TestSuite.runTest(TestSuite.java:208)
	at junit.framework.TestSuite.run(TestSuite.java:203)
	at org.eclipse.jdt.internal.junit.runner.junit3.JUnit3TestReference.run(JUnit3TestReference.java:130)
	at org.eclipse.jdt.internal.junit.runner.TestExecution.run(TestExecution.java:38)
	at org.eclipse.jdt.internal.junit.runner.RemoteTestRunner.runTests(RemoteTestRunner.java:467)
	at org.eclipse.jdt.internal.junit.runner.RemoteTestRunner.runTests(RemoteTestRunner.java:683)
	at org.eclipse.jdt.internal.junit.runner.RemoteTestRunner.run(RemoteTestRunner.java:390)
	at org.eclipse.jdt.internal.junit.runner.RemoteTestRunner.main(RemoteTestRunner.java:197)

</error>
          </testcase>
          <testcase name="testValidInteger" classname="com.runwaysdk.dataaccess.AttributeValidationTest" time="0.005"/>
          <testcase name="testUpperLimitInteger" classname="com.runwaysdk.dataaccess.AttributeValidationTest" time="0.004"/>
          <testcase name="testLowerLimitInteger" classname="com.runwaysdk.dataaccess.AttributeValidationTest" time="0.005"/>
          <testcase name="testOverUpperLimitInteger" classname="com.runwaysdk.dataaccess.AttributeValidationTest" time="0.001">
            <error>com.runwaysdk.dataaccess.attributes.AttributeValueException: [20] is not a valid value for Attribute [testInteger] on type [test.xmlclasses.Class1] - the value cannot be greater than [15.0].
	at com.runwaysdk.dataaccess.attributes.entity.AttributeNumber.validateRange(AttributeNumber.java:124)
	at com.runwaysdk.dataaccess.attributes.entity.AttributeNumber.validate(AttributeNumber.java:70)
	at com.runwaysdk.dataaccess.attributes.entity.AttributeInteger.validate(AttributeInteger.java:72)
	at com.runwaysdk.dataaccess.attributes.entity.Attribute.setValue(Attribute.java:389)
	at com.runwaysdk.dataaccess.attributes.entity.Attribute.setValueAndValidate(Attribute.java:457)
	at com.runwaysdk.dataaccess.EntityDAO.setValue(EntityDAO.java:431)
	at com.runwaysdk.dataaccess.AttributeValidationTest.testOverUpperLimitInteger(AttributeValidationTest.java:474)
	at sun.reflect.NativeMethodAccessorImpl.invoke0(Native Method)
	at sun.reflect.NativeMethodAccessorImpl.invoke(NativeMethodAccessorImpl.java:39)
	at sun.reflect.DelegatingMethodAccessorImpl.invoke(DelegatingMethodAccessorImpl.java:25)
	at java.lang.reflect.Method.invoke(Method.java:597)
	at junit.framework.TestCase.runTest(TestCase.java:154)
	at junit.framework.TestCase.runBare(TestCase.java:127)
	at junit.framework.TestResult$1.protect(TestResult.java:106)
	at junit.framework.TestResult.runProtected(TestResult.java:124)
	at junit.framework.TestResult.run(TestResult.java:109)
	at junit.framework.TestCase.run(TestCase.java:118)
	at com.runwaysdk.dataaccess.AttributeValidationTest.run(AttributeValidationTest.java:64)
	at junit.framework.TestSuite.runTest(TestSuite.java:208)
	at junit.framework.TestSuite.run(TestSuite.java:203)
	at junit.framework.TestSuite.runTest(TestSuite.java:208)
	at junit.framework.TestSuite.run(TestSuite.java:203)
	at junit.extensions.TestDecorator.basicRun(TestDecorator.java:22)
	at junit.extensions.TestSetup$1.protect(TestSetup.java:19)
	at junit.framework.TestResult.runProtected(TestResult.java:124)
	at junit.extensions.TestSetup.run(TestSetup.java:23)
	at junit.framework.TestSuite.runTest(TestSuite.java:208)
	at junit.framework.TestSuite.run(TestSuite.java:203)
	at org.eclipse.jdt.internal.junit.runner.junit3.JUnit3TestReference.run(JUnit3TestReference.java:130)
	at org.eclipse.jdt.internal.junit.runner.TestExecution.run(TestExecution.java:38)
	at org.eclipse.jdt.internal.junit.runner.RemoteTestRunner.runTests(RemoteTestRunner.java:467)
	at org.eclipse.jdt.internal.junit.runner.RemoteTestRunner.runTests(RemoteTestRunner.java:683)
	at org.eclipse.jdt.internal.junit.runner.RemoteTestRunner.run(RemoteTestRunner.java:390)
	at org.eclipse.jdt.internal.junit.runner.RemoteTestRunner.main(RemoteTestRunner.java:197)

</error>
          </testcase>
          <testcase name="testOverLowerLimitInteger" classname="com.runwaysdk.dataaccess.AttributeValidationTest" time="0.001">
            <error>com.runwaysdk.dataaccess.attributes.AttributeValueException: [-13] is not a valid value for Attribute [testInteger] on type [test.xmlclasses.Class1] - the value cannot be less than [-4.0].
	at com.runwaysdk.dataaccess.attributes.entity.AttributeNumber.validateRange(AttributeNumber.java:116)
	at com.runwaysdk.dataaccess.attributes.entity.AttributeNumber.validate(AttributeNumber.java:70)
	at com.runwaysdk.dataaccess.attributes.entity.AttributeInteger.validate(AttributeInteger.java:72)
	at com.runwaysdk.dataaccess.attributes.entity.Attribute.setValue(Attribute.java:389)
	at com.runwaysdk.dataaccess.attributes.entity.Attribute.setValueAndValidate(Attribute.java:457)
	at com.runwaysdk.dataaccess.EntityDAO.setValue(EntityDAO.java:431)
	at com.runwaysdk.dataaccess.AttributeValidationTest.testOverLowerLimitInteger(AttributeValidationTest.java:499)
	at sun.reflect.NativeMethodAccessorImpl.invoke0(Native Method)
	at sun.reflect.NativeMethodAccessorImpl.invoke(NativeMethodAccessorImpl.java:39)
	at sun.reflect.DelegatingMethodAccessorImpl.invoke(DelegatingMethodAccessorImpl.java:25)
	at java.lang.reflect.Method.invoke(Method.java:597)
	at junit.framework.TestCase.runTest(TestCase.java:154)
	at junit.framework.TestCase.runBare(TestCase.java:127)
	at junit.framework.TestResult$1.protect(TestResult.java:106)
	at junit.framework.TestResult.runProtected(TestResult.java:124)
	at junit.framework.TestResult.run(TestResult.java:109)
	at junit.framework.TestCase.run(TestCase.java:118)
	at com.runwaysdk.dataaccess.AttributeValidationTest.run(AttributeValidationTest.java:64)
	at junit.framework.TestSuite.runTest(TestSuite.java:208)
	at junit.framework.TestSuite.run(TestSuite.java:203)
	at junit.framework.TestSuite.runTest(TestSuite.java:208)
	at junit.framework.TestSuite.run(TestSuite.java:203)
	at junit.extensions.TestDecorator.basicRun(TestDecorator.java:22)
	at junit.extensions.TestSetup$1.protect(TestSetup.java:19)
	at junit.framework.TestResult.runProtected(TestResult.java:124)
	at junit.extensions.TestSetup.run(TestSetup.java:23)
	at junit.framework.TestSuite.runTest(TestSuite.java:208)
	at junit.framework.TestSuite.run(TestSuite.java:203)
	at org.eclipse.jdt.internal.junit.runner.junit3.JUnit3TestReference.run(JUnit3TestReference.java:130)
	at org.eclipse.jdt.internal.junit.runner.TestExecution.run(TestExecution.java:38)
	at org.eclipse.jdt.internal.junit.runner.RemoteTestRunner.runTests(RemoteTestRunner.java:467)
	at org.eclipse.jdt.internal.junit.runner.RemoteTestRunner.runTests(RemoteTestRunner.java:683)
	at org.eclipse.jdt.internal.junit.runner.RemoteTestRunner.run(RemoteTestRunner.java:390)
	at org.eclipse.jdt.internal.junit.runner.RemoteTestRunner.main(RemoteTestRunner.java:197)

</error>
          </testcase>
          <testcase name="testFailDateBeforeExclusive" classname="com.runwaysdk.dataaccess.AttributeValidationTest" time="0.001"/>
          <testcase name="testSameDateBeforeExclusive" classname="com.runwaysdk.dataaccess.AttributeValidationTest" time="0.001"/>
          <testcase name="testDateBeforeExclusive" classname="com.runwaysdk.dataaccess.AttributeValidationTest" time="0.005"/>
          <testcase name="testFailDateBeforeInclusive" classname="com.runwaysdk.dataaccess.AttributeValidationTest" time="0.001"/>
          <testcase name="testSameDateBeforeInclusive" classname="com.runwaysdk.dataaccess.AttributeValidationTest" time="0.005"/>
          <testcase name="testDateBeforeInclusive" classname="com.runwaysdk.dataaccess.AttributeValidationTest" time="0.005"/>
          <testcase name="testFailDateAfterExclusive" classname="com.runwaysdk.dataaccess.AttributeValidationTest" time="0.001"/>
          <testcase name="testSameDateAfterExclusive" classname="com.runwaysdk.dataaccess.AttributeValidationTest" time="0.002"/>
          <testcase name="testDateAfterExclusive" classname="com.runwaysdk.dataaccess.AttributeValidationTest" time="0.013"/>
          <testcase name="testFailDateAfterInclusive" classname="com.runwaysdk.dataaccess.AttributeValidationTest" time="0.0"/>
          <testcase name="testSameDateAfterInclusive" classname="com.runwaysdk.dataaccess.AttributeValidationTest" time="0.001"/>
          <testcase name="testDateAfterInclusive" classname="com.runwaysdk.dataaccess.AttributeValidationTest" time="0.006"/>
          <testcase name="testDateBetween" classname="com.runwaysdk.dataaccess.AttributeValidationTest" time="0.005"/>
          <testcase name="testDateOutsideBetween" classname="com.runwaysdk.dataaccess.AttributeValidationTest" time="22.494"/>
        </testsuite>
      </testsuite>
    </testsuite>
    <testsuite name="com.runwaysdk.dataaccess.io.ExcelExporterTest.1" time="76.923">
      <testsuite name="junit.framework.TestSuite" time="76.923">
        <testsuite name="com.runwaysdk.dataaccess.io.ExcelExporterTest" time="76.923">
          <testcase name="testExport" classname="com.runwaysdk.dataaccess.io.ExcelExporterTest" time="43.157"/>
          <testcase name="testFormExport" classname="com.runwaysdk.dataaccess.io.ExcelExporterTest" time="0.529"/>
          <testcase name="testExtraColumns" classname="com.runwaysdk.dataaccess.io.ExcelExporterTest" time="0.189"/>
          <testcase name="testAddRow" classname="com.runwaysdk.dataaccess.io.ExcelExporterTest" time="0.022"/>
          <testcase name="testMultipleSheets" classname="com.runwaysdk.dataaccess.io.ExcelExporterTest" time="0.03"/>
          <testcase name="testMultipleSheetsWithDefaultListeners" classname="com.runwaysdk.dataaccess.io.ExcelExporterTest" time="0.012"/>
          <testcase name="testMultipleSheetsWithDifferentListeners" classname="com.runwaysdk.dataaccess.io.ExcelExporterTest" time="0.014"/>
          <testcase name="testInvalidSheetNames" classname="com.runwaysdk.dataaccess.io.ExcelExporterTest" time="32.97"/>
        </testsuite>
      </testsuite>
    </testsuite>
    <testsuite name="com.runwaysdk.dataaccess.io.ExcelImporterTest.1" time="317.812">
      <testsuite name="junit.framework.TestSuite" time="317.812">
        <testsuite name="com.runwaysdk.dataaccess.io.ExcelImporterTest" time="317.812">
          <testcase name="testMultipleSheets" classname="com.runwaysdk.dataaccess.io.ExcelImporterTest" time="0.341"/>
          <testcase name="testImport" classname="com.runwaysdk.dataaccess.io.ExcelImporterTest" time="0.137"/>
          <testcase name="testError" classname="com.runwaysdk.dataaccess.io.ExcelImporterTest" time="0.106"/>
          <testcase name="testSuccessAndError" classname="com.runwaysdk.dataaccess.io.ExcelImporterTest" time="0.142"/>
          <testcase name="testContextBuilder" classname="com.runwaysdk.dataaccess.io.ExcelImporterTest" time="0.149"/>
          <testcase name="testMultipleSheetsWithErrors" classname="com.runwaysdk.dataaccess.io.ExcelImporterTest" time="0.073"/>
          <testcase name="testWebFormContextBuilder" classname="com.runwaysdk.dataaccess.io.ExcelImporterTest" time="3.322"/>
          <testcase name="testCharacterEQValidation" classname="com.runwaysdk.dataaccess.io.ExcelImporterTest" time="3.963"/>
          <testcase name="testFailCharacterEQValidation" classname="com.runwaysdk.dataaccess.io.ExcelImporterTest" time="4.138"/>
          <testcase name="testNoValueValidation" classname="com.runwaysdk.dataaccess.io.ExcelImporterTest" time="3.621"/>
          <testcase name="testDoubleEQValidation" classname="com.runwaysdk.dataaccess.io.ExcelImporterTest" time="4.295"/>
          <testcase name="testFailDoubleEQValidation" classname="com.runwaysdk.dataaccess.io.ExcelImporterTest" time="3.325"/>
          <testcase name="testLongEQValidation" classname="com.runwaysdk.dataaccess.io.ExcelImporterTest" time="5.199"/>
          <testcase name="testFailLongEQValidation" classname="com.runwaysdk.dataaccess.io.ExcelImporterTest" time="3.57"/>
          <testcase name="testDateEQValidation" classname="com.runwaysdk.dataaccess.io.ExcelImporterTest" time="12.384"/>
          <testcase name="testFailDateEQValidation" classname="com.runwaysdk.dataaccess.io.ExcelImporterTest" time="12.326"/>
          <testcase name="testCharacterNEQValidation" classname="com.runwaysdk.dataaccess.io.ExcelImporterTest" time="3.498"/>
          <testcase name="testFailCharacterNEQValidation" classname="com.runwaysdk.dataaccess.io.ExcelImporterTest" time="3.5"/>
          <testcase name="testDoubleNEQValidation" classname="com.runwaysdk.dataaccess.io.ExcelImporterTest" time="3.444"/>
          <testcase name="testFailDoubleNEQValidation" classname="com.runwaysdk.dataaccess.io.ExcelImporterTest" time="3.63"/>
          <testcase name="testLongNEQValidation" classname="com.runwaysdk.dataaccess.io.ExcelImporterTest" time="3.352"/>
          <testcase name="testFailLongNEQValidation" classname="com.runwaysdk.dataaccess.io.ExcelImporterTest" time="4.525"/>
          <testcase name="testDateNEQValidation" classname="com.runwaysdk.dataaccess.io.ExcelImporterTest" time="12.713"/>
          <testcase name="testFailDateNEQValidation" classname="com.runwaysdk.dataaccess.io.ExcelImporterTest" time="12.053"/>
          <testcase name="testDoubleGTValidation" classname="com.runwaysdk.dataaccess.io.ExcelImporterTest" time="3.585"/>
          <testcase name="testFailDoubleGTValidation" classname="com.runwaysdk.dataaccess.io.ExcelImporterTest" time="4.235"/>
          <testcase name="testLongGTValidation" classname="com.runwaysdk.dataaccess.io.ExcelImporterTest" time="3.943"/>
          <testcase name="testFailLongGTValidation" classname="com.runwaysdk.dataaccess.io.ExcelImporterTest" time="3.944"/>
          <testcase name="testDateGTValidation" classname="com.runwaysdk.dataaccess.io.ExcelImporterTest" time="12.295"/>
          <testcase name="testFailDateGTValidation" classname="com.runwaysdk.dataaccess.io.ExcelImporterTest" time="14.387"/>
          <testcase name="testDoubleGTEValidation" classname="com.runwaysdk.dataaccess.io.ExcelImporterTest" time="3.944"/>
          <testcase name="testFailDoubleGTEValidation" classname="com.runwaysdk.dataaccess.io.ExcelImporterTest" time="5.201"/>
          <testcase name="testLongGTEValidation" classname="com.runwaysdk.dataaccess.io.ExcelImporterTest" time="4.297"/>
          <testcase name="testFailLongGTEValidation" classname="com.runwaysdk.dataaccess.io.ExcelImporterTest" time="3.833"/>
          <testcase name="testDateGTEValidation" classname="com.runwaysdk.dataaccess.io.ExcelImporterTest" time="15.048"/>
          <testcase name="testFailDateGTEValidation" classname="com.runwaysdk.dataaccess.io.ExcelImporterTest" time="15.326"/>
          <testcase name="testDoubleLTValidation" classname="com.runwaysdk.dataaccess.io.ExcelImporterTest" time="8.723"/>
          <testcase name="testFailDoubleLTValidation" classname="com.runwaysdk.dataaccess.io.ExcelImporterTest" time="4.013"/>
          <testcase name="testLongLTValidation" classname="com.runwaysdk.dataaccess.io.ExcelImporterTest" time="4.223"/>
          <testcase name="testFailLongLTValidation" classname="com.runwaysdk.dataaccess.io.ExcelImporterTest" time="3.728"/>
          <testcase name="testDateLTValidation" classname="com.runwaysdk.dataaccess.io.ExcelImporterTest" time="13.201"/>
          <testcase name="testFailDateLTValidation" classname="com.runwaysdk.dataaccess.io.ExcelImporterTest" time="15.295"/>
          <testcase name="testDoubleLTEValidation" classname="com.runwaysdk.dataaccess.io.ExcelImporterTest" time="3.912"/>
          <testcase name="testFailDoubleLTEValidation" classname="com.runwaysdk.dataaccess.io.ExcelImporterTest" time="3.786"/>
          <testcase name="testLongLTEValidation" classname="com.runwaysdk.dataaccess.io.ExcelImporterTest" time="4.049"/>
          <testcase name="testFailLongLTEValidation" classname="com.runwaysdk.dataaccess.io.ExcelImporterTest" time="3.589"/>
          <testcase name="testDateLTEValidation" classname="com.runwaysdk.dataaccess.io.ExcelImporterTest" time="12.863"/>
          <testcase name="testFailDateLTEValidation" classname="com.runwaysdk.dataaccess.io.ExcelImporterTest" time="14.441"/>
          <testcase name="testImportView" classname="com.runwaysdk.dataaccess.io.ExcelImporterTest" time="32.144"/>
        </testsuite>
      </testsuite>
    </testsuite>
    <testsuite name="com.runwaysdk.dataaccess.AttributeValidationTest.1" time="50.839">
      <testsuite name="junit.framework.TestSuite" time="50.839">
        <testsuite name="com.runwaysdk.dataaccess.AttributeValidationTest" time="50.839">
          <testcase name="testValidDouble" classname="com.runwaysdk.dataaccess.AttributeValidationTest" time="0.01"/>
          <testcase name="testUpperLimitDouble" classname="com.runwaysdk.dataaccess.AttributeValidationTest" time="0.005"/>
          <testcase name="testLowerLimitDouble" classname="com.runwaysdk.dataaccess.AttributeValidationTest" time="0.006"/>
          <testcase name="testOverUpperLimitDouble" classname="com.runwaysdk.dataaccess.AttributeValidationTest" time="0.002">
            <error>com.runwaysdk.dataaccess.attributes.AttributeValueException: [20] is not a valid value for Attribute [testDouble] on type [test.xmlclasses.Class1] - the value cannot be greater than [15.0].
	at com.runwaysdk.dataaccess.attributes.entity.AttributeNumber.validateRange(AttributeNumber.java:124)
	at com.runwaysdk.dataaccess.attributes.entity.AttributeNumber.validate(AttributeNumber.java:70)
	at com.runwaysdk.dataaccess.attributes.entity.AttributeDouble.validate(AttributeDouble.java:75)
	at com.runwaysdk.dataaccess.attributes.entity.Attribute.setValue(Attribute.java:389)
	at com.runwaysdk.dataaccess.attributes.entity.Attribute.setValueAndValidate(Attribute.java:457)
	at com.runwaysdk.dataaccess.EntityDAO.setValue(EntityDAO.java:431)
	at com.runwaysdk.dataaccess.AttributeValidationTest.testOverUpperLimitDouble(AttributeValidationTest.java:190)
	at sun.reflect.NativeMethodAccessorImpl.invoke0(Native Method)
	at sun.reflect.NativeMethodAccessorImpl.invoke(NativeMethodAccessorImpl.java:39)
	at sun.reflect.DelegatingMethodAccessorImpl.invoke(DelegatingMethodAccessorImpl.java:25)
	at java.lang.reflect.Method.invoke(Method.java:597)
	at junit.framework.TestCase.runTest(TestCase.java:154)
	at junit.framework.TestCase.runBare(TestCase.java:127)
	at junit.framework.TestResult$1.protect(TestResult.java:106)
	at junit.framework.TestResult.runProtected(TestResult.java:124)
	at junit.framework.TestResult.run(TestResult.java:109)
	at junit.framework.TestCase.run(TestCase.java:118)
	at com.runwaysdk.dataaccess.AttributeValidationTest.run(AttributeValidationTest.java:64)
	at junit.framework.TestSuite.runTest(TestSuite.java:208)
	at junit.framework.TestSuite.run(TestSuite.java:203)
	at junit.framework.TestSuite.runTest(TestSuite.java:208)
	at junit.framework.TestSuite.run(TestSuite.java:203)
	at junit.extensions.TestDecorator.basicRun(TestDecorator.java:22)
	at junit.extensions.TestSetup$1.protect(TestSetup.java:19)
	at junit.framework.TestResult.runProtected(TestResult.java:124)
	at junit.extensions.TestSetup.run(TestSetup.java:23)
	at junit.framework.TestSuite.runTest(TestSuite.java:208)
	at junit.framework.TestSuite.run(TestSuite.java:203)
	at org.eclipse.jdt.internal.junit.runner.junit3.JUnit3TestReference.run(JUnit3TestReference.java:130)
	at org.eclipse.jdt.internal.junit.runner.TestExecution.run(TestExecution.java:38)
	at org.eclipse.jdt.internal.junit.runner.RemoteTestRunner.runTests(RemoteTestRunner.java:467)
	at org.eclipse.jdt.internal.junit.runner.RemoteTestRunner.runTests(RemoteTestRunner.java:683)
	at org.eclipse.jdt.internal.junit.runner.RemoteTestRunner.run(RemoteTestRunner.java:390)
	at org.eclipse.jdt.internal.junit.runner.RemoteTestRunner.main(RemoteTestRunner.java:197)

</error>
          </testcase>
          <testcase name="testOverLowerLimitDouble" classname="com.runwaysdk.dataaccess.AttributeValidationTest" time="0.001">
            <error>com.runwaysdk.dataaccess.attributes.AttributeValueException: [-13] is not a valid value for Attribute [testDouble] on type [test.xmlclasses.Class1] - the value cannot be less than [-4.0].
	at com.runwaysdk.dataaccess.attributes.entity.AttributeNumber.validateRange(AttributeNumber.java:116)
	at com.runwaysdk.dataaccess.attributes.entity.AttributeNumber.validate(AttributeNumber.java:70)
	at com.runwaysdk.dataaccess.attributes.entity.AttributeDouble.validate(AttributeDouble.java:75)
	at com.runwaysdk.dataaccess.attributes.entity.Attribute.setValue(Attribute.java:389)
	at com.runwaysdk.dataaccess.attributes.entity.Attribute.setValueAndValidate(Attribute.java:457)
	at com.runwaysdk.dataaccess.EntityDAO.setValue(EntityDAO.java:431)
	at com.runwaysdk.dataaccess.AttributeValidationTest.testOverLowerLimitDouble(AttributeValidationTest.java:215)
	at sun.reflect.NativeMethodAccessorImpl.invoke0(Native Method)
	at sun.reflect.NativeMethodAccessorImpl.invoke(NativeMethodAccessorImpl.java:39)
	at sun.reflect.DelegatingMethodAccessorImpl.invoke(DelegatingMethodAccessorImpl.java:25)
	at java.lang.reflect.Method.invoke(Method.java:597)
	at junit.framework.TestCase.runTest(TestCase.java:154)
	at junit.framework.TestCase.runBare(TestCase.java:127)
	at junit.framework.TestResult$1.protect(TestResult.java:106)
	at junit.framework.TestResult.runProtected(TestResult.java:124)
	at junit.framework.TestResult.run(TestResult.java:109)
	at junit.framework.TestCase.run(TestCase.java:118)
	at com.runwaysdk.dataaccess.AttributeValidationTest.run(AttributeValidationTest.java:64)
	at junit.framework.TestSuite.runTest(TestSuite.java:208)
	at junit.framework.TestSuite.run(TestSuite.java:203)
	at junit.framework.TestSuite.runTest(TestSuite.java:208)
	at junit.framework.TestSuite.run(TestSuite.java:203)
	at junit.extensions.TestDecorator.basicRun(TestDecorator.java:22)
	at junit.extensions.TestSetup$1.protect(TestSetup.java:19)
	at junit.framework.TestResult.runProtected(TestResult.java:124)
	at junit.extensions.TestSetup.run(TestSetup.java:23)
	at junit.framework.TestSuite.runTest(TestSuite.java:208)
	at junit.framework.TestSuite.run(TestSuite.java:203)
	at org.eclipse.jdt.internal.junit.runner.junit3.JUnit3TestReference.run(JUnit3TestReference.java:130)
	at org.eclipse.jdt.internal.junit.runner.TestExecution.run(TestExecution.java:38)
	at org.eclipse.jdt.internal.junit.runner.RemoteTestRunner.runTests(RemoteTestRunner.java:467)
	at org.eclipse.jdt.internal.junit.runner.RemoteTestRunner.runTests(RemoteTestRunner.java:683)
	at org.eclipse.jdt.internal.junit.runner.RemoteTestRunner.run(RemoteTestRunner.java:390)
	at org.eclipse.jdt.internal.junit.runner.RemoteTestRunner.main(RemoteTestRunner.java:197)

</error>
          </testcase>
          <testcase name="testValidDecimal" classname="com.runwaysdk.dataaccess.AttributeValidationTest" time="0.005"/>
          <testcase name="testUpperLimitDecimal" classname="com.runwaysdk.dataaccess.AttributeValidationTest" time="0.005"/>
          <testcase name="testLowerLimitDecimal" classname="com.runwaysdk.dataaccess.AttributeValidationTest" time="0.006"/>
          <testcase name="testOverUpperLimitDecimal" classname="com.runwaysdk.dataaccess.AttributeValidationTest" time="0.002">
            <error>com.runwaysdk.dataaccess.attributes.AttributeValueException: [20] is not a valid value for Attribute [testDecimal] on type [test.xmlclasses.Class1] - the value cannot be greater than [15.0].
	at com.runwaysdk.dataaccess.attributes.entity.AttributeNumber.validateRange(AttributeNumber.java:124)
	at com.runwaysdk.dataaccess.attributes.entity.AttributeNumber.validate(AttributeNumber.java:70)
	at com.runwaysdk.dataaccess.attributes.entity.AttributeDecimal.validate(AttributeDecimal.java:169)
	at com.runwaysdk.dataaccess.attributes.entity.Attribute.setValue(Attribute.java:389)
	at com.runwaysdk.dataaccess.attributes.entity.AttributeDecimal.setValue(AttributeDecimal.java:104)
	at com.runwaysdk.dataaccess.attributes.entity.Attribute.setValueAndValidate(Attribute.java:457)
	at com.runwaysdk.dataaccess.EntityDAO.setValue(EntityDAO.java:431)
	at com.runwaysdk.dataaccess.AttributeValidationTest.testOverUpperLimitDecimal(AttributeValidationTest.java:261)
	at sun.reflect.NativeMethodAccessorImpl.invoke0(Native Method)
	at sun.reflect.NativeMethodAccessorImpl.invoke(NativeMethodAccessorImpl.java:39)
	at sun.reflect.DelegatingMethodAccessorImpl.invoke(DelegatingMethodAccessorImpl.java:25)
	at java.lang.reflect.Method.invoke(Method.java:597)
	at junit.framework.TestCase.runTest(TestCase.java:154)
	at junit.framework.TestCase.runBare(TestCase.java:127)
	at junit.framework.TestResult$1.protect(TestResult.java:106)
	at junit.framework.TestResult.runProtected(TestResult.java:124)
	at junit.framework.TestResult.run(TestResult.java:109)
	at junit.framework.TestCase.run(TestCase.java:118)
	at com.runwaysdk.dataaccess.AttributeValidationTest.run(AttributeValidationTest.java:64)
	at junit.framework.TestSuite.runTest(TestSuite.java:208)
	at junit.framework.TestSuite.run(TestSuite.java:203)
	at junit.framework.TestSuite.runTest(TestSuite.java:208)
	at junit.framework.TestSuite.run(TestSuite.java:203)
	at junit.extensions.TestDecorator.basicRun(TestDecorator.java:22)
	at junit.extensions.TestSetup$1.protect(TestSetup.java:19)
	at junit.framework.TestResult.runProtected(TestResult.java:124)
	at junit.extensions.TestSetup.run(TestSetup.java:23)
	at junit.framework.TestSuite.runTest(TestSuite.java:208)
	at junit.framework.TestSuite.run(TestSuite.java:203)
	at org.eclipse.jdt.internal.junit.runner.junit3.JUnit3TestReference.run(JUnit3TestReference.java:130)
	at org.eclipse.jdt.internal.junit.runner.TestExecution.run(TestExecution.java:38)
	at org.eclipse.jdt.internal.junit.runner.RemoteTestRunner.runTests(RemoteTestRunner.java:467)
	at org.eclipse.jdt.internal.junit.runner.RemoteTestRunner.runTests(RemoteTestRunner.java:683)
	at org.eclipse.jdt.internal.junit.runner.RemoteTestRunner.run(RemoteTestRunner.java:390)
	at org.eclipse.jdt.internal.junit.runner.RemoteTestRunner.main(RemoteTestRunner.java:197)

</error>
          </testcase>
          <testcase name="testOverLowerLimitDecimal" classname="com.runwaysdk.dataaccess.AttributeValidationTest" time="0.001">
            <error>com.runwaysdk.dataaccess.attributes.AttributeValueException: [-13] is not a valid value for Attribute [testDecimal] on type [test.xmlclasses.Class1] - the value cannot be less than [-4.0].
	at com.runwaysdk.dataaccess.attributes.entity.AttributeNumber.validateRange(AttributeNumber.java:116)
	at com.runwaysdk.dataaccess.attributes.entity.AttributeNumber.validate(AttributeNumber.java:70)
	at com.runwaysdk.dataaccess.attributes.entity.AttributeDecimal.validate(AttributeDecimal.java:169)
	at com.runwaysdk.dataaccess.attributes.entity.Attribute.setValue(Attribute.java:389)
	at com.runwaysdk.dataaccess.attributes.entity.AttributeDecimal.setValue(AttributeDecimal.java:104)
	at com.runwaysdk.dataaccess.attributes.entity.Attribute.setValueAndValidate(Attribute.java:457)
	at com.runwaysdk.dataaccess.EntityDAO.setValue(EntityDAO.java:431)
	at com.runwaysdk.dataaccess.AttributeValidationTest.testOverLowerLimitDecimal(AttributeValidationTest.java:286)
	at sun.reflect.NativeMethodAccessorImpl.invoke0(Native Method)
	at sun.reflect.NativeMethodAccessorImpl.invoke(NativeMethodAccessorImpl.java:39)
	at sun.reflect.DelegatingMethodAccessorImpl.invoke(DelegatingMethodAccessorImpl.java:25)
	at java.lang.reflect.Method.invoke(Method.java:597)
	at junit.framework.TestCase.runTest(TestCase.java:154)
	at junit.framework.TestCase.runBare(TestCase.java:127)
	at junit.framework.TestResult$1.protect(TestResult.java:106)
	at junit.framework.TestResult.runProtected(TestResult.java:124)
	at junit.framework.TestResult.run(TestResult.java:109)
	at junit.framework.TestCase.run(TestCase.java:118)
	at com.runwaysdk.dataaccess.AttributeValidationTest.run(AttributeValidationTest.java:64)
	at junit.framework.TestSuite.runTest(TestSuite.java:208)
	at junit.framework.TestSuite.run(TestSuite.java:203)
	at junit.framework.TestSuite.runTest(TestSuite.java:208)
	at junit.framework.TestSuite.run(TestSuite.java:203)
	at junit.extensions.TestDecorator.basicRun(TestDecorator.java:22)
	at junit.extensions.TestSetup$1.protect(TestSetup.java:19)
	at junit.framework.TestResult.runProtected(TestResult.java:124)
	at junit.extensions.TestSetup.run(TestSetup.java:23)
	at junit.framework.TestSuite.runTest(TestSuite.java:208)
	at junit.framework.TestSuite.run(TestSuite.java:203)
	at org.eclipse.jdt.internal.junit.runner.junit3.JUnit3TestReference.run(JUnit3TestReference.java:130)
	at org.eclipse.jdt.internal.junit.runner.TestExecution.run(TestExecution.java:38)
	at org.eclipse.jdt.internal.junit.runner.RemoteTestRunner.runTests(RemoteTestRunner.java:467)
	at org.eclipse.jdt.internal.junit.runner.RemoteTestRunner.runTests(RemoteTestRunner.java:683)
	at org.eclipse.jdt.internal.junit.runner.RemoteTestRunner.run(RemoteTestRunner.java:390)
	at org.eclipse.jdt.internal.junit.runner.RemoteTestRunner.main(RemoteTestRunner.java:197)

</error>
          </testcase>
          <testcase name="testValidFloat" classname="com.runwaysdk.dataaccess.AttributeValidationTest" time="0.006"/>
          <testcase name="testUpperLimitFloat" classname="com.runwaysdk.dataaccess.AttributeValidationTest" time="0.001"/>
          <testcase name="testLowerLimitFloat" classname="com.runwaysdk.dataaccess.AttributeValidationTest" time="0.009"/>
          <testcase name="testOverUpperLimitFloat" classname="com.runwaysdk.dataaccess.AttributeValidationTest" time="0.001">
            <error>com.runwaysdk.dataaccess.attributes.AttributeValueException: [20] is not a valid value for Attribute [testFloat] on type [test.xmlclasses.Class1] - the value cannot be greater than [15.0].
	at com.runwaysdk.dataaccess.attributes.entity.AttributeNumber.validateRange(AttributeNumber.java:124)
	at com.runwaysdk.dataaccess.attributes.entity.AttributeNumber.validate(AttributeNumber.java:70)
	at com.runwaysdk.dataaccess.attributes.entity.AttributeFloat.validate(AttributeFloat.java:76)
	at com.runwaysdk.dataaccess.attributes.entity.Attribute.setValue(Attribute.java:389)
	at com.runwaysdk.dataaccess.attributes.entity.Attribute.setValueAndValidate(Attribute.java:457)
	at com.runwaysdk.dataaccess.EntityDAO.setValue(EntityDAO.java:431)
	at com.runwaysdk.dataaccess.AttributeValidationTest.testOverUpperLimitFloat(AttributeValidationTest.java:332)
	at sun.reflect.NativeMethodAccessorImpl.invoke0(Native Method)
	at sun.reflect.NativeMethodAccessorImpl.invoke(NativeMethodAccessorImpl.java:39)
	at sun.reflect.DelegatingMethodAccessorImpl.invoke(DelegatingMethodAccessorImpl.java:25)
	at java.lang.reflect.Method.invoke(Method.java:597)
	at junit.framework.TestCase.runTest(TestCase.java:154)
	at junit.framework.TestCase.runBare(TestCase.java:127)
	at junit.framework.TestResult$1.protect(TestResult.java:106)
	at junit.framework.TestResult.runProtected(TestResult.java:124)
	at junit.framework.TestResult.run(TestResult.java:109)
	at junit.framework.TestCase.run(TestCase.java:118)
	at com.runwaysdk.dataaccess.AttributeValidationTest.run(AttributeValidationTest.java:64)
	at junit.framework.TestSuite.runTest(TestSuite.java:208)
	at junit.framework.TestSuite.run(TestSuite.java:203)
	at junit.framework.TestSuite.runTest(TestSuite.java:208)
	at junit.framework.TestSuite.run(TestSuite.java:203)
	at junit.extensions.TestDecorator.basicRun(TestDecorator.java:22)
	at junit.extensions.TestSetup$1.protect(TestSetup.java:19)
	at junit.framework.TestResult.runProtected(TestResult.java:124)
	at junit.extensions.TestSetup.run(TestSetup.java:23)
	at junit.framework.TestSuite.runTest(TestSuite.java:208)
	at junit.framework.TestSuite.run(TestSuite.java:203)
	at org.eclipse.jdt.internal.junit.runner.junit3.JUnit3TestReference.run(JUnit3TestReference.java:130)
	at org.eclipse.jdt.internal.junit.runner.TestExecution.run(TestExecution.java:38)
	at org.eclipse.jdt.internal.junit.runner.RemoteTestRunner.runTests(RemoteTestRunner.java:467)
	at org.eclipse.jdt.internal.junit.runner.RemoteTestRunner.runTests(RemoteTestRunner.java:683)
	at org.eclipse.jdt.internal.junit.runner.RemoteTestRunner.run(RemoteTestRunner.java:390)
	at org.eclipse.jdt.internal.junit.runner.RemoteTestRunner.main(RemoteTestRunner.java:197)

</error>
          </testcase>
          <testcase name="testOverLowerLimitFloat" classname="com.runwaysdk.dataaccess.AttributeValidationTest" time="0.001">
            <error>com.runwaysdk.dataaccess.attributes.AttributeValueException: [-13] is not a valid value for Attribute [testFloat] on type [test.xmlclasses.Class1] - the value cannot be less than [-4.0].
	at com.runwaysdk.dataaccess.attributes.entity.AttributeNumber.validateRange(AttributeNumber.java:116)
	at com.runwaysdk.dataaccess.attributes.entity.AttributeNumber.validate(AttributeNumber.java:70)
	at com.runwaysdk.dataaccess.attributes.entity.AttributeFloat.validate(AttributeFloat.java:76)
	at com.runwaysdk.dataaccess.attributes.entity.Attribute.setValue(Attribute.java:389)
	at com.runwaysdk.dataaccess.attributes.entity.Attribute.setValueAndValidate(Attribute.java:457)
	at com.runwaysdk.dataaccess.EntityDAO.setValue(EntityDAO.java:431)
	at com.runwaysdk.dataaccess.AttributeValidationTest.testOverLowerLimitFloat(AttributeValidationTest.java:357)
	at sun.reflect.NativeMethodAccessorImpl.invoke0(Native Method)
	at sun.reflect.NativeMethodAccessorImpl.invoke(NativeMethodAccessorImpl.java:39)
	at sun.reflect.DelegatingMethodAccessorImpl.invoke(DelegatingMethodAccessorImpl.java:25)
	at java.lang.reflect.Method.invoke(Method.java:597)
	at junit.framework.TestCase.runTest(TestCase.java:154)
	at junit.framework.TestCase.runBare(TestCase.java:127)
	at junit.framework.TestResult$1.protect(TestResult.java:106)
	at junit.framework.TestResult.runProtected(TestResult.java:124)
	at junit.framework.TestResult.run(TestResult.java:109)
	at junit.framework.TestCase.run(TestCase.java:118)
	at com.runwaysdk.dataaccess.AttributeValidationTest.run(AttributeValidationTest.java:64)
	at junit.framework.TestSuite.runTest(TestSuite.java:208)
	at junit.framework.TestSuite.run(TestSuite.java:203)
	at junit.framework.TestSuite.runTest(TestSuite.java:208)
	at junit.framework.TestSuite.run(TestSuite.java:203)
	at junit.extensions.TestDecorator.basicRun(TestDecorator.java:22)
	at junit.extensions.TestSetup$1.protect(TestSetup.java:19)
	at junit.framework.TestResult.runProtected(TestResult.java:124)
	at junit.extensions.TestSetup.run(TestSetup.java:23)
	at junit.framework.TestSuite.runTest(TestSuite.java:208)
	at junit.framework.TestSuite.run(TestSuite.java:203)
	at org.eclipse.jdt.internal.junit.runner.junit3.JUnit3TestReference.run(JUnit3TestReference.java:130)
	at org.eclipse.jdt.internal.junit.runner.TestExecution.run(TestExecution.java:38)
	at org.eclipse.jdt.internal.junit.runner.RemoteTestRunner.runTests(RemoteTestRunner.java:467)
	at org.eclipse.jdt.internal.junit.runner.RemoteTestRunner.runTests(RemoteTestRunner.java:683)
	at org.eclipse.jdt.internal.junit.runner.RemoteTestRunner.run(RemoteTestRunner.java:390)
	at org.eclipse.jdt.internal.junit.runner.RemoteTestRunner.main(RemoteTestRunner.java:197)

</error>
          </testcase>
          <testcase name="testValidLong" classname="com.runwaysdk.dataaccess.AttributeValidationTest" time="0.006"/>
          <testcase name="testUpperLimitLong" classname="com.runwaysdk.dataaccess.AttributeValidationTest" time="0.007"/>
          <testcase name="testLowerLimitLong" classname="com.runwaysdk.dataaccess.AttributeValidationTest" time="0.047"/>
          <testcase name="testOverUpperLimitLong" classname="com.runwaysdk.dataaccess.AttributeValidationTest" time="0.001">
            <error>com.runwaysdk.dataaccess.attributes.AttributeValueException: [20] is not a valid value for Attribute [testLong] on type [test.xmlclasses.Class1] - the value cannot be greater than [15.0].
	at com.runwaysdk.dataaccess.attributes.entity.AttributeNumber.validateRange(AttributeNumber.java:124)
	at com.runwaysdk.dataaccess.attributes.entity.AttributeNumber.validate(AttributeNumber.java:70)
	at com.runwaysdk.dataaccess.attributes.entity.AttributeLong.validate(AttributeLong.java:72)
	at com.runwaysdk.dataaccess.attributes.entity.Attribute.setValue(Attribute.java:389)
	at com.runwaysdk.dataaccess.attributes.entity.Attribute.setValueAndValidate(Attribute.java:457)
	at com.runwaysdk.dataaccess.EntityDAO.setValue(EntityDAO.java:431)
	at com.runwaysdk.dataaccess.AttributeValidationTest.testOverUpperLimitLong(AttributeValidationTest.java:403)
	at sun.reflect.NativeMethodAccessorImpl.invoke0(Native Method)
	at sun.reflect.NativeMethodAccessorImpl.invoke(NativeMethodAccessorImpl.java:39)
	at sun.reflect.DelegatingMethodAccessorImpl.invoke(DelegatingMethodAccessorImpl.java:25)
	at java.lang.reflect.Method.invoke(Method.java:597)
	at junit.framework.TestCase.runTest(TestCase.java:154)
	at junit.framework.TestCase.runBare(TestCase.java:127)
	at junit.framework.TestResult$1.protect(TestResult.java:106)
	at junit.framework.TestResult.runProtected(TestResult.java:124)
	at junit.framework.TestResult.run(TestResult.java:109)
	at junit.framework.TestCase.run(TestCase.java:118)
	at com.runwaysdk.dataaccess.AttributeValidationTest.run(AttributeValidationTest.java:64)
	at junit.framework.TestSuite.runTest(TestSuite.java:208)
	at junit.framework.TestSuite.run(TestSuite.java:203)
	at junit.framework.TestSuite.runTest(TestSuite.java:208)
	at junit.framework.TestSuite.run(TestSuite.java:203)
	at junit.extensions.TestDecorator.basicRun(TestDecorator.java:22)
	at junit.extensions.TestSetup$1.protect(TestSetup.java:19)
	at junit.framework.TestResult.runProtected(TestResult.java:124)
	at junit.extensions.TestSetup.run(TestSetup.java:23)
	at junit.framework.TestSuite.runTest(TestSuite.java:208)
	at junit.framework.TestSuite.run(TestSuite.java:203)
	at org.eclipse.jdt.internal.junit.runner.junit3.JUnit3TestReference.run(JUnit3TestReference.java:130)
	at org.eclipse.jdt.internal.junit.runner.TestExecution.run(TestExecution.java:38)
	at org.eclipse.jdt.internal.junit.runner.RemoteTestRunner.runTests(RemoteTestRunner.java:467)
	at org.eclipse.jdt.internal.junit.runner.RemoteTestRunner.runTests(RemoteTestRunner.java:683)
	at org.eclipse.jdt.internal.junit.runner.RemoteTestRunner.run(RemoteTestRunner.java:390)
	at org.eclipse.jdt.internal.junit.runner.RemoteTestRunner.main(RemoteTestRunner.java:197)

</error>
          </testcase>
          <testcase name="testOverLowerLimitLong" classname="com.runwaysdk.dataaccess.AttributeValidationTest" time="0.001">
            <error>com.runwaysdk.dataaccess.attributes.AttributeValueException: [-13] is not a valid value for Attribute [testLong] on type [test.xmlclasses.Class1] - the value cannot be less than [-4.0].
	at com.runwaysdk.dataaccess.attributes.entity.AttributeNumber.validateRange(AttributeNumber.java:116)
	at com.runwaysdk.dataaccess.attributes.entity.AttributeNumber.validate(AttributeNumber.java:70)
	at com.runwaysdk.dataaccess.attributes.entity.AttributeLong.validate(AttributeLong.java:72)
	at com.runwaysdk.dataaccess.attributes.entity.Attribute.setValue(Attribute.java:389)
	at com.runwaysdk.dataaccess.attributes.entity.Attribute.setValueAndValidate(Attribute.java:457)
	at com.runwaysdk.dataaccess.EntityDAO.setValue(EntityDAO.java:431)
	at com.runwaysdk.dataaccess.AttributeValidationTest.testOverLowerLimitLong(AttributeValidationTest.java:428)
	at sun.reflect.NativeMethodAccessorImpl.invoke0(Native Method)
	at sun.reflect.NativeMethodAccessorImpl.invoke(NativeMethodAccessorImpl.java:39)
	at sun.reflect.DelegatingMethodAccessorImpl.invoke(DelegatingMethodAccessorImpl.java:25)
	at java.lang.reflect.Method.invoke(Method.java:597)
	at junit.framework.TestCase.runTest(TestCase.java:154)
	at junit.framework.TestCase.runBare(TestCase.java:127)
	at junit.framework.TestResult$1.protect(TestResult.java:106)
	at junit.framework.TestResult.runProtected(TestResult.java:124)
	at junit.framework.TestResult.run(TestResult.java:109)
	at junit.framework.TestCase.run(TestCase.java:118)
	at com.runwaysdk.dataaccess.AttributeValidationTest.run(AttributeValidationTest.java:64)
	at junit.framework.TestSuite.runTest(TestSuite.java:208)
	at junit.framework.TestSuite.run(TestSuite.java:203)
	at junit.framework.TestSuite.runTest(TestSuite.java:208)
	at junit.framework.TestSuite.run(TestSuite.java:203)
	at junit.extensions.TestDecorator.basicRun(TestDecorator.java:22)
	at junit.extensions.TestSetup$1.protect(TestSetup.java:19)
	at junit.framework.TestResult.runProtected(TestResult.java:124)
	at junit.extensions.TestSetup.run(TestSetup.java:23)
	at junit.framework.TestSuite.runTest(TestSuite.java:208)
	at junit.framework.TestSuite.run(TestSuite.java:203)
	at org.eclipse.jdt.internal.junit.runner.junit3.JUnit3TestReference.run(JUnit3TestReference.java:130)
	at org.eclipse.jdt.internal.junit.runner.TestExecution.run(TestExecution.java:38)
	at org.eclipse.jdt.internal.junit.runner.RemoteTestRunner.runTests(RemoteTestRunner.java:467)
	at org.eclipse.jdt.internal.junit.runner.RemoteTestRunner.runTests(RemoteTestRunner.java:683)
	at org.eclipse.jdt.internal.junit.runner.RemoteTestRunner.run(RemoteTestRunner.java:390)
	at org.eclipse.jdt.internal.junit.runner.RemoteTestRunner.main(RemoteTestRunner.java:197)

</error>
          </testcase>
          <testcase name="testValidInteger" classname="com.runwaysdk.dataaccess.AttributeValidationTest" time="0.023"/>
          <testcase name="testUpperLimitInteger" classname="com.runwaysdk.dataaccess.AttributeValidationTest" time="0.013"/>
          <testcase name="testLowerLimitInteger" classname="com.runwaysdk.dataaccess.AttributeValidationTest" time="0.018"/>
          <testcase name="testOverUpperLimitInteger" classname="com.runwaysdk.dataaccess.AttributeValidationTest" time="0.001">
            <error>com.runwaysdk.dataaccess.attributes.AttributeValueException: [20] is not a valid value for Attribute [testInteger] on type [test.xmlclasses.Class1] - the value cannot be greater than [15.0].
	at com.runwaysdk.dataaccess.attributes.entity.AttributeNumber.validateRange(AttributeNumber.java:124)
	at com.runwaysdk.dataaccess.attributes.entity.AttributeNumber.validate(AttributeNumber.java:70)
	at com.runwaysdk.dataaccess.attributes.entity.AttributeInteger.validate(AttributeInteger.java:72)
	at com.runwaysdk.dataaccess.attributes.entity.Attribute.setValue(Attribute.java:389)
	at com.runwaysdk.dataaccess.attributes.entity.Attribute.setValueAndValidate(Attribute.java:457)
	at com.runwaysdk.dataaccess.EntityDAO.setValue(EntityDAO.java:431)
	at com.runwaysdk.dataaccess.AttributeValidationTest.testOverUpperLimitInteger(AttributeValidationTest.java:474)
	at sun.reflect.NativeMethodAccessorImpl.invoke0(Native Method)
	at sun.reflect.NativeMethodAccessorImpl.invoke(NativeMethodAccessorImpl.java:39)
	at sun.reflect.DelegatingMethodAccessorImpl.invoke(DelegatingMethodAccessorImpl.java:25)
	at java.lang.reflect.Method.invoke(Method.java:597)
	at junit.framework.TestCase.runTest(TestCase.java:154)
	at junit.framework.TestCase.runBare(TestCase.java:127)
	at junit.framework.TestResult$1.protect(TestResult.java:106)
	at junit.framework.TestResult.runProtected(TestResult.java:124)
	at junit.framework.TestResult.run(TestResult.java:109)
	at junit.framework.TestCase.run(TestCase.java:118)
	at com.runwaysdk.dataaccess.AttributeValidationTest.run(AttributeValidationTest.java:64)
	at junit.framework.TestSuite.runTest(TestSuite.java:208)
	at junit.framework.TestSuite.run(TestSuite.java:203)
	at junit.framework.TestSuite.runTest(TestSuite.java:208)
	at junit.framework.TestSuite.run(TestSuite.java:203)
	at junit.extensions.TestDecorator.basicRun(TestDecorator.java:22)
	at junit.extensions.TestSetup$1.protect(TestSetup.java:19)
	at junit.framework.TestResult.runProtected(TestResult.java:124)
	at junit.extensions.TestSetup.run(TestSetup.java:23)
	at junit.framework.TestSuite.runTest(TestSuite.java:208)
	at junit.framework.TestSuite.run(TestSuite.java:203)
	at org.eclipse.jdt.internal.junit.runner.junit3.JUnit3TestReference.run(JUnit3TestReference.java:130)
	at org.eclipse.jdt.internal.junit.runner.TestExecution.run(TestExecution.java:38)
	at org.eclipse.jdt.internal.junit.runner.RemoteTestRunner.runTests(RemoteTestRunner.java:467)
	at org.eclipse.jdt.internal.junit.runner.RemoteTestRunner.runTests(RemoteTestRunner.java:683)
	at org.eclipse.jdt.internal.junit.runner.RemoteTestRunner.run(RemoteTestRunner.java:390)
	at org.eclipse.jdt.internal.junit.runner.RemoteTestRunner.main(RemoteTestRunner.java:197)

</error>
          </testcase>
          <testcase name="testOverLowerLimitInteger" classname="com.runwaysdk.dataaccess.AttributeValidationTest" time="0.002">
            <error>com.runwaysdk.dataaccess.attributes.AttributeValueException: [-13] is not a valid value for Attribute [testInteger] on type [test.xmlclasses.Class1] - the value cannot be less than [-4.0].
	at com.runwaysdk.dataaccess.attributes.entity.AttributeNumber.validateRange(AttributeNumber.java:116)
	at com.runwaysdk.dataaccess.attributes.entity.AttributeNumber.validate(AttributeNumber.java:70)
	at com.runwaysdk.dataaccess.attributes.entity.AttributeInteger.validate(AttributeInteger.java:72)
	at com.runwaysdk.dataaccess.attributes.entity.Attribute.setValue(Attribute.java:389)
	at com.runwaysdk.dataaccess.attributes.entity.Attribute.setValueAndValidate(Attribute.java:457)
	at com.runwaysdk.dataaccess.EntityDAO.setValue(EntityDAO.java:431)
	at com.runwaysdk.dataaccess.AttributeValidationTest.testOverLowerLimitInteger(AttributeValidationTest.java:499)
	at sun.reflect.NativeMethodAccessorImpl.invoke0(Native Method)
	at sun.reflect.NativeMethodAccessorImpl.invoke(NativeMethodAccessorImpl.java:39)
	at sun.reflect.DelegatingMethodAccessorImpl.invoke(DelegatingMethodAccessorImpl.java:25)
	at java.lang.reflect.Method.invoke(Method.java:597)
	at junit.framework.TestCase.runTest(TestCase.java:154)
	at junit.framework.TestCase.runBare(TestCase.java:127)
	at junit.framework.TestResult$1.protect(TestResult.java:106)
	at junit.framework.TestResult.runProtected(TestResult.java:124)
	at junit.framework.TestResult.run(TestResult.java:109)
	at junit.framework.TestCase.run(TestCase.java:118)
	at com.runwaysdk.dataaccess.AttributeValidationTest.run(AttributeValidationTest.java:64)
	at junit.framework.TestSuite.runTest(TestSuite.java:208)
	at junit.framework.TestSuite.run(TestSuite.java:203)
	at junit.framework.TestSuite.runTest(TestSuite.java:208)
	at junit.framework.TestSuite.run(TestSuite.java:203)
	at junit.extensions.TestDecorator.basicRun(TestDecorator.java:22)
	at junit.extensions.TestSetup$1.protect(TestSetup.java:19)
	at junit.framework.TestResult.runProtected(TestResult.java:124)
	at junit.extensions.TestSetup.run(TestSetup.java:23)
	at junit.framework.TestSuite.runTest(TestSuite.java:208)
	at junit.framework.TestSuite.run(TestSuite.java:203)
	at org.eclipse.jdt.internal.junit.runner.junit3.JUnit3TestReference.run(JUnit3TestReference.java:130)
	at org.eclipse.jdt.internal.junit.runner.TestExecution.run(TestExecution.java:38)
	at org.eclipse.jdt.internal.junit.runner.RemoteTestRunner.runTests(RemoteTestRunner.java:467)
	at org.eclipse.jdt.internal.junit.runner.RemoteTestRunner.runTests(RemoteTestRunner.java:683)
	at org.eclipse.jdt.internal.junit.runner.RemoteTestRunner.run(RemoteTestRunner.java:390)
	at org.eclipse.jdt.internal.junit.runner.RemoteTestRunner.main(RemoteTestRunner.java:197)

</error>
          </testcase>
          <testcase name="testFailDateBeforeExclusive" classname="com.runwaysdk.dataaccess.AttributeValidationTest" time="0.002"/>
          <testcase name="testSameDateBeforeExclusive" classname="com.runwaysdk.dataaccess.AttributeValidationTest" time="0.002"/>
          <testcase name="testDateBeforeExclusive" classname="com.runwaysdk.dataaccess.AttributeValidationTest" time="0.006"/>
          <testcase name="testFailDateBeforeInclusive" classname="com.runwaysdk.dataaccess.AttributeValidationTest" time="0.002"/>
          <testcase name="testSameDateBeforeInclusive" classname="com.runwaysdk.dataaccess.AttributeValidationTest" time="0.005"/>
          <testcase name="testDateBeforeInclusive" classname="com.runwaysdk.dataaccess.AttributeValidationTest" time="0.007"/>
          <testcase name="testFailDateAfterExclusive" classname="com.runwaysdk.dataaccess.AttributeValidationTest" time="0.001"/>
          <testcase name="testSameDateAfterExclusive" classname="com.runwaysdk.dataaccess.AttributeValidationTest" time="0.001"/>
          <testcase name="testDateAfterExclusive" classname="com.runwaysdk.dataaccess.AttributeValidationTest" time="0.009"/>
          <testcase name="testFailDateAfterInclusive" classname="com.runwaysdk.dataaccess.AttributeValidationTest" time="0.001"/>
          <testcase name="testSameDateAfterInclusive" classname="com.runwaysdk.dataaccess.AttributeValidationTest" time="0.006"/>
          <testcase name="testDateAfterInclusive" classname="com.runwaysdk.dataaccess.AttributeValidationTest" time="0.009"/>
          <testcase name="testDateBetween" classname="com.runwaysdk.dataaccess.AttributeValidationTest" time="0.006"/>
          <testcase name="testDateOutsideBetween" classname="com.runwaysdk.dataaccess.AttributeValidationTest" time="50.56"/>
        </testsuite>
      </testsuite>
    </testsuite>
    <testsuite name="com.runwaysdk.dataaccess.ClassAndAttributeDimensionBuilderTest.1" time="146.52">
      <testsuite name="junit.framework.TestSuite" time="146.52">
        <testsuite name="com.runwaysdk.dataaccess.ClassAndAttributeDimensionBuilderTest" time="146.52">
          <testcase name="testGetMdClasses" classname="com.runwaysdk.dataaccess.ClassAndAttributeDimensionBuilderTest" time="7.959"/>
          <testcase name="testGetMdAttributes" classname="com.runwaysdk.dataaccess.ClassAndAttributeDimensionBuilderTest" time="0.654"/>
          <testcase name="testBuildMdClasses" classname="com.runwaysdk.dataaccess.ClassAndAttributeDimensionBuilderTest" time="2.141"/>
          <testcase name="testBuildMdAttributes" classname="com.runwaysdk.dataaccess.ClassAndAttributeDimensionBuilderTest" time="1.522"/>
          <testcase name="testDifferentSiteMasterMdClass" classname="com.runwaysdk.dataaccess.ClassAndAttributeDimensionBuilderTest" time="1.447"/>
          <testcase name="testDifferentSiteMasterMdAttribute" classname="com.runwaysdk.dataaccess.ClassAndAttributeDimensionBuilderTest" time="1.407"/>
          <testcase name="testSequenceNumberMdClass" classname="com.runwaysdk.dataaccess.ClassAndAttributeDimensionBuilderTest" time="1.464"/>
          <testcase name="testSequenceMdAttribute" classname="com.runwaysdk.dataaccess.ClassAndAttributeDimensionBuilderTest" time="1.418"/>
          <testcase name="testMainDifferentSiteMasterMdClass" classname="com.runwaysdk.dataaccess.ClassAndAttributeDimensionBuilderTest" time="7.359"/>
          <testcase name="testMainDifferentSiteMasterMdAttribute" classname="com.runwaysdk.dataaccess.ClassAndAttributeDimensionBuilderTest" time="121.149"/>
        </testsuite>
      </testsuite>
    </testsuite>
    <testsuite name="com.runwaysdk.dataaccess.FieldConditionTest.1" time="16.948">
      <testsuite name="junit.framework.TestSuite" time="16.948">
        <testsuite name="com.runwaysdk.dataaccess.FieldConditionTest" time="16.948">
          <testcase name="testDateCondition" classname="com.runwaysdk.dataaccess.FieldConditionTest" time="0.638"/>
          <testcase name="testDoubleCondition" classname="com.runwaysdk.dataaccess.FieldConditionTest" time="0.35"/>
          <testcase name="testLongCondition" classname="com.runwaysdk.dataaccess.FieldConditionTest" time="0.333"/>
          <testcase name="testCharacterCondition" classname="com.runwaysdk.dataaccess.FieldConditionTest" time="0.388"/>
          <testcase name="testAndCondition" classname="com.runwaysdk.dataaccess.FieldConditionTest" time="1.095"/>
          <testcase name="testFieldDeleteWithCondition" classname="com.runwaysdk.dataaccess.FieldConditionTest" time="0.45"/>
          <testcase name="testGetCondition" classname="com.runwaysdk.dataaccess.FieldConditionTest" time="0.459"/>
          <testcase name="testConditionGrouping" classname="com.runwaysdk.dataaccess.FieldConditionTest" time="0.691"/>
          <testcase name="testMultipleConditionGrouping" classname="com.runwaysdk.dataaccess.FieldConditionTest" time="12.543"/>
        </testsuite>
      </testsuite>
    </testsuite>
  </testsuite>
</testrun>
